#
# There is insufficient memory for the Java Runtime Environment to continue.
# Native memory allocation (malloc) failed to allocate 1488336 bytes for Chunk::new
# Possible reasons:
#   The system is out of physical RAM or swap space
#   The process is running with CompressedOops enabled, and the Java Heap may be blocking the growth of the native heap
# Possible solutions:
#   Reduce memory load on the system
#   Increase physical memory or swap space
#   Check if swap backing store is full
#   Decrease Java heap size (-Xmx/-Xms)
#   Decrease number of Java threads
#   Decrease Java thread stack sizes (-Xss)
#   Set larger code cache with -XX:ReservedCodeCacheSize=
#   JVM is running with Unscaled Compressed Oops mode in which the Java heap is
#     placed in the first 4GB address space. The Java Heap base address is the
#     maximum limit for the native heap growth. Please use -XX:HeapBaseMinAddress
#     to set the Java Heap base and to place the Java Heap above 4GB virtual address.
# This output file may be truncated or incomplete.
#
#  Out of Memory Error (./src/hotspot/share/memory/arena.cpp:197), pid=11200, tid=16272
#
# JRE version: OpenJDK Runtime Environment 18.9 (11.0.14.1+1) (build 11.0.14.1+1)
# Java VM: OpenJDK 64-Bit Server VM 18.9 (11.0.14.1+1, mixed mode, tiered, compressed oops, g1 gc, windows-amd64)
# No core dump will be written. Minidumps are not enabled by default on client versions of Windows
#

---------------  S U M M A R Y ------------

Command Line: -XX:MaxMetaspaceSize=512m --add-opens=java.base/java.util=ALL-UNNAMED --add-opens=java.base/java.lang=ALL-UNNAMED --add-opens=java.base/java.lang.invoke=ALL-UNNAMED --add-opens=java.prefs/java.util.prefs=ALL-UNNAMED --add-opens=java.base/java.nio.charset=ALL-UNNAMED --add-opens=java.base/java.net=ALL-UNNAMED --add-opens=java.base/java.util.concurrent.atomic=ALL-UNNAMED -Xmx2048m -Dfile.encoding=windows-1252 -Duser.country=ZA -Duser.language=en -Duser.variant org.gradle.launcher.daemon.bootstrap.GradleDaemon 8.0.1

Host: AMD Ryzen 5 3500U with Radeon Vega Mobile Gfx  , 8 cores, 5G,  Windows 11 , 64 bit Build 22000 (10.0.22000.2124)
Time: Fri Oct 20 21:09:15 2023 South Africa Standard Time elapsed time: 108.561364 seconds (0d 0h 1m 48s)

---------------  T H R E A D  ---------------

Current thread (0x0000020e54657800):  JavaThread "C2 CompilerThread2" daemon [_thread_in_native, id=16272, stack(0x000000db40400000,0x000000db40500000)]


Current CompileTask:
C2: 108561 16756       4       org.gradle.api.internal.artifacts.transform.AttributeMatchingVariantSelector::doSelect (365 bytes)

Stack: [0x000000db40400000,0x000000db40500000]
Native frames: (J=compiled Java code, j=interpreted, Vv=VM code, C=native code)
V  [jvm.dll+0x619a2a]
V  [jvm.dll+0x756479]
V  [jvm.dll+0x757b68]
V  [jvm.dll+0x758243]
V  [jvm.dll+0x24d898]
V  [jvm.dll+0xc145c]
V  [jvm.dll+0xc1a1c]
V  [jvm.dll+0x356d07]
V  [jvm.dll+0x19d071]
V  [jvm.dll+0x206d32]
V  [jvm.dll+0x205e0d]
V  [jvm.dll+0x187dd1]
V  [jvm.dll+0x215664]
V  [jvm.dll+0x2138ab]
V  [jvm.dll+0x719160]
V  [jvm.dll+0x7120c4]
V  [jvm.dll+0x618886]
C  [ucrtbase.dll+0x26c0c]
C  [KERNEL32.DLL+0x155a0]
C  [ntdll.dll+0x485b]


---------------  P R O C E S S  ---------------

Threads class SMR info:
_java_thread_list=0x0000020e494018b0, length=139, elements={
0x0000020e24b97000, 0x0000020e43c11000, 0x0000020e43c1b800, 0x0000020e43c73800,
0x0000020e43c77000, 0x0000020e43c78000, 0x0000020e44582800, 0x0000020e44586000,
0x0000020e43c7b000, 0x0000020e446f7000, 0x0000020e45f32000, 0x0000020e46570800,
0x0000020e46b2e800, 0x0000020e46836800, 0x0000020e457a0800, 0x0000020e467c7000,
0x0000020e467c7800, 0x0000020e467c8800, 0x0000020e467c9800, 0x0000020e487b9000,
0x0000020e487b8800, 0x0000020e487bd800, 0x0000020e487bb800, 0x0000020e487b7800,
0x0000020e487bf800, 0x0000020e487c0800, 0x0000020e487c4000, 0x0000020e487be000,
0x0000020e487c4800, 0x0000020e487c3000, 0x0000020e46b35000, 0x0000020e46b2f800,
0x0000020e46b38800, 0x0000020e4acdc000, 0x0000020e4acd3000, 0x0000020e4acd4000,
0x0000020e4acd4800, 0x0000020e4acd8000, 0x0000020e4acd6800, 0x0000020e4acd5800,
0x0000020e4acd7000, 0x0000020e4acd2000, 0x0000020e4acd9800, 0x0000020e4acda800,
0x0000020e4acd8800, 0x0000020e4acdf800, 0x0000020e4acdd000, 0x0000020e4acdb000,
0x0000020e4acdd800, 0x0000020e4acde800, 0x0000020e4ace0000, 0x0000020e4ace1000,
0x0000020e46b36000, 0x0000020e46b32800, 0x0000020e46b34000, 0x0000020e46b33800,
0x0000020e46b30000, 0x0000020e46b36800, 0x0000020e46b31000, 0x0000020e46b37800,
0x0000020e46b32000, 0x0000020e46b3d000, 0x0000020e46b3b000, 0x0000020e46b39000,
0x0000020e46b3a000, 0x0000020e46b3c800, 0x0000020e46b3e000, 0x0000020e487bc800,
0x0000020e487bb000, 0x0000020e487ba000, 0x0000020e487b6800, 0x0000020e487c5800,
0x0000020e487c1800, 0x0000020e487c2000, 0x0000020e4ad0e000, 0x0000020e4ad12000,
0x0000020e4ad0f000, 0x0000020e4ad0d800, 0x0000020e4ad10800, 0x0000020e4ad14000,
0x0000020e4ad11800, 0x0000020e4ad0f800, 0x0000020e4ad13000, 0x0000020e457a7800,
0x0000020e457a7000, 0x0000020e457a6000, 0x0000020e457a2000, 0x0000020e457a5000,
0x0000020e457a8800, 0x0000020e457a2800, 0x0000020e457a9000, 0x0000020e457a4800,
0x0000020e457a3800, 0x0000020e457af800, 0x0000020e457ab800, 0x0000020e457ab000,
0x0000020e457aa000, 0x0000020e457ae000, 0x0000020e457b0800, 0x0000020e457af000,
0x0000020e457ac800, 0x0000020e457ad800, 0x0000020e4e0c0800, 0x0000020e4e0bd800,
0x0000020e4e0be000, 0x0000020e4e0bf000, 0x0000020e4e0c2000, 0x0000020e4e0bc800,
0x0000020e4e0c4000, 0x0000020e4e0c3000, 0x0000020e4e0c4800, 0x0000020e4e0c1800,
0x0000020e4e0c5800, 0x0000020e4e0bf800, 0x0000020e4e0c7000, 0x0000020e4e0c6800,
0x0000020e4e0c8000, 0x0000020e4e0c9800, 0x0000020e4e0ca800, 0x0000020e4e0c8800,
0x0000020e4e0cb000, 0x0000020e4dc60000, 0x0000020e4dc5f800, 0x0000020e4dc61000,
0x0000020e4dc5d000, 0x0000020e4dc5b000, 0x0000020e4dc5d800, 0x0000020e4dc5c000,
0x0000020e4dc63800, 0x0000020e4dc61800, 0x0000020e4dc62800, 0x0000020e4dc64000,
0x0000020e4dc5e800, 0x0000020e4dc69000, 0x0000020e4dc68000, 0x0000020e5287e800,
0x0000020e54657800, 0x0000020e4dc6a000, 0x0000020e4dc66000
}

Java Threads: ( => current thread )
  0x0000020e24b97000 JavaThread "main" [_thread_blocked, id=20068, stack(0x000000db36d00000,0x000000db36e00000)]
  0x0000020e43c11000 JavaThread "Reference Handler" daemon [_thread_blocked, id=14380, stack(0x000000db37400000,0x000000db37500000)]
  0x0000020e43c1b800 JavaThread "Finalizer" daemon [_thread_blocked, id=9756, stack(0x000000db37500000,0x000000db37600000)]
  0x0000020e43c73800 JavaThread "Signal Dispatcher" daemon [_thread_blocked, id=21096, stack(0x000000db37600000,0x000000db37700000)]
  0x0000020e43c77000 JavaThread "Attach Listener" daemon [_thread_blocked, id=25544, stack(0x000000db37700000,0x000000db37800000)]
  0x0000020e43c78000 JavaThread "Service Thread" daemon [_thread_blocked, id=23180, stack(0x000000db37800000,0x000000db37900000)]
  0x0000020e44582800 JavaThread "C2 CompilerThread0" daemon [_thread_blocked, id=25412, stack(0x000000db37900000,0x000000db37a00000)]
  0x0000020e44586000 JavaThread "C1 CompilerThread0" daemon [_thread_blocked, id=8456, stack(0x000000db37a00000,0x000000db37b00000)]
  0x0000020e43c7b000 JavaThread "Sweeper thread" daemon [_thread_blocked, id=10916, stack(0x000000db37b00000,0x000000db37c00000)]
  0x0000020e446f7000 JavaThread "Common-Cleaner" daemon [_thread_blocked, id=17060, stack(0x000000db37c00000,0x000000db37d00000)]
  0x0000020e45f32000 JavaThread "Daemon health stats" [_thread_blocked, id=25288, stack(0x000000db37e00000,0x000000db37f00000)]
  0x0000020e46570800 JavaThread "Incoming local TCP Connector on port 52592" [_thread_in_native, id=7596, stack(0x000000db38200000,0x000000db38300000)]
  0x0000020e46b2e800 JavaThread "Daemon periodic checks" [_thread_blocked, id=9040, stack(0x000000db38300000,0x000000db38400000)]
  0x0000020e46836800 JavaThread "Daemon" [_thread_blocked, id=2120, stack(0x000000db38400000,0x000000db38500000)]
  0x0000020e457a0800 JavaThread "Daemon worker" [_thread_blocked, id=23616, stack(0x000000db38700000,0x000000db38800000)]
  0x0000020e467c7000 JavaThread "Cache worker for journal cache (C:\Users\Vutlhari_Mashimbyi\.gradle\caches\journal-1)" [_thread_blocked, id=17040, stack(0x000000db38b00000,0x000000db38c00000)]
  0x0000020e467c7800 JavaThread "File lock request listener" [_thread_in_native, id=1888, stack(0x000000db38c00000,0x000000db38d00000)]
  0x0000020e467c8800 JavaThread "Cache worker for file hash cache (C:\Users\Vutlhari_Mashimbyi\.gradle\caches\8.0.1\fileHashes)" [_thread_blocked, id=15348, stack(0x000000db39200000,0x000000db39300000)]
  0x0000020e467c9800 JavaThread "File watcher server" daemon [_thread_in_native, id=12124, stack(0x000000db39300000,0x000000db39400000)]
  0x0000020e487b9000 JavaThread "File watcher consumer" daemon [_thread_blocked, id=1356, stack(0x000000db39400000,0x000000db39500000)]
  0x0000020e487b8800 JavaThread "Cache worker for file content cache (C:\Users\Vutlhari_Mashimbyi\.gradle\caches\8.0.1\fileContent)" [_thread_blocked, id=25556, stack(0x000000db39700000,0x000000db39800000)]
  0x0000020e487bd800 JavaThread "Cache worker for execution history cache (C:\Users\Vutlhari_Mashimbyi\.gradle\caches\8.0.1\executionHistory)" [_thread_blocked, id=23752, stack(0x000000db39a00000,0x000000db39b00000)]
  0x0000020e487bb800 JavaThread "jar transforms" [_thread_blocked, id=25204, stack(0x000000db39b00000,0x000000db39c00000)]
  0x0000020e487b7800 JavaThread "jar transforms Thread 2" [_thread_blocked, id=24980, stack(0x000000db39c00000,0x000000db39d00000)]
  0x0000020e487bf800 JavaThread "jar transforms Thread 3" [_thread_blocked, id=22128, stack(0x000000db39d00000,0x000000db39e00000)]
  0x0000020e487c0800 JavaThread "jar transforms Thread 4" [_thread_blocked, id=24088, stack(0x000000db39e00000,0x000000db39f00000)]
  0x0000020e487c4000 JavaThread "Cache worker for kotlin-dsl (C:\Users\Vutlhari_Mashimbyi\.gradle\caches\8.0.1\kotlin-dsl)" [_thread_blocked, id=25060, stack(0x000000db39f00000,0x000000db3a000000)]
  0x0000020e487be000 JavaThread "jar transforms Thread 5" [_thread_blocked, id=16412, stack(0x000000db3a000000,0x000000db3a100000)]
  0x0000020e487c4800 JavaThread "jar transforms Thread 6" [_thread_blocked, id=24916, stack(0x000000db3a100000,0x000000db3a200000)]
  0x0000020e487c3000 JavaThread "jar transforms Thread 7" [_thread_blocked, id=24060, stack(0x000000db3a400000,0x000000db3a500000)]
  0x0000020e46b35000 JavaThread "jar transforms Thread 8" [_thread_blocked, id=22792, stack(0x000000db3c000000,0x000000db3c100000)]
  0x0000020e46b2f800 JavaThread "Memory manager" [_thread_blocked, id=24180, stack(0x000000db3c100000,0x000000db3c200000)]
  0x0000020e46b38800 JavaThread "included builds" [_thread_blocked, id=18560, stack(0x000000db3c500000,0x000000db3c600000)]
  0x0000020e4acdc000 JavaThread "pool-3-thread-1" [_thread_blocked, id=23168, stack(0x000000db36a00000,0x000000db36b00000)]
  0x0000020e4acd3000 JavaThread "Handler for socket connection from /127.0.0.1:52592 to /127.0.0.1:52758" [_thread_in_native, id=3284, stack(0x000000db36b00000,0x000000db36c00000)]
  0x0000020e4acd4000 JavaThread "Cancel handler" [_thread_blocked, id=10236, stack(0x000000db36c00000,0x000000db36d00000)]
  0x0000020e4acd4800 JavaThread "Asynchronous log dispatcher for DefaultDaemonConnection: socket connection from /127.0.0.1:52592 to /127.0.0.1:52758" [_thread_blocked, id=4048, stack(0x000000db38500000,0x000000db38600000)]
  0x0000020e4acd8000 JavaThread "Stdin handler" [_thread_blocked, id=22532, stack(0x000000db38600000,0x000000db38700000)]
  0x0000020e4acd6800 JavaThread "Daemon client event forwarder" [_thread_blocked, id=25500, stack(0x000000db38800000,0x000000db38900000)]
  0x0000020e4acd5800 JavaThread "Cache worker for checksums cache (C:\Users\Vutlhari_Mashimbyi\Documents\SoftwareEngineering\final_year_project\frontend\campuzCart\android\.gradle\8.0.1\checksums)" [_thread_blocked, id=25276, stack(0x000000db38900000,0x000000db38a00000)]
  0x0000020e4acd7000 JavaThread "Cache worker for cache directory md-rule (C:\Users\Vutlhari_Mashimbyi\.gradle\caches\8.0.1\md-rule)" [_thread_blocked, id=8176, stack(0x000000db38a00000,0x000000db38b00000)]
  0x0000020e4acd2000 JavaThread "Cache worker for file hash cache (C:\Users\Vutlhari_Mashimbyi\Documents\SoftwareEngineering\final_year_project\frontend\campuzCart\android\.gradle\8.0.1\fileHashes)" [_thread_blocked, id=15452, stack(0x000000db39500000,0x000000db39600000)]
  0x0000020e4acd9800 JavaThread "Cache worker for cache directory md-supplier (C:\Users\Vutlhari_Mashimbyi\.gradle\caches\8.0.1\md-supplier)" [_thread_blocked, id=4576, stack(0x000000db39600000,0x000000db39700000)]
  0x0000020e4acda800 JavaThread "Cache worker for dependencies-accessors (C:\Users\Vutlhari_Mashimbyi\Documents\SoftwareEngineering\final_year_project\frontend\campuzCart\android\.gradle\8.0.1\dependencies-accessors)" [_thread_blocked, id=25036, stack(0x000000db39900000,0x000000db39a00000)]
  0x0000020e4acd8800 JavaThread "Cache worker for Build Output Cleanup Cache (C:\Users\Vutlhari_Mashimbyi\Documents\SoftwareEngineering\final_year_project\frontend\campuzCart\node_modules\@react-native\gradle-plugin\.gradle\buildOutputCleanup)" [_thread_blocked, id=21916, stack(0x000000db3a200000,0x000000db3a300000)]
  0x0000020e4acdf800 JavaThread "Unconstrained build operations" [_thread_blocked, id=19272, stack(0x000000db3a300000,0x000000db3a400000)]
  0x0000020e4acdd000 JavaThread "Unconstrained build operations Thread 2" [_thread_blocked, id=15284, stack(0x000000db3a600000,0x000000db3a700000)]
  0x0000020e4acdb000 JavaThread "Unconstrained build operations Thread 3" [_thread_blocked, id=19232, stack(0x000000db3a700000,0x000000db3a800000)]
  0x0000020e4acdd800 JavaThread "Unconstrained build operations Thread 4" [_thread_blocked, id=25148, stack(0x000000db3a800000,0x000000db3a900000)]
  0x0000020e4acde800 JavaThread "Unconstrained build operations Thread 5" [_thread_blocked, id=22944, stack(0x000000db3a900000,0x000000db3aa00000)]
  0x0000020e4ace0000 JavaThread "Unconstrained build operations Thread 6" [_thread_blocked, id=21844, stack(0x000000db3aa00000,0x000000db3ab00000)]
  0x0000020e4ace1000 JavaThread "Unconstrained build operations Thread 7" [_thread_blocked, id=22400, stack(0x000000db3ab00000,0x000000db3ac00000)]
  0x0000020e46b36000 JavaThread "Unconstrained build operations Thread 8" [_thread_blocked, id=20744, stack(0x000000db3ac00000,0x000000db3ad00000)]
  0x0000020e46b32800 JavaThread "Unconstrained build operations Thread 9" [_thread_blocked, id=20060, stack(0x000000db3ad00000,0x000000db3ae00000)]
  0x0000020e46b34000 JavaThread "Unconstrained build operations Thread 10" [_thread_blocked, id=4816, stack(0x000000db3ae00000,0x000000db3af00000)]
  0x0000020e46b33800 JavaThread "Unconstrained build operations Thread 11" [_thread_blocked, id=17416, stack(0x000000db3af00000,0x000000db3b000000)]
  0x0000020e46b30000 JavaThread "Unconstrained build operations Thread 12" [_thread_blocked, id=16072, stack(0x000000db3b000000,0x000000db3b100000)]
  0x0000020e46b36800 JavaThread "Unconstrained build operations Thread 13" [_thread_blocked, id=24216, stack(0x000000db3b100000,0x000000db3b200000)]
  0x0000020e46b31000 JavaThread "Unconstrained build operations Thread 14" [_thread_blocked, id=13852, stack(0x000000db3b200000,0x000000db3b300000)]
  0x0000020e46b37800 JavaThread "Unconstrained build operations Thread 15" [_thread_blocked, id=15944, stack(0x000000db3b300000,0x000000db3b400000)]
  0x0000020e46b32000 JavaThread "Unconstrained build operations Thread 16" [_thread_blocked, id=5284, stack(0x000000db3b400000,0x000000db3b500000)]
  0x0000020e46b3d000 JavaThread "Unconstrained build operations Thread 17" [_thread_blocked, id=19380, stack(0x000000db3b500000,0x000000db3b600000)]
  0x0000020e46b3b000 JavaThread "Unconstrained build operations Thread 18" [_thread_blocked, id=24664, stack(0x000000db3b600000,0x000000db3b700000)]
  0x0000020e46b39000 JavaThread "Unconstrained build operations Thread 19" [_thread_blocked, id=25520, stack(0x000000db3b700000,0x000000db3b800000)]
  0x0000020e46b3a000 JavaThread "Unconstrained build operations Thread 20" [_thread_blocked, id=10908, stack(0x000000db3b800000,0x000000db3b900000)]
  0x0000020e46b3c800 JavaThread "Unconstrained build operations Thread 21" [_thread_blocked, id=22752, stack(0x000000db3b900000,0x000000db3ba00000)]
  0x0000020e46b3e000 JavaThread "Unconstrained build operations Thread 22" [_thread_blocked, id=21560, stack(0x000000db3ba00000,0x000000db3bb00000)]
  0x0000020e487bc800 JavaThread "Unconstrained build operations Thread 23" [_thread_blocked, id=23584, stack(0x000000db3bb00000,0x000000db3bc00000)]
  0x0000020e487bb000 JavaThread "Unconstrained build operations Thread 24" [_thread_blocked, id=6216, stack(0x000000db3bc00000,0x000000db3bd00000)]
  0x0000020e487ba000 JavaThread "Unconstrained build operations Thread 25" [_thread_blocked, id=18304, stack(0x000000db3bd00000,0x000000db3be00000)]
  0x0000020e487b6800 JavaThread "Unconstrained build operations Thread 26" [_thread_blocked, id=2656, stack(0x000000db3be00000,0x000000db3bf00000)]
  0x0000020e487c5800 JavaThread "Cache worker for Build Output Cleanup Cache (C:\Users\Vutlhari_Mashimbyi\Documents\SoftwareEngineering\final_year_project\frontend\campuzCart\android\.gradle\buildOutputCleanup)" [_thread_blocked, id=25220, stack(0x000000db3bf00000,0x000000db3c000000)]
  0x0000020e487c1800 JavaThread "included builds" [_thread_blocked, id=18060, stack(0x000000db3c400000,0x000000db3c500000)]
  0x0000020e487c2000 JavaThread "Execution worker" [_thread_blocked, id=24756, stack(0x000000db3c600000,0x000000db3c700000)]
  0x0000020e4ad0e000 JavaThread "Execution worker Thread 2" [_thread_blocked, id=3804, stack(0x000000db3c700000,0x000000db3c800000)]
  0x0000020e4ad12000 JavaThread "Execution worker Thread 3" [_thread_blocked, id=22108, stack(0x000000db3c800000,0x000000db3c900000)]
  0x0000020e4ad0f000 JavaThread "Execution worker Thread 4" [_thread_blocked, id=25292, stack(0x000000db3c900000,0x000000db3ca00000)]
  0x0000020e4ad0d800 JavaThread "Execution worker Thread 5" [_thread_blocked, id=24284, stack(0x000000db3ca00000,0x000000db3cb00000)]
  0x0000020e4ad10800 JavaThread "Execution worker Thread 6" [_thread_blocked, id=23632, stack(0x000000db3cb00000,0x000000db3cc00000)]
  0x0000020e4ad14000 JavaThread "Execution worker Thread 7" [_thread_blocked, id=22812, stack(0x000000db3cc00000,0x000000db3cd00000)]
  0x0000020e4ad11800 JavaThread "Cache worker for execution history cache (C:\Users\Vutlhari_Mashimbyi\Documents\SoftwareEngineering\final_year_project\frontend\campuzCart\node_modules\@react-native\gradle-plugin\.gradle\8.0.1\executionHistory)" [_thread_blocked, id=17036, stack(0x000000db3cd00000,0x000000db3ce00000)]
  0x0000020e4ad0f800 JavaThread "Unconstrained build operations Thread 27" [_thread_blocked, id=23392, stack(0x000000db3ce00000,0x000000db3cf00000)]
  0x0000020e4ad13000 JavaThread "Unconstrained build operations Thread 28" [_thread_blocked, id=4840, stack(0x000000db3cf00000,0x000000db3d000000)]
  0x0000020e457a7800 JavaThread "Unconstrained build operations Thread 29" [_thread_blocked, id=10616, stack(0x000000db3d000000,0x000000db3d100000)]
  0x0000020e457a7000 JavaThread "Unconstrained build operations Thread 30" [_thread_blocked, id=25136, stack(0x000000db3d100000,0x000000db3d200000)]
  0x0000020e457a6000 JavaThread "Unconstrained build operations Thread 31" [_thread_blocked, id=18440, stack(0x000000db3d200000,0x000000db3d300000)]
  0x0000020e457a2000 JavaThread "Unconstrained build operations Thread 32" [_thread_blocked, id=3544, stack(0x000000db3d300000,0x000000db3d400000)]
  0x0000020e457a5000 JavaThread "Unconstrained build operations Thread 33" [_thread_blocked, id=23688, stack(0x000000db3d400000,0x000000db3d500000)]
  0x0000020e457a8800 JavaThread "Unconstrained build operations Thread 34" [_thread_blocked, id=22476, stack(0x000000db3d500000,0x000000db3d600000)]
  0x0000020e457a2800 JavaThread "Unconstrained build operations Thread 35" [_thread_blocked, id=21244, stack(0x000000db3d600000,0x000000db3d700000)]
  0x0000020e457a9000 JavaThread "Unconstrained build operations Thread 36" [_thread_blocked, id=6660, stack(0x000000db3d700000,0x000000db3d800000)]
  0x0000020e457a4800 JavaThread "Unconstrained build operations Thread 37" [_thread_blocked, id=852, stack(0x000000db3d800000,0x000000db3d900000)]
  0x0000020e457a3800 JavaThread "Unconstrained build operations Thread 38" [_thread_blocked, id=17612, stack(0x000000db3d900000,0x000000db3da00000)]
  0x0000020e457af800 JavaThread "Unconstrained build operations Thread 39" [_thread_blocked, id=25280, stack(0x000000db3da00000,0x000000db3db00000)]
  0x0000020e457ab800 JavaThread "Unconstrained build operations Thread 40" [_thread_blocked, id=23988, stack(0x000000db3db00000,0x000000db3dc00000)]
  0x0000020e457ab000 JavaThread "Unconstrained build operations Thread 41" [_thread_blocked, id=16828, stack(0x000000db3dc00000,0x000000db3dd00000)]
  0x0000020e457aa000 JavaThread "Unconstrained build operations Thread 42" [_thread_blocked, id=16456, stack(0x000000db3dd00000,0x000000db3de00000)]
  0x0000020e457ae000 JavaThread "Unconstrained build operations Thread 43" [_thread_blocked, id=16728, stack(0x000000db3de00000,0x000000db3df00000)]
  0x0000020e457b0800 JavaThread "Unconstrained build operations Thread 44" [_thread_blocked, id=23256, stack(0x000000db3df00000,0x000000db3e000000)]
  0x0000020e457af000 JavaThread "Unconstrained build operations Thread 45" [_thread_blocked, id=22016, stack(0x000000db3e000000,0x000000db3e100000)]
  0x0000020e457ac800 JavaThread "Unconstrained build operations Thread 46" [_thread_blocked, id=10108, stack(0x000000db3e100000,0x000000db3e200000)]
  0x0000020e457ad800 JavaThread "Unconstrained build operations Thread 47" [_thread_blocked, id=17660, stack(0x000000db3e200000,0x000000db3e300000)]
  0x0000020e4e0c0800 JavaThread "Unconstrained build operations Thread 48" [_thread_blocked, id=17172, stack(0x000000db3e300000,0x000000db3e400000)]
  0x0000020e4e0bd800 JavaThread "Unconstrained build operations Thread 49" [_thread_blocked, id=23852, stack(0x000000db3e400000,0x000000db3e500000)]
  0x0000020e4e0be000 JavaThread "Unconstrained build operations Thread 50" [_thread_blocked, id=23040, stack(0x000000db3e500000,0x000000db3e600000)]
  0x0000020e4e0bf000 JavaThread "Unconstrained build operations Thread 51" [_thread_blocked, id=21320, stack(0x000000db3e600000,0x000000db3e700000)]
  0x0000020e4e0c2000 JavaThread "Unconstrained build operations Thread 52" [_thread_blocked, id=5312, stack(0x000000db3e700000,0x000000db3e800000)]
  0x0000020e4e0bc800 JavaThread "Unconstrained build operations Thread 53" [_thread_blocked, id=19560, stack(0x000000db3e800000,0x000000db3e900000)]
  0x0000020e4e0c4000 JavaThread "Unconstrained build operations Thread 54" [_thread_blocked, id=24240, stack(0x000000db3e900000,0x000000db3ea00000)]
  0x0000020e4e0c3000 JavaThread "Unconstrained build operations Thread 55" [_thread_blocked, id=19924, stack(0x000000db3ea00000,0x000000db3eb00000)]
  0x0000020e4e0c4800 JavaThread "Unconstrained build operations Thread 56" [_thread_blocked, id=25540, stack(0x000000db3eb00000,0x000000db3ec00000)]
  0x0000020e4e0c1800 JavaThread "Unconstrained build operations Thread 57" [_thread_blocked, id=25428, stack(0x000000db3ec00000,0x000000db3ed00000)]
  0x0000020e4e0c5800 JavaThread "Unconstrained build operations Thread 58" [_thread_blocked, id=13884, stack(0x000000db3ed00000,0x000000db3ee00000)]
  0x0000020e4e0bf800 JavaThread "Unconstrained build operations Thread 59" [_thread_blocked, id=20532, stack(0x000000db3ee00000,0x000000db3ef00000)]
  0x0000020e4e0c7000 JavaThread "Unconstrained build operations Thread 60" [_thread_blocked, id=23324, stack(0x000000db3ef00000,0x000000db3f000000)]
  0x0000020e4e0c6800 JavaThread "Unconstrained build operations Thread 61" [_thread_blocked, id=22132, stack(0x000000db3f000000,0x000000db3f100000)]
  0x0000020e4e0c8000 JavaThread "Unconstrained build operations Thread 62" [_thread_blocked, id=17832, stack(0x000000db3f100000,0x000000db3f200000)]
  0x0000020e4e0c9800 JavaThread "Unconstrained build operations Thread 63" [_thread_blocked, id=20396, stack(0x000000db3f200000,0x000000db3f300000)]
  0x0000020e4e0ca800 JavaThread "Unconstrained build operations Thread 64" [_thread_blocked, id=1776, stack(0x000000db3f300000,0x000000db3f400000)]
  0x0000020e4e0c8800 JavaThread "Unconstrained build operations Thread 65" [_thread_blocked, id=10436, stack(0x000000db3f400000,0x000000db3f500000)]
  0x0000020e4e0cb000 JavaThread "Unconstrained build operations Thread 66" [_thread_blocked, id=5836, stack(0x000000db3f500000,0x000000db3f600000)]
  0x0000020e4dc60000 JavaThread "Unconstrained build operations Thread 67" [_thread_blocked, id=23064, stack(0x000000db3f600000,0x000000db3f700000)]
  0x0000020e4dc5f800 JavaThread "Unconstrained build operations Thread 68" [_thread_blocked, id=15952, stack(0x000000db3f700000,0x000000db3f800000)]
  0x0000020e4dc61000 JavaThread "Unconstrained build operations Thread 69" [_thread_blocked, id=17128, stack(0x000000db3f800000,0x000000db3f900000)]
  0x0000020e4dc5d000 JavaThread "Unconstrained build operations Thread 70" [_thread_blocked, id=17696, stack(0x000000db3f900000,0x000000db3fa00000)]
  0x0000020e4dc5b000 JavaThread "Unconstrained build operations Thread 71" [_thread_blocked, id=24460, stack(0x000000db3fa00000,0x000000db3fb00000)]
  0x0000020e4dc5d800 JavaThread "Unconstrained build operations Thread 72" [_thread_blocked, id=24952, stack(0x000000db3fb00000,0x000000db3fc00000)]
  0x0000020e4dc5c000 JavaThread "Unconstrained build operations Thread 73" [_thread_blocked, id=10340, stack(0x000000db3fc00000,0x000000db3fd00000)]
  0x0000020e4dc63800 JavaThread "Unconstrained build operations Thread 74" [_thread_blocked, id=660, stack(0x000000db3fd00000,0x000000db3fe00000)]
  0x0000020e4dc61800 JavaThread "Unconstrained build operations Thread 75" [_thread_blocked, id=476, stack(0x000000db3fe00000,0x000000db3ff00000)]
  0x0000020e4dc62800 JavaThread "Unconstrained build operations Thread 76" [_thread_blocked, id=13164, stack(0x000000db3ff00000,0x000000db40000000)]
  0x0000020e4dc64000 JavaThread "Unconstrained build operations Thread 77" [_thread_blocked, id=20908, stack(0x000000db40000000,0x000000db40100000)]
  0x0000020e4dc5e800 JavaThread "Unconstrained build operations Thread 78" [_thread_blocked, id=15992, stack(0x000000db40100000,0x000000db40200000)]
  0x0000020e4dc69000 JavaThread "Unconstrained build operations Thread 79" [_thread_blocked, id=18856, stack(0x000000db40200000,0x000000db40300000)]
  0x0000020e4dc68000 JavaThread "Unconstrained build operations Thread 80" [_thread_blocked, id=9600, stack(0x000000db40300000,0x000000db40400000)]
  0x0000020e5287e800 JavaThread "C2 CompilerThread1" daemon [_thread_blocked, id=23152, stack(0x000000db39800000,0x000000db39900000)]
=>0x0000020e54657800 JavaThread "C2 CompilerThread2" daemon [_thread_in_native, id=16272, stack(0x000000db40400000,0x000000db40500000)]
  0x0000020e4dc6a000 JavaThread "pool-6-thread-1" [_thread_blocked, id=24556, stack(0x000000db40500000,0x000000db40600000)]
  0x0000020e4dc66000 JavaThread "build event listener" [_thread_blocked, id=25560, stack(0x000000db40600000,0x000000db40700000)]

Other Threads:
  0x0000020e43c0d000 VMThread "VM Thread" [stack: 0x000000db37300000,0x000000db37400000] [id=19604]
  0x0000020e44714000 WatcherThread [stack: 0x000000db37d00000,0x000000db37e00000] [id=22720]
  0x0000020e24bb0800 GCTaskThread "GC Thread#0" [stack: 0x000000db36e00000,0x000000db36f00000] [id=11012]
  0x0000020e44b8b800 GCTaskThread "GC Thread#1" [stack: 0x000000db37f00000,0x000000db38000000] [id=19768]
  0x0000020e465df000 GCTaskThread "GC Thread#2" [stack: 0x000000db38000000,0x000000db38100000] [id=1704]
  0x0000020e4667b800 GCTaskThread "GC Thread#3" [stack: 0x000000db38100000,0x000000db38200000] [id=16396]
  0x0000020e4586d800 GCTaskThread "GC Thread#4" [stack: 0x000000db38d00000,0x000000db38e00000] [id=19312]
  0x0000020e45510800 GCTaskThread "GC Thread#5" [stack: 0x000000db38e00000,0x000000db38f00000] [id=16440]
  0x0000020e45511000 GCTaskThread "GC Thread#6" [stack: 0x000000db38f00000,0x000000db39000000] [id=23816]
  0x0000020e4596f000 GCTaskThread "GC Thread#7" [stack: 0x000000db39000000,0x000000db39100000] [id=23284]
  0x0000020e24be0800 ConcurrentGCThread "G1 Main Marker" [stack: 0x000000db36f00000,0x000000db37000000] [id=20516]
  0x0000020e24be2800 ConcurrentGCThread "G1 Conc#0" [stack: 0x000000db37000000,0x000000db37100000] [id=22560]
  0x0000020e45b2d800 ConcurrentGCThread "G1 Conc#1" [stack: 0x000000db39100000,0x000000db39200000] [id=23952]
  0x0000020e24c69800 ConcurrentGCThread "G1 Refine#0" [stack: 0x000000db37100000,0x000000db37200000] [id=5364]
  0x0000020e24c6d000 ConcurrentGCThread "G1 Young RemSet Sampling" [stack: 0x000000db37200000,0x000000db37300000] [id=23920]

Threads with active compile tasks:
C2 CompilerThread0 108672 17149       4       com.google.common.cache.LocalCache$Segment::recordWrite (72 bytes)
C1 CompilerThread0 108673 17166       3       org.gradle.internal.execution.history.impl.FileSystemSnapshotSerializer::read (330 bytes)
C2 CompilerThread1 108673 17120       4       org.gradle.api.internal.cache.StringInterner::intern (9 bytes)
C2 CompilerThread2 108673 16756       4       org.gradle.api.internal.artifacts.transform.AttributeMatchingVariantSelector::doSelect (365 bytes)

VM state:at safepoint (normal execution)

VM Mutex/Monitor currently owned by a thread:  ([mutex/lock_event])
[0x0000020e24b92630] Threads_lock - owner thread: 0x0000020e43c0d000
[0x0000020e24b92d80] Heap_lock - owner thread: 0x0000020e457a7000

Heap address: 0x0000000080000000, size: 2048 MB, Compressed Oops mode: 32-bit
Narrow klass base: 0x0000000000000000, Narrow klass shift: 3
Compressed class space size: 528482304 Address: 0x0000000100000000

Heap:
 garbage-first heap   total 274432K, used 225263K [0x0000000080000000, 0x0000000100000000)
  region size 1024K, 43 young (44032K), 4 survivors (4096K)
 Metaspace       used 129242K, capacity 133658K, committed 133840K, reserved 632832K
  class space    used 16533K, capacity 18237K, committed 18304K, reserved 516096K
Heap Regions: E=young(eden), S=young(survivor), O=old, HS=humongous(starts), HC=humongous(continues), CS=collection set, F=free, A=archive, TAMS=top-at-mark-start (previous, next)
|   0|0x0000000080000000, 0x0000000080100000, 0x0000000080100000|100%|HS|  |TAMS 0x0000000080100000, 0x0000000080000000| Complete 
|   1|0x0000000080100000, 0x0000000080200000, 0x0000000080200000|100%|HC|  |TAMS 0x0000000080200000, 0x0000000080100000| Complete 
|   2|0x0000000080200000, 0x0000000080300000, 0x0000000080300000|100%|HC|  |TAMS 0x0000000080300000, 0x0000000080200000| Complete 
|   3|0x0000000080300000, 0x0000000080400000, 0x0000000080400000|100%|HC|  |TAMS 0x0000000080400000, 0x0000000080300000| Complete 
|   4|0x0000000080400000, 0x0000000080500000, 0x0000000080500000|100%| O|  |TAMS 0x0000000080500000, 0x0000000080400000| Untracked 
|   5|0x0000000080500000, 0x0000000080600000, 0x0000000080600000|100%| O|  |TAMS 0x0000000080600000, 0x0000000080500000| Untracked 
|   6|0x0000000080600000, 0x0000000080700000, 0x0000000080700000|100%| O|  |TAMS 0x0000000080700000, 0x0000000080600000| Untracked 
|   7|0x0000000080700000, 0x0000000080800000, 0x0000000080800000|100%| O|  |TAMS 0x0000000080800000, 0x0000000080700000| Untracked 
|   8|0x0000000080800000, 0x0000000080900000, 0x0000000080900000|100%| O|  |TAMS 0x0000000080900000, 0x0000000080800000| Untracked 
|   9|0x0000000080900000, 0x0000000080a00000, 0x0000000080a00000|100%| O|  |TAMS 0x0000000080a00000, 0x0000000080900000| Untracked 
|  10|0x0000000080a00000, 0x0000000080b00000, 0x0000000080b00000|100%| O|  |TAMS 0x0000000080b00000, 0x0000000080a00000| Untracked 
|  11|0x0000000080b00000, 0x0000000080c00000, 0x0000000080c00000|100%| O|  |TAMS 0x0000000080c00000, 0x0000000080b00000| Untracked 
|  12|0x0000000080c00000, 0x0000000080d00000, 0x0000000080d00000|100%| O|  |TAMS 0x0000000080d00000, 0x0000000080c00000| Untracked 
|  13|0x0000000080d00000, 0x0000000080e00000, 0x0000000080e00000|100%| O|  |TAMS 0x0000000080e00000, 0x0000000080d00000| Untracked 
|  14|0x0000000080e00000, 0x0000000080f00000, 0x0000000080f00000|100%| O|  |TAMS 0x0000000080f00000, 0x0000000080e00000| Untracked 
|  15|0x0000000080f00000, 0x0000000081000000, 0x0000000081000000|100%| O|  |TAMS 0x0000000081000000, 0x0000000080f00000| Untracked 
|  16|0x0000000081000000, 0x0000000081100000, 0x0000000081100000|100%| O|  |TAMS 0x0000000081100000, 0x0000000081000000| Untracked 
|  17|0x0000000081100000, 0x0000000081200000, 0x0000000081200000|100%| O|  |TAMS 0x0000000081200000, 0x0000000081100000| Untracked 
|  18|0x0000000081200000, 0x0000000081300000, 0x0000000081300000|100%| O|  |TAMS 0x0000000081300000, 0x0000000081200000| Untracked 
|  19|0x0000000081300000, 0x0000000081400000, 0x0000000081400000|100%| O|  |TAMS 0x0000000081400000, 0x0000000081300000| Untracked 
|  20|0x0000000081400000, 0x0000000081500000, 0x0000000081500000|100%| O|  |TAMS 0x0000000081500000, 0x0000000081400000| Untracked 
|  21|0x0000000081500000, 0x0000000081600000, 0x0000000081600000|100%| O|  |TAMS 0x0000000081600000, 0x0000000081500000| Untracked 
|  22|0x0000000081600000, 0x0000000081700000, 0x0000000081700000|100%| O|  |TAMS 0x0000000081700000, 0x0000000081600000| Untracked 
|  23|0x0000000081700000, 0x0000000081800000, 0x0000000081800000|100%| O|  |TAMS 0x0000000081800000, 0x0000000081700000| Untracked 
|  24|0x0000000081800000, 0x0000000081900000, 0x0000000081900000|100%| O|  |TAMS 0x0000000081900000, 0x0000000081800000| Untracked 
|  25|0x0000000081900000, 0x0000000081a00000, 0x0000000081a00000|100%| O|  |TAMS 0x0000000081a00000, 0x0000000081900000| Untracked 
|  26|0x0000000081a00000, 0x0000000081b00000, 0x0000000081b00000|100%| O|  |TAMS 0x0000000081b00000, 0x0000000081a00000| Untracked 
|  27|0x0000000081b00000, 0x0000000081c00000, 0x0000000081c00000|100%| O|  |TAMS 0x0000000081c00000, 0x0000000081b00000| Untracked 
|  28|0x0000000081c00000, 0x0000000081d00000, 0x0000000081d00000|100%| O|  |TAMS 0x0000000081d00000, 0x0000000081c00000| Untracked 
|  29|0x0000000081d00000, 0x0000000081e00000, 0x0000000081e00000|100%| O|  |TAMS 0x0000000081e00000, 0x0000000081d00000| Untracked 
|  30|0x0000000081e00000, 0x0000000081f00000, 0x0000000081f00000|100%| O|  |TAMS 0x0000000081f00000, 0x0000000081e00000| Untracked 
|  31|0x0000000081f00000, 0x0000000082000000, 0x0000000082000000|100%| O|  |TAMS 0x0000000082000000, 0x0000000081f00000| Untracked 
|  32|0x0000000082000000, 0x0000000082100000, 0x0000000082100000|100%|HS|  |TAMS 0x0000000082100000, 0x0000000082000000| Complete 
|  33|0x0000000082100000, 0x0000000082200000, 0x0000000082200000|100%|HC|  |TAMS 0x0000000082200000, 0x0000000082100000| Complete 
|  34|0x0000000082200000, 0x0000000082300000, 0x0000000082300000|100%|HS|  |TAMS 0x0000000082300000, 0x0000000082200000| Complete 
|  35|0x0000000082300000, 0x0000000082400000, 0x0000000082400000|100%|HC|  |TAMS 0x0000000082400000, 0x0000000082300000| Complete 
|  36|0x0000000082400000, 0x0000000082500000, 0x0000000082500000|100%|HC|  |TAMS 0x0000000082500000, 0x0000000082400000| Complete 
|  37|0x0000000082500000, 0x0000000082600000, 0x0000000082600000|100%|HC|  |TAMS 0x0000000082600000, 0x0000000082500000| Complete 
|  38|0x0000000082600000, 0x0000000082700000, 0x0000000082700000|100%| O|  |TAMS 0x0000000082700000, 0x0000000082600000| Untracked 
|  39|0x0000000082700000, 0x0000000082800000, 0x0000000082800000|100%| O|  |TAMS 0x0000000082800000, 0x0000000082700000| Untracked 
|  40|0x0000000082800000, 0x0000000082900000, 0x0000000082900000|100%| O|  |TAMS 0x0000000082900000, 0x0000000082800000| Untracked 
|  41|0x0000000082900000, 0x0000000082a00000, 0x0000000082a00000|100%| O|  |TAMS 0x0000000082a00000, 0x0000000082900000| Untracked 
|  42|0x0000000082a00000, 0x0000000082b00000, 0x0000000082b00000|100%| O|  |TAMS 0x0000000082b00000, 0x0000000082a00000| Untracked 
|  43|0x0000000082b00000, 0x0000000082c00000, 0x0000000082c00000|100%| O|  |TAMS 0x0000000082c00000, 0x0000000082b00000| Untracked 
|  44|0x0000000082c00000, 0x0000000082d00000, 0x0000000082d00000|100%| O|  |TAMS 0x0000000082d00000, 0x0000000082c00000| Untracked 
|  45|0x0000000082d00000, 0x0000000082e00000, 0x0000000082e00000|100%| O|  |TAMS 0x0000000082e00000, 0x0000000082d00000| Untracked 
|  46|0x0000000082e00000, 0x0000000082f00000, 0x0000000082f00000|100%| O|  |TAMS 0x0000000082f00000, 0x0000000082e00000| Untracked 
|  47|0x0000000082f00000, 0x0000000083000000, 0x0000000083000000|100%| O|  |TAMS 0x0000000083000000, 0x0000000082f00000| Untracked 
|  48|0x0000000083000000, 0x0000000083100000, 0x0000000083100000|100%| O|  |TAMS 0x0000000083100000, 0x0000000083000000| Untracked 
|  49|0x0000000083100000, 0x0000000083200000, 0x0000000083200000|100%| O|  |TAMS 0x0000000083200000, 0x0000000083100000| Untracked 
|  50|0x0000000083200000, 0x0000000083300000, 0x0000000083300000|100%| O|  |TAMS 0x0000000083300000, 0x0000000083200000| Untracked 
|  51|0x0000000083300000, 0x0000000083400000, 0x0000000083400000|100%| O|  |TAMS 0x0000000083400000, 0x0000000083300000| Untracked 
|  52|0x0000000083400000, 0x0000000083500000, 0x0000000083500000|100%| O|  |TAMS 0x0000000083500000, 0x0000000083400000| Untracked 
|  53|0x0000000083500000, 0x0000000083600000, 0x0000000083600000|100%| O|  |TAMS 0x0000000083600000, 0x0000000083500000| Untracked 
|  54|0x0000000083600000, 0x0000000083700000, 0x0000000083700000|100%| O|  |TAMS 0x0000000083700000, 0x0000000083600000| Untracked 
|  55|0x0000000083700000, 0x0000000083800000, 0x0000000083800000|100%| O|  |TAMS 0x0000000083700000, 0x0000000083700000| Untracked 
|  56|0x0000000083800000, 0x0000000083900000, 0x0000000083900000|100%| O|  |TAMS 0x0000000083800000, 0x0000000083800000| Untracked 
|  57|0x0000000083900000, 0x0000000083a00000, 0x0000000083a00000|100%| O|  |TAMS 0x0000000083a00000, 0x0000000083900000| Untracked 
|  58|0x0000000083a00000, 0x0000000083b00000, 0x0000000083b00000|100%| O|  |TAMS 0x0000000083b00000, 0x0000000083a00000| Untracked 
|  59|0x0000000083b00000, 0x0000000083c00000, 0x0000000083c00000|100%| O|  |TAMS 0x0000000083c00000, 0x0000000083b00000| Untracked 
|  60|0x0000000083c00000, 0x0000000083d00000, 0x0000000083d00000|100%|HS|  |TAMS 0x0000000083d00000, 0x0000000083c00000| Complete 
|  61|0x0000000083d00000, 0x0000000083e00000, 0x0000000083e00000|100%| O|  |TAMS 0x0000000083e00000, 0x0000000083d00000| Untracked 
|  62|0x0000000083e00000, 0x0000000083f00000, 0x0000000083f00000|100%|HS|  |TAMS 0x0000000083f00000, 0x0000000083e00000| Complete 
|  63|0x0000000083f00000, 0x0000000084000000, 0x0000000084000000|100%| O|  |TAMS 0x0000000084000000, 0x0000000083f00000| Untracked 
|  64|0x0000000084000000, 0x0000000084100000, 0x0000000084100000|100%| O|  |TAMS 0x0000000084100000, 0x0000000084000000| Untracked 
|  65|0x0000000084100000, 0x0000000084200000, 0x0000000084200000|100%| O|  |TAMS 0x0000000084200000, 0x0000000084100000| Untracked 
|  66|0x0000000084200000, 0x0000000084300000, 0x0000000084300000|100%| O|  |TAMS 0x0000000084300000, 0x0000000084200000| Untracked 
|  67|0x0000000084300000, 0x0000000084400000, 0x0000000084400000|100%| O|  |TAMS 0x0000000084400000, 0x0000000084300000| Untracked 
|  68|0x0000000084400000, 0x0000000084500000, 0x0000000084500000|100%| O|  |TAMS 0x0000000084400000, 0x0000000084400000| Untracked 
|  69|0x0000000084500000, 0x0000000084600000, 0x0000000084600000|100%| O|  |TAMS 0x0000000084600000, 0x0000000084500000| Untracked 
|  70|0x0000000084600000, 0x0000000084700000, 0x0000000084700000|100%| O|  |TAMS 0x0000000084700000, 0x0000000084600000| Untracked 
|  71|0x0000000084700000, 0x0000000084800000, 0x0000000084800000|100%| O|  |TAMS 0x0000000084800000, 0x0000000084700000| Untracked 
|  72|0x0000000084800000, 0x0000000084900000, 0x0000000084900000|100%| O|  |TAMS 0x0000000084900000, 0x0000000084800000| Untracked 
|  73|0x0000000084900000, 0x0000000084a00000, 0x0000000084a00000|100%| O|  |TAMS 0x0000000084a00000, 0x0000000084900000| Untracked 
|  74|0x0000000084a00000, 0x0000000084b00000, 0x0000000084b00000|100%| O|  |TAMS 0x0000000084b00000, 0x0000000084a00000| Untracked 
|  75|0x0000000084b00000, 0x0000000084c00000, 0x0000000084c00000|100%| O|  |TAMS 0x0000000084c00000, 0x0000000084b00000| Untracked 
|  76|0x0000000084c00000, 0x0000000084d00000, 0x0000000084d00000|100%| O|  |TAMS 0x0000000084c00000, 0x0000000084c00000| Untracked 
|  77|0x0000000084d00000, 0x0000000084e00000, 0x0000000084e00000|100%| O|  |TAMS 0x0000000084d00000, 0x0000000084d00000| Untracked 
|  78|0x0000000084e00000, 0x0000000084f00000, 0x0000000084f00000|100%| O|  |TAMS 0x0000000084e00000, 0x0000000084e00000| Untracked 
|  79|0x0000000084f00000, 0x0000000085000000, 0x0000000085000000|100%| O|  |TAMS 0x0000000085000000, 0x0000000084f00000| Untracked 
|  80|0x0000000085000000, 0x0000000085100000, 0x0000000085100000|100%| O|  |TAMS 0x0000000085100000, 0x0000000085000000| Untracked 
|  81|0x0000000085100000, 0x0000000085200000, 0x0000000085200000|100%| O|  |TAMS 0x0000000085200000, 0x0000000085100000| Untracked 
|  82|0x0000000085200000, 0x0000000085300000, 0x0000000085300000|100%| O|  |TAMS 0x0000000085300000, 0x0000000085200000| Untracked 
|  83|0x0000000085300000, 0x0000000085400000, 0x0000000085400000|100%| O|  |TAMS 0x0000000085400000, 0x0000000085300000| Untracked 
|  84|0x0000000085400000, 0x0000000085500000, 0x0000000085500000|100%| O|  |TAMS 0x0000000085500000, 0x0000000085400000| Untracked 
|  85|0x0000000085500000, 0x0000000085600000, 0x0000000085600000|100%| O|  |TAMS 0x0000000085600000, 0x0000000085500000| Untracked 
|  86|0x0000000085600000, 0x0000000085700000, 0x0000000085700000|100%| O|  |TAMS 0x0000000085600000, 0x0000000085600000| Untracked 
|  87|0x0000000085700000, 0x0000000085800000, 0x0000000085800000|100%| O|  |TAMS 0x0000000085700000, 0x0000000085700000| Untracked 
|  88|0x0000000085800000, 0x0000000085900000, 0x0000000085900000|100%| O|  |TAMS 0x0000000085800000, 0x0000000085800000| Untracked 
|  89|0x0000000085900000, 0x0000000085a00000, 0x0000000085a00000|100%|HS|  |TAMS 0x0000000085a00000, 0x0000000085900000| Complete 
|  90|0x0000000085a00000, 0x0000000085b00000, 0x0000000085b00000|100%|HS|  |TAMS 0x0000000085b00000, 0x0000000085a00000| Complete 
|  91|0x0000000085b00000, 0x0000000085c00000, 0x0000000085c00000|100%|HS|  |TAMS 0x0000000085c00000, 0x0000000085b00000| Complete 
|  92|0x0000000085c00000, 0x0000000085d00000, 0x0000000085d00000|100%|HS|  |TAMS 0x0000000085d00000, 0x0000000085c00000| Complete 
|  93|0x0000000085d00000, 0x0000000085e00000, 0x0000000085e00000|100%|HC|  |TAMS 0x0000000085e00000, 0x0000000085d00000| Complete 
|  94|0x0000000085e00000, 0x0000000085f00000, 0x0000000085f00000|100%|HC|  |TAMS 0x0000000085f00000, 0x0000000085e00000| Complete 
|  95|0x0000000085f00000, 0x0000000086000000, 0x0000000086000000|100%| O|  |TAMS 0x0000000086000000, 0x0000000085f00000| Untracked 
|  96|0x0000000086000000, 0x0000000086100000, 0x0000000086100000|100%| O|  |TAMS 0x0000000086000000, 0x0000000086000000| Untracked 
|  97|0x0000000086100000, 0x0000000086200000, 0x0000000086200000|100%| O|  |TAMS 0x0000000086200000, 0x0000000086100000| Untracked 
|  98|0x0000000086200000, 0x0000000086300000, 0x0000000086300000|100%|HS|  |TAMS 0x0000000086300000, 0x0000000086200000| Complete 
|  99|0x0000000086300000, 0x0000000086400000, 0x0000000086400000|100%|HC|  |TAMS 0x0000000086400000, 0x0000000086300000| Complete 
| 100|0x0000000086400000, 0x0000000086500000, 0x0000000086500000|100%| O|  |TAMS 0x0000000086500000, 0x0000000086400000| Untracked 
| 101|0x0000000086500000, 0x0000000086600000, 0x0000000086600000|100%| O|  |TAMS 0x0000000086600000, 0x0000000086500000| Untracked 
| 102|0x0000000086600000, 0x0000000086700000, 0x0000000086700000|100%| O|  |TAMS 0x0000000086700000, 0x0000000086600000| Untracked 
| 103|0x0000000086700000, 0x0000000086800000, 0x0000000086800000|100%| O|  |TAMS 0x0000000086800000, 0x0000000086700000| Untracked 
| 104|0x0000000086800000, 0x0000000086900000, 0x0000000086900000|100%| O|  |TAMS 0x0000000086900000, 0x0000000086800000| Untracked 
| 105|0x0000000086900000, 0x0000000086a00000, 0x0000000086a00000|100%| O|  |TAMS 0x0000000086a00000, 0x0000000086900000| Untracked 
| 106|0x0000000086a00000, 0x0000000086b00000, 0x0000000086b00000|100%| O|  |TAMS 0x0000000086b00000, 0x0000000086a00000| Untracked 
| 107|0x0000000086b00000, 0x0000000086c00000, 0x0000000086c00000|100%| O|  |TAMS 0x0000000086b00000, 0x0000000086b00000| Untracked 
| 108|0x0000000086c00000, 0x0000000086d00000, 0x0000000086d00000|100%| O|  |TAMS 0x0000000086c00000, 0x0000000086c00000| Untracked 
| 109|0x0000000086d00000, 0x0000000086e00000, 0x0000000086e00000|100%| O|  |TAMS 0x0000000086d00000, 0x0000000086d00000| Untracked 
| 110|0x0000000086e00000, 0x0000000086f00000, 0x0000000086f00000|100%| O|  |TAMS 0x0000000086e00000, 0x0000000086e00000| Untracked 
| 111|0x0000000086f00000, 0x0000000087000000, 0x0000000087000000|100%| O|  |TAMS 0x0000000086f00000, 0x0000000086f00000| Untracked 
| 112|0x0000000087000000, 0x0000000087100000, 0x0000000087100000|100%| O|  |TAMS 0x0000000087000000, 0x0000000087000000| Untracked 
| 113|0x0000000087100000, 0x0000000087200000, 0x0000000087200000|100%| O|  |TAMS 0x0000000087100000, 0x0000000087100000| Untracked 
| 114|0x0000000087200000, 0x0000000087300000, 0x0000000087300000|100%| O|  |TAMS 0x0000000087200000, 0x0000000087200000| Untracked 
| 115|0x0000000087300000, 0x0000000087400000, 0x0000000087400000|100%|HS|  |TAMS 0x0000000087400000, 0x0000000087300000| Complete 
| 116|0x0000000087400000, 0x0000000087500000, 0x0000000087500000|100%|HS|  |TAMS 0x0000000087500000, 0x0000000087400000| Complete 
| 117|0x0000000087500000, 0x0000000087600000, 0x0000000087600000|100%|HS|  |TAMS 0x0000000087600000, 0x0000000087500000| Complete 
| 118|0x0000000087600000, 0x0000000087700000, 0x0000000087700000|100%|HS|  |TAMS 0x0000000087700000, 0x0000000087600000| Complete 
| 119|0x0000000087700000, 0x0000000087800000, 0x0000000087800000|100%|HC|  |TAMS 0x0000000087800000, 0x0000000087700000| Complete 
| 120|0x0000000087800000, 0x0000000087900000, 0x0000000087900000|100%|HC|  |TAMS 0x0000000087900000, 0x0000000087800000| Complete 
| 121|0x0000000087900000, 0x0000000087a00000, 0x0000000087a00000|100%| O|  |TAMS 0x0000000087900000, 0x0000000087900000| Untracked 
| 122|0x0000000087a00000, 0x0000000087b00000, 0x0000000087b00000|100%| O|  |TAMS 0x0000000087a00000, 0x0000000087a00000| Untracked 
| 123|0x0000000087b00000, 0x0000000087c00000, 0x0000000087c00000|100%|HS|  |TAMS 0x0000000087c00000, 0x0000000087b00000| Complete 
| 124|0x0000000087c00000, 0x0000000087d00000, 0x0000000087d00000|100%| O|  |TAMS 0x0000000087d00000, 0x0000000087c00000| Untracked 
| 125|0x0000000087d00000, 0x0000000087e00000, 0x0000000087e00000|100%| O|  |TAMS 0x0000000087e00000, 0x0000000087d00000| Untracked 
| 126|0x0000000087e00000, 0x0000000087f00000, 0x0000000087f00000|100%| O|  |TAMS 0x0000000087f00000, 0x0000000087e00000| Untracked 
| 127|0x0000000087f00000, 0x0000000088000000, 0x0000000088000000|100%| O|  |TAMS 0x0000000088000000, 0x0000000087f00000| Untracked 
| 128|0x0000000088000000, 0x0000000088100000, 0x0000000088100000|100%| O|  |TAMS 0x0000000088100000, 0x0000000088000000| Untracked 
| 129|0x0000000088100000, 0x0000000088200000, 0x0000000088200000|100%| O|  |TAMS 0x0000000088100000, 0x0000000088100000| Untracked 
| 130|0x0000000088200000, 0x0000000088300000, 0x0000000088300000|100%| O|  |TAMS 0x0000000088300000, 0x0000000088200000| Untracked 
| 131|0x0000000088300000, 0x0000000088400000, 0x0000000088400000|100%| O|  |TAMS 0x0000000088300000, 0x0000000088300000| Untracked 
| 132|0x0000000088400000, 0x0000000088500000, 0x0000000088500000|100%| O|  |TAMS 0x0000000088500000, 0x0000000088400000| Untracked 
| 133|0x0000000088500000, 0x0000000088600000, 0x0000000088600000|100%| O|  |TAMS 0x0000000088600000, 0x0000000088500000| Untracked 
| 134|0x0000000088600000, 0x0000000088700000, 0x0000000088700000|100%| O|  |TAMS 0x0000000088700000, 0x0000000088600000| Untracked 
| 135|0x0000000088700000, 0x0000000088754600, 0x0000000088800000| 32%| O|  |TAMS 0x0000000088700000, 0x0000000088700000| Untracked 
| 136|0x0000000088800000, 0x0000000088900000, 0x0000000088900000|100%|HS|  |TAMS 0x0000000088900000, 0x0000000088800000| Complete 
| 137|0x0000000088900000, 0x0000000088a00000, 0x0000000088a00000|100%|HS|  |TAMS 0x0000000088a00000, 0x0000000088900000| Complete 
| 138|0x0000000088a00000, 0x0000000088b00000, 0x0000000088b00000|100%| O|  |TAMS 0x0000000088a00000, 0x0000000088a00000| Untracked 
| 139|0x0000000088b00000, 0x0000000088c00000, 0x0000000088c00000|100%| O|  |TAMS 0x0000000088b00000, 0x0000000088b00000| Untracked 
| 140|0x0000000088c00000, 0x0000000088d00000, 0x0000000088d00000|100%| O|  |TAMS 0x0000000088c00000, 0x0000000088c00000| Untracked 
| 141|0x0000000088d00000, 0x0000000088e00000, 0x0000000088e00000|100%| O|  |TAMS 0x0000000088d00000, 0x0000000088d00000| Untracked 
| 142|0x0000000088e00000, 0x0000000088e00000, 0x0000000088f00000|  0%| F|  |TAMS 0x0000000088e00000, 0x0000000088e00000| Untracked 
| 143|0x0000000088f00000, 0x0000000088f00000, 0x0000000089000000|  0%| F|  |TAMS 0x0000000088f00000, 0x0000000088f00000| Untracked 
| 144|0x0000000089000000, 0x0000000089000000, 0x0000000089100000|  0%| F|  |TAMS 0x0000000089000000, 0x0000000089000000| Untracked 
| 145|0x0000000089100000, 0x0000000089200000, 0x0000000089200000|100%| O|  |TAMS 0x0000000089200000, 0x0000000089100000| Untracked 
| 146|0x0000000089200000, 0x0000000089300000, 0x0000000089300000|100%| O|  |TAMS 0x0000000089300000, 0x0000000089200000| Untracked 
| 147|0x0000000089300000, 0x0000000089300000, 0x0000000089400000|  0%| F|  |TAMS 0x0000000089300000, 0x0000000089300000| Untracked 
| 148|0x0000000089400000, 0x0000000089500000, 0x0000000089500000|100%| O|  |TAMS 0x0000000089500000, 0x0000000089400000| Untracked 
| 149|0x0000000089500000, 0x0000000089600000, 0x0000000089600000|100%| O|  |TAMS 0x0000000089600000, 0x0000000089500000| Untracked 
| 150|0x0000000089600000, 0x0000000089700000, 0x0000000089700000|100%| O|  |TAMS 0x0000000089700000, 0x0000000089600000| Untracked 
| 151|0x0000000089700000, 0x0000000089800000, 0x0000000089800000|100%| O|  |TAMS 0x0000000089800000, 0x0000000089700000| Untracked 
| 152|0x0000000089800000, 0x0000000089900000, 0x0000000089900000|100%| O|  |TAMS 0x0000000089900000, 0x0000000089800000| Untracked 
| 153|0x0000000089900000, 0x0000000089a00000, 0x0000000089a00000|100%| O|  |TAMS 0x0000000089a00000, 0x0000000089900000| Untracked 
| 154|0x0000000089a00000, 0x0000000089a00000, 0x0000000089b00000|  0%| F|  |TAMS 0x0000000089a00000, 0x0000000089a00000| Untracked 
| 155|0x0000000089b00000, 0x0000000089c00000, 0x0000000089c00000|100%| O|  |TAMS 0x0000000089c00000, 0x0000000089b00000| Untracked 
| 156|0x0000000089c00000, 0x0000000089d00000, 0x0000000089d00000|100%| O|  |TAMS 0x0000000089d00000, 0x0000000089c00000| Untracked 
| 157|0x0000000089d00000, 0x0000000089d00000, 0x0000000089e00000|  0%| F|  |TAMS 0x0000000089d00000, 0x0000000089d00000| Untracked 
| 158|0x0000000089e00000, 0x0000000089e00000, 0x0000000089f00000|  0%| F|  |TAMS 0x0000000089e00000, 0x0000000089e00000| Untracked 
| 159|0x0000000089f00000, 0x0000000089f00000, 0x000000008a000000|  0%| F|  |TAMS 0x0000000089f00000, 0x0000000089f00000| Untracked 
| 160|0x000000008a000000, 0x000000008a000000, 0x000000008a100000|  0%| F|  |TAMS 0x000000008a000000, 0x000000008a000000| Untracked 
| 161|0x000000008a100000, 0x000000008a100000, 0x000000008a200000|  0%| F|  |TAMS 0x000000008a100000, 0x000000008a100000| Untracked 
| 162|0x000000008a200000, 0x000000008a200000, 0x000000008a300000|  0%| F|  |TAMS 0x000000008a200000, 0x000000008a200000| Untracked 
| 163|0x000000008a300000, 0x000000008a300000, 0x000000008a400000|  0%| F|  |TAMS 0x000000008a300000, 0x000000008a300000| Untracked 
| 164|0x000000008a400000, 0x000000008a400000, 0x000000008a500000|  0%| F|  |TAMS 0x000000008a400000, 0x000000008a400000| Untracked 
| 165|0x000000008a500000, 0x000000008a500000, 0x000000008a600000|  0%| F|  |TAMS 0x000000008a500000, 0x000000008a500000| Untracked 
| 166|0x000000008a600000, 0x000000008a600000, 0x000000008a700000|  0%| F|  |TAMS 0x000000008a600000, 0x000000008a600000| Untracked 
| 167|0x000000008a700000, 0x000000008a700000, 0x000000008a800000|  0%| F|  |TAMS 0x000000008a700000, 0x000000008a700000| Untracked 
| 168|0x000000008a800000, 0x000000008a800000, 0x000000008a900000|  0%| F|  |TAMS 0x000000008a800000, 0x000000008a800000| Untracked 
| 169|0x000000008a900000, 0x000000008a900000, 0x000000008aa00000|  0%| F|  |TAMS 0x000000008a900000, 0x000000008a900000| Untracked 
| 170|0x000000008aa00000, 0x000000008aa00000, 0x000000008ab00000|  0%| F|  |TAMS 0x000000008aa00000, 0x000000008aa00000| Untracked 
| 171|0x000000008ab00000, 0x000000008ab00000, 0x000000008ac00000|  0%| F|  |TAMS 0x000000008ab00000, 0x000000008ab00000| Untracked 
| 172|0x000000008ac00000, 0x000000008ad00000, 0x000000008ad00000|100%| O|  |TAMS 0x000000008ad00000, 0x000000008ac00000| Untracked 
| 173|0x000000008ad00000, 0x000000008ae00000, 0x000000008ae00000|100%| O|  |TAMS 0x000000008ae00000, 0x000000008ad00000| Untracked 
| 174|0x000000008ae00000, 0x000000008af00000, 0x000000008af00000|100%| O|  |TAMS 0x000000008af00000, 0x000000008ae00000| Untracked 
| 175|0x000000008af00000, 0x000000008b000000, 0x000000008b000000|100%| O|  |TAMS 0x000000008b000000, 0x000000008af00000| Untracked 
| 176|0x000000008b000000, 0x000000008b100000, 0x000000008b100000|100%| O|  |TAMS 0x000000008b100000, 0x000000008b000000| Untracked 
| 177|0x000000008b100000, 0x000000008b200000, 0x000000008b200000|100%| O|  |TAMS 0x000000008b200000, 0x000000008b100000| Untracked 
| 178|0x000000008b200000, 0x000000008b300000, 0x000000008b300000|100%| O|  |TAMS 0x000000008b300000, 0x000000008b200000| Untracked 
| 179|0x000000008b300000, 0x000000008b400000, 0x000000008b400000|100%| O|  |TAMS 0x000000008b400000, 0x000000008b300000| Untracked 
| 180|0x000000008b400000, 0x000000008b500000, 0x000000008b500000|100%| O|  |TAMS 0x000000008b500000, 0x000000008b400000| Untracked 
| 181|0x000000008b500000, 0x000000008b600000, 0x000000008b600000|100%| O|  |TAMS 0x000000008b600000, 0x000000008b500000| Untracked 
| 182|0x000000008b600000, 0x000000008b700000, 0x000000008b700000|100%| O|  |TAMS 0x000000008b700000, 0x000000008b600000| Untracked 
| 183|0x000000008b700000, 0x000000008b800000, 0x000000008b800000|100%| O|  |TAMS 0x000000008b800000, 0x000000008b700000| Untracked 
| 184|0x000000008b800000, 0x000000008b900000, 0x000000008b900000|100%| O|  |TAMS 0x000000008b900000, 0x000000008b800000| Untracked 
| 185|0x000000008b900000, 0x000000008ba00000, 0x000000008ba00000|100%| O|  |TAMS 0x000000008ba00000, 0x000000008b900000| Untracked 
| 186|0x000000008ba00000, 0x000000008bb00000, 0x000000008bb00000|100%| O|  |TAMS 0x000000008ba00000, 0x000000008ba00000| Untracked 
| 187|0x000000008bb00000, 0x000000008bc00000, 0x000000008bc00000|100%| O|  |TAMS 0x000000008bb00000, 0x000000008bb00000| Untracked 
| 188|0x000000008bc00000, 0x000000008bd00000, 0x000000008bd00000|100%| O|  |TAMS 0x000000008bc00000, 0x000000008bc00000| Untracked 
| 189|0x000000008bd00000, 0x000000008be00000, 0x000000008be00000|100%| O|  |TAMS 0x000000008bd00000, 0x000000008bd00000| Untracked 
| 190|0x000000008be00000, 0x000000008bf00000, 0x000000008bf00000|100%| O|  |TAMS 0x000000008be00000, 0x000000008be00000| Untracked 
| 191|0x000000008bf00000, 0x000000008c000000, 0x000000008c000000|100%| O|  |TAMS 0x000000008bf00000, 0x000000008bf00000| Untracked 
| 192|0x000000008c000000, 0x000000008c100000, 0x000000008c100000|100%| O|  |TAMS 0x000000008c000000, 0x000000008c000000| Untracked 
| 193|0x000000008c100000, 0x000000008c200000, 0x000000008c200000|100%| O|  |TAMS 0x000000008c100000, 0x000000008c100000| Untracked 
| 194|0x000000008c200000, 0x000000008c300000, 0x000000008c300000|100%| O|  |TAMS 0x000000008c200000, 0x000000008c200000| Untracked 
| 195|0x000000008c300000, 0x000000008c400000, 0x000000008c400000|100%| O|  |TAMS 0x000000008c300000, 0x000000008c300000| Untracked 
| 196|0x000000008c400000, 0x000000008c500000, 0x000000008c500000|100%| O|  |TAMS 0x000000008c400000, 0x000000008c400000| Untracked 
| 197|0x000000008c500000, 0x000000008c600000, 0x000000008c600000|100%| O|  |TAMS 0x000000008c500000, 0x000000008c500000| Untracked 
| 198|0x000000008c600000, 0x000000008c700000, 0x000000008c700000|100%| O|  |TAMS 0x000000008c600000, 0x000000008c600000| Untracked 
| 199|0x000000008c700000, 0x000000008c800000, 0x000000008c800000|100%| O|  |TAMS 0x000000008c700000, 0x000000008c700000| Untracked 
| 200|0x000000008c800000, 0x000000008c900000, 0x000000008c900000|100%| O|  |TAMS 0x000000008c800000, 0x000000008c800000| Untracked 
| 201|0x000000008c900000, 0x000000008ca00000, 0x000000008ca00000|100%| O|  |TAMS 0x000000008c900000, 0x000000008c900000| Untracked 
| 202|0x000000008ca00000, 0x000000008ca00000, 0x000000008cb00000|  0%| F|  |TAMS 0x000000008ca00000, 0x000000008ca00000| Untracked 
| 203|0x000000008cb00000, 0x000000008cb00000, 0x000000008cc00000|  0%| F|  |TAMS 0x000000008cb00000, 0x000000008cb00000| Untracked 
| 204|0x000000008cc00000, 0x000000008cc00000, 0x000000008cd00000|  0%| F|  |TAMS 0x000000008cc00000, 0x000000008cc00000| Untracked 
| 205|0x000000008cd00000, 0x000000008cd00000, 0x000000008ce00000|  0%| F|  |TAMS 0x000000008cd00000, 0x000000008cd00000| Untracked 
| 206|0x000000008ce00000, 0x000000008ce00000, 0x000000008cf00000|  0%| F|  |TAMS 0x000000008ce00000, 0x000000008ce00000| Untracked 
| 207|0x000000008cf00000, 0x000000008cf00000, 0x000000008d000000|  0%| F|  |TAMS 0x000000008cf00000, 0x000000008cf00000| Untracked 
| 208|0x000000008d000000, 0x000000008d000000, 0x000000008d100000|  0%| F|  |TAMS 0x000000008d000000, 0x000000008d000000| Untracked 
| 209|0x000000008d100000, 0x000000008d100000, 0x000000008d200000|  0%| F|  |TAMS 0x000000008d100000, 0x000000008d100000| Untracked 
| 210|0x000000008d200000, 0x000000008d200000, 0x000000008d300000|  0%| F|  |TAMS 0x000000008d200000, 0x000000008d200000| Untracked 
| 211|0x000000008d300000, 0x000000008d300000, 0x000000008d400000|  0%| F|  |TAMS 0x000000008d300000, 0x000000008d300000| Untracked 
| 212|0x000000008d400000, 0x000000008d400000, 0x000000008d500000|  0%| F|  |TAMS 0x000000008d400000, 0x000000008d400000| Untracked 
| 213|0x000000008d500000, 0x000000008d500000, 0x000000008d600000|  0%| F|  |TAMS 0x000000008d500000, 0x000000008d500000| Untracked 
| 214|0x000000008d600000, 0x000000008d600000, 0x000000008d700000|  0%| F|  |TAMS 0x000000008d600000, 0x000000008d600000| Untracked 
| 215|0x000000008d700000, 0x000000008d700000, 0x000000008d800000|  0%| F|  |TAMS 0x000000008d700000, 0x000000008d700000| Untracked 
| 216|0x000000008d800000, 0x000000008d800000, 0x000000008d900000|  0%| F|  |TAMS 0x000000008d800000, 0x000000008d800000| Untracked 
| 217|0x000000008d900000, 0x000000008d900000, 0x000000008da00000|  0%| F|  |TAMS 0x000000008d900000, 0x000000008d900000| Untracked 
| 218|0x000000008da00000, 0x000000008da00000, 0x000000008db00000|  0%| F|  |TAMS 0x000000008da00000, 0x000000008da00000| Untracked 
| 219|0x000000008db00000, 0x000000008db00000, 0x000000008dc00000|  0%| F|  |TAMS 0x000000008db00000, 0x000000008db00000| Untracked 
| 220|0x000000008dc00000, 0x000000008dc00000, 0x000000008dd00000|  0%| F|  |TAMS 0x000000008dc00000, 0x000000008dc00000| Untracked 
| 221|0x000000008dd00000, 0x000000008dd00000, 0x000000008de00000|  0%| F|  |TAMS 0x000000008dd00000, 0x000000008dd00000| Untracked 
| 222|0x000000008de00000, 0x000000008ded6680, 0x000000008df00000| 83%| S|CS|TAMS 0x000000008de00000, 0x000000008de00000| Complete 
| 223|0x000000008df00000, 0x000000008df00000, 0x000000008e000000|  0%| F|  |TAMS 0x000000008df00000, 0x000000008df00000| Untracked 
| 224|0x000000008e000000, 0x000000008e000000, 0x000000008e100000|  0%| F|  |TAMS 0x000000008e000000, 0x000000008e000000| Untracked 
| 225|0x000000008e100000, 0x000000008e100000, 0x000000008e200000|  0%| F|  |TAMS 0x000000008e100000, 0x000000008e100000| Untracked 
| 226|0x000000008e200000, 0x000000008e300000, 0x000000008e300000|100%| S|CS|TAMS 0x000000008e200000, 0x000000008e200000| Complete 
| 227|0x000000008e300000, 0x000000008e400000, 0x000000008e400000|100%| S|CS|TAMS 0x000000008e300000, 0x000000008e300000| Complete 
| 228|0x000000008e400000, 0x000000008e500000, 0x000000008e500000|100%| S|CS|TAMS 0x000000008e400000, 0x000000008e400000| Complete 
| 229|0x000000008e500000, 0x000000008e500000, 0x000000008e600000|  0%| F|  |TAMS 0x000000008e500000, 0x000000008e500000| Untracked 
| 230|0x000000008e600000, 0x000000008e600000, 0x000000008e700000|  0%| F|  |TAMS 0x000000008e600000, 0x000000008e600000| Untracked 
| 231|0x000000008e700000, 0x000000008e700000, 0x000000008e800000|  0%| F|  |TAMS 0x000000008e700000, 0x000000008e700000| Untracked 
| 232|0x000000008e800000, 0x000000008e800000, 0x000000008e900000|  0%| F|  |TAMS 0x000000008e800000, 0x000000008e800000| Untracked 
| 233|0x000000008e900000, 0x000000008e900000, 0x000000008ea00000|  0%| F|  |TAMS 0x000000008e900000, 0x000000008e900000| Untracked 
| 234|0x000000008ea00000, 0x000000008ea00000, 0x000000008eb00000|  0%| F|  |TAMS 0x000000008ea00000, 0x000000008ea00000| Untracked 
| 235|0x000000008eb00000, 0x000000008eb00000, 0x000000008ec00000|  0%| F|  |TAMS 0x000000008eb00000, 0x000000008eb00000| Untracked 
| 236|0x000000008ec00000, 0x000000008ec00000, 0x000000008ed00000|  0%| F|  |TAMS 0x000000008ec00000, 0x000000008ec00000| Untracked 
| 237|0x000000008ed00000, 0x000000008ed00000, 0x000000008ee00000|  0%| F|  |TAMS 0x000000008ed00000, 0x000000008ed00000| Untracked 
| 238|0x000000008ee00000, 0x000000008ee00000, 0x000000008ef00000|  0%| F|  |TAMS 0x000000008ee00000, 0x000000008ee00000| Untracked 
| 239|0x000000008ef00000, 0x000000008ef00000, 0x000000008f000000|  0%| F|  |TAMS 0x000000008ef00000, 0x000000008ef00000| Untracked 
| 240|0x000000008f000000, 0x000000008f000000, 0x000000008f100000|  0%| F|  |TAMS 0x000000008f000000, 0x000000008f000000| Untracked 
| 241|0x000000008f100000, 0x000000008f100000, 0x000000008f200000|  0%| F|  |TAMS 0x000000008f100000, 0x000000008f100000| Untracked 
| 242|0x000000008f200000, 0x000000008f200000, 0x000000008f300000|  0%| F|  |TAMS 0x000000008f200000, 0x000000008f200000| Untracked 
| 243|0x000000008f300000, 0x000000008f300000, 0x000000008f400000|  0%| F|  |TAMS 0x000000008f300000, 0x000000008f300000| Untracked 
| 244|0x000000008f400000, 0x000000008f400000, 0x000000008f500000|  0%| F|  |TAMS 0x000000008f400000, 0x000000008f400000| Untracked 
| 245|0x000000008f500000, 0x000000008f500000, 0x000000008f600000|  0%| F|  |TAMS 0x000000008f500000, 0x000000008f500000| Untracked 
| 246|0x000000008f600000, 0x000000008f600000, 0x000000008f700000|  0%| F|  |TAMS 0x000000008f600000, 0x000000008f600000| Untracked 
| 247|0x000000008f700000, 0x000000008f700000, 0x000000008f800000|  0%| F|  |TAMS 0x000000008f700000, 0x000000008f700000| Untracked 
| 248|0x000000008f800000, 0x000000008f800000, 0x000000008f900000|  0%| F|  |TAMS 0x000000008f800000, 0x000000008f800000| Untracked 
| 249|0x000000008f900000, 0x000000008f900000, 0x000000008fa00000|  0%| F|  |TAMS 0x000000008f900000, 0x000000008f900000| Untracked 
| 250|0x000000008fa00000, 0x000000008fa00000, 0x000000008fb00000|  0%| F|  |TAMS 0x000000008fa00000, 0x000000008fa00000| Untracked 
| 251|0x000000008fb00000, 0x000000008fb00000, 0x000000008fc00000|  0%| F|  |TAMS 0x000000008fb00000, 0x000000008fb00000| Untracked 
| 252|0x000000008fc00000, 0x000000008fc00000, 0x000000008fd00000|  0%| F|  |TAMS 0x000000008fc00000, 0x000000008fc00000| Untracked 
| 253|0x000000008fd00000, 0x000000008fd00000, 0x000000008fe00000|  0%| F|  |TAMS 0x000000008fd00000, 0x000000008fd00000| Untracked 
| 254|0x000000008fe00000, 0x000000008fe00000, 0x000000008ff00000|  0%| F|  |TAMS 0x000000008fe00000, 0x000000008fe00000| Untracked 
| 255|0x000000008ff00000, 0x000000008ff00000, 0x0000000090000000|  0%| F|  |TAMS 0x000000008ff00000, 0x000000008ff00000| Untracked 
| 256|0x0000000090000000, 0x0000000090000000, 0x0000000090100000|  0%| F|  |TAMS 0x0000000090000000, 0x0000000090000000| Untracked 
| 257|0x0000000090100000, 0x0000000090100000, 0x0000000090200000|  0%| F|  |TAMS 0x0000000090100000, 0x0000000090100000| Untracked 
| 258|0x0000000090200000, 0x0000000090200000, 0x0000000090300000|  0%| F|  |TAMS 0x0000000090200000, 0x0000000090200000| Untracked 
| 259|0x0000000090300000, 0x0000000090300000, 0x0000000090400000|  0%| F|  |TAMS 0x0000000090300000, 0x0000000090300000| Untracked 
| 260|0x0000000090400000, 0x0000000090400000, 0x0000000090500000|  0%| F|  |TAMS 0x0000000090400000, 0x0000000090400000| Untracked 
| 261|0x0000000090500000, 0x0000000090500000, 0x0000000090600000|  0%| F|  |TAMS 0x0000000090500000, 0x0000000090500000| Untracked 
| 262|0x0000000090600000, 0x0000000090600000, 0x0000000090700000|  0%| F|  |TAMS 0x0000000090600000, 0x0000000090600000| Untracked 
| 263|0x0000000090700000, 0x0000000090700000, 0x0000000090800000|  0%| F|  |TAMS 0x0000000090700000, 0x0000000090700000| Untracked 
| 264|0x0000000090800000, 0x0000000090800000, 0x0000000090900000|  0%| F|  |TAMS 0x0000000090800000, 0x0000000090800000| Untracked 
| 265|0x0000000090900000, 0x0000000090900000, 0x0000000090a00000|  0%| F|  |TAMS 0x0000000090900000, 0x0000000090900000| Untracked 
| 266|0x0000000090a00000, 0x0000000090a00000, 0x0000000090b00000|  0%| F|  |TAMS 0x0000000090a00000, 0x0000000090a00000| Untracked 
| 267|0x0000000090b00000, 0x0000000090b5b928, 0x0000000090c00000| 35%| E|  |TAMS 0x0000000090b00000, 0x0000000090b00000| Complete 

Card table byte_map: [0x0000020e3ca00000,0x0000020e3ce00000] _byte_map_base: 0x0000020e3c600000

Marking Bits (Prev, Next): (CMBitMap*) 0x0000020e24bd7a00, (CMBitMap*) 0x0000020e24bd79c8
 Prev Bits: [0x0000020e3f200000, 0x0000020e41200000)
 Next Bits: [0x0000020e3d200000, 0x0000020e3f200000)

Polling page: 0x0000020e24370000

Metaspace:

Usage:
  Non-class:    112.72 MB capacity,   110.08 MB ( 98%) used,     2.22 MB (  2%) free+waste,   431.19 KB ( <1%) overhead. 
      Class:     17.81 MB capacity,    16.15 MB ( 91%) used,     1.47 MB (  8%) free+waste,   194.56 KB (  1%) overhead. 
       Both:    130.53 MB capacity,   126.22 MB ( 97%) used,     3.69 MB (  3%) free+waste,   625.75 KB ( <1%) overhead. 

Virtual space:
  Non-class space:      114.00 MB reserved,     112.83 MB ( 99%) committed 
      Class space:      504.00 MB reserved,      17.88 MB (  4%) committed 
             Both:      618.00 MB reserved,     130.70 MB ( 21%) committed 

Chunk freelists:
   Non-Class:  51.00 KB
       Class:  0 bytes
        Both:  51.00 KB

MaxMetaspaceSize: 512.00 MB
CompressedClassSpaceSize: 504.00 MB
Initial GC threshold: 20.80 MB
Current GC threshold: 207.84 MB
CDS: off

CodeHeap 'non-profiled nmethods': size=120000Kb used=9736Kb max_used=9736Kb free=110263Kb
 bounds [0x0000020e34da0000, 0x0000020e35730000, 0x0000020e3c2d0000]
CodeHeap 'profiled nmethods': size=120000Kb used=33558Kb max_used=33558Kb free=86441Kb
 bounds [0x0000020e2d870000, 0x0000020e2f940000, 0x0000020e34da0000]
CodeHeap 'non-nmethods': size=5760Kb used=2433Kb max_used=2510Kb free=3326Kb
 bounds [0x0000020e2d2d0000, 0x0000020e2d550000, 0x0000020e2d870000]
 total_blobs=17533 nmethods=16561 adapters=883
 compilation: enabled
              stopped_count=0, restarted_count=0
 full_count=0

Compilation events (20 events):
Event: 108.489 Thread 0x0000020e44586000 17093       1       java.util.stream.Collectors$CollectorImpl::finisher (5 bytes)
Event: 108.490 Thread 0x0000020e44586000 nmethod 17093 0x0000020e35717290 code [0x0000020e35717440, 0x0000020e357174f8]
Event: 108.491 Thread 0x0000020e44582800 nmethod 17090 0x0000020e35717590 code [0x0000020e35717760, 0x0000020e35717968]
Event: 108.491 Thread 0x0000020e44582800 17091   !   4       com.google.common.cache.LocalCache$Segment::runLockedCleanup (39 bytes)
Event: 108.501 Thread 0x0000020e5287e800 nmethod 17056 0x0000020e35717c10 code [0x0000020e35717ee0, 0x0000020e35719cc0]
Event: 108.501 Thread 0x0000020e5287e800 17094       4       org.gradle.internal.component.model.ComponentConfigurationIdentifier::hashCode (16 bytes)
Event: 108.516 Thread 0x0000020e44586000 17095   !   3       org.gradle.internal.Deferrable$3::completeAndGet (46 bytes)
Event: 108.517 Thread 0x0000020e44586000 nmethod 17095 0x0000020e2f908690 code [0x0000020e2f908860, 0x0000020e2f908ca8]
Event: 108.523 Thread 0x0000020e44586000 17098       3       org.gradle.internal.Deferrable::map (10 bytes)
Event: 108.524 Thread 0x0000020e44586000 nmethod 17098 0x0000020e2f908e10 code [0x0000020e2f908fe0, 0x0000020e2f9092b8]
Event: 108.524 Thread 0x0000020e44582800 nmethod 17091 0x0000020e3571ad10 code [0x0000020e3571af20, 0x0000020e3571b540]
Event: 108.525 Thread 0x0000020e44582800 17096       4       java.util.stream.ReduceOps$ReduceOp::<init> (10 bytes)
Event: 108.525 Thread 0x0000020e44586000 17099       3       org.gradle.internal.execution.UnitOfWork$OutputFileValueSupplier::<init> (10 bytes)
Event: 108.526 Thread 0x0000020e44586000 nmethod 17099 0x0000020e2f909410 code [0x0000020e2f9095c0, 0x0000020e2f909778]
Event: 108.529 Thread 0x0000020e44582800 nmethod 17096 0x0000020e3571bb10 code [0x0000020e3571bca0, 0x0000020e3571bdd8]
Event: 108.529 Thread 0x0000020e44582800 17097       4       java.util.stream.ReduceOps$ReduceOp::evaluateSequential (18 bytes)
Event: 108.530 Thread 0x0000020e44586000 17100       3       org.gradle.internal.classloader.CachingClassLoader::visit (20 bytes)
Event: 108.534 Thread 0x0000020e44582800 nmethod 17097 0x0000020e3571be90 code [0x0000020e3571c040, 0x0000020e3571c158]
Event: 108.534 Thread 0x0000020e44586000 nmethod 17100 0x0000020e2f909810 code [0x0000020e2f909a80, 0x0000020e2f90a688]
Event: 108.535 Thread 0x0000020e44586000 17102       3       sun.nio.ch.Util$BufferCache::get (164 bytes)

GC Heap History (20 events):
Event: 73.307 GC heap before
{Heap before GC invocations=110 (full 0):
 garbage-first heap   total 274432K, used 209282K [0x0000000080000000, 0x0000000100000000)
  region size 1024K, 44 young (45056K), 4 survivors (4096K)
 Metaspace       used 118320K, capacity 122138K, committed 122320K, reserved 622592K
  class space    used 15362K, capacity 16978K, committed 17024K, reserved 516096K
}
Event: 73.329 GC heap after
{Heap after GC invocations=111 (full 0):
 garbage-first heap   total 274432K, used 174921K [0x0000000080000000, 0x0000000100000000)
  region size 1024K, 6 young (6144K), 6 survivors (6144K)
 Metaspace       used 118320K, capacity 122138K, committed 122320K, reserved 622592K
  class space    used 15362K, capacity 16978K, committed 17024K, reserved 516096K
}
Event: 88.412 GC heap before
{Heap before GC invocations=112 (full 0):
 garbage-first heap   total 274432K, used 213833K [0x0000000080000000, 0x0000000100000000)
  region size 1024K, 45 young (46080K), 6 survivors (6144K)
 Metaspace       used 122477K, capacity 126438K, committed 126544K, reserved 626688K
  class space    used 15744K, capacity 17328K, committed 17408K, reserved 516096K
}
Event: 88.422 GC heap after
{Heap after GC invocations=113 (full 0):
 garbage-first heap   total 274432K, used 177710K [0x0000000080000000, 0x0000000100000000)
  region size 1024K, 3 young (3072K), 3 survivors (3072K)
 Metaspace       used 122477K, capacity 126438K, committed 126544K, reserved 626688K
  class space    used 15744K, capacity 17328K, committed 17408K, reserved 516096K
}
Event: 98.480 GC heap before
{Heap before GC invocations=113 (full 0):
 garbage-first heap   total 274432K, used 218670K [0x0000000080000000, 0x0000000100000000)
  region size 1024K, 43 young (44032K), 3 survivors (3072K)
 Metaspace       used 122978K, capacity 127042K, committed 127184K, reserved 626688K
  class space    used 15801K, capacity 17434K, committed 17536K, reserved 516096K
}
Event: 98.515 GC heap after
{Heap after GC invocations=114 (full 0):
 garbage-first heap   total 274432K, used 182410K [0x0000000080000000, 0x0000000100000000)
  region size 1024K, 6 young (6144K), 6 survivors (6144K)
 Metaspace       used 122978K, capacity 127042K, committed 127184K, reserved 626688K
  class space    used 15801K, capacity 17434K, committed 17536K, reserved 516096K
}
Event: 99.301 GC heap before
{Heap before GC invocations=115 (full 0):
 garbage-first heap   total 274432K, used 221322K [0x0000000080000000, 0x0000000100000000)
  region size 1024K, 45 young (46080K), 6 survivors (6144K)
 Metaspace       used 123205K, capacity 127303K, committed 127440K, reserved 626688K
  class space    used 15818K, capacity 17462K, committed 17536K, reserved 516096K
}
Event: 99.319 GC heap after
{Heap after GC invocations=116 (full 0):
 garbage-first heap   total 274432K, used 190464K [0x0000000080000000, 0x0000000100000000)
  region size 1024K, 6 young (6144K), 6 survivors (6144K)
 Metaspace       used 123205K, capacity 127303K, committed 127440K, reserved 626688K
  class space    used 15818K, capacity 17462K, committed 17536K, reserved 516096K
}
Event: 100.177 GC heap before
{Heap before GC invocations=116 (full 0):
 garbage-first heap   total 274432K, used 225280K [0x0000000080000000, 0x0000000100000000)
  region size 1024K, 41 young (41984K), 6 survivors (6144K)
 Metaspace       used 123309K, capacity 127436K, committed 127696K, reserved 626688K
  class space    used 15827K, capacity 17479K, committed 17536K, reserved 516096K
}
Event: 100.192 GC heap after
{Heap after GC invocations=117 (full 0):
 garbage-first heap   total 274432K, used 196457K [0x0000000080000000, 0x0000000100000000)
  region size 1024K, 6 young (6144K), 6 survivors (6144K)
 Metaspace       used 123309K, capacity 127436K, committed 127696K, reserved 626688K
  class space    used 15827K, capacity 17479K, committed 17536K, reserved 516096K
}
Event: 101.660 GC heap before
{Heap before GC invocations=118 (full 0):
 garbage-first heap   total 274432K, used 229225K [0x0000000080000000, 0x0000000100000000)
  region size 1024K, 38 young (38912K), 6 survivors (6144K)
 Metaspace       used 123913K, capacity 128094K, committed 128336K, reserved 628736K
  class space    used 15903K, capacity 17567K, committed 17664K, reserved 516096K
}
Event: 101.676 GC heap after
{Heap after GC invocations=119 (full 0):
 garbage-first heap   total 274432K, used 202588K [0x0000000080000000, 0x0000000100000000)
  region size 1024K, 5 young (5120K), 5 survivors (5120K)
 Metaspace       used 123913K, capacity 128094K, committed 128336K, reserved 628736K
  class space    used 15903K, capacity 17567K, committed 17664K, reserved 516096K
}
Event: 102.266 GC heap before
{Heap before GC invocations=119 (full 0):
 garbage-first heap   total 274432K, used 210780K [0x0000000080000000, 0x0000000100000000)
  region size 1024K, 13 young (13312K), 5 survivors (5120K)
 Metaspace       used 124677K, capacity 128804K, committed 128976K, reserved 628736K
  class space    used 16014K, capacity 17696K, committed 17792K, reserved 516096K
}
Event: 102.281 GC heap after
{Heap after GC invocations=120 (full 0):
 garbage-first heap   total 274432K, used 179760K [0x0000000080000000, 0x0000000100000000)
  region size 1024K, 2 young (2048K), 2 survivors (2048K)
 Metaspace       used 124677K, capacity 128804K, committed 128976K, reserved 628736K
  class space    used 16014K, capacity 17696K, committed 17792K, reserved 516096K
}
Event: 103.238 GC heap before
{Heap before GC invocations=120 (full 0):
 garbage-first heap   total 274432K, used 191024K [0x0000000080000000, 0x0000000100000000)
  region size 1024K, 13 young (13312K), 2 survivors (2048K)
 Metaspace       used 125722K, capacity 129952K, committed 130128K, reserved 628736K
  class space    used 16197K, capacity 17901K, committed 17920K, reserved 516096K
}
Event: 103.258 GC heap after
{Heap after GC invocations=121 (full 0):
 garbage-first heap   total 274432K, used 168823K [0x0000000080000000, 0x0000000100000000)
  region size 1024K, 1 young (1024K), 1 survivors (1024K)
 Metaspace       used 125722K, capacity 129952K, committed 130128K, reserved 628736K
  class space    used 16197K, capacity 17901K, committed 17920K, reserved 516096K
}
Event: 105.353 GC heap before
{Heap before GC invocations=121 (full 0):
 garbage-first heap   total 274432K, used 213879K [0x0000000080000000, 0x0000000100000000)
  region size 1024K, 45 young (46080K), 1 survivors (1024K)
 Metaspace       used 128056K, capacity 132300K, committed 132432K, reserved 630784K
  class space    used 16442K, capacity 18160K, committed 18176K, reserved 516096K
}
Event: 105.376 GC heap after
{Heap after GC invocations=122 (full 0):
 garbage-first heap   total 274432K, used 176920K [0x0000000080000000, 0x0000000100000000)
  region size 1024K, 6 young (6144K), 6 survivors (6144K)
 Metaspace       used 128056K, capacity 132300K, committed 132432K, reserved 630784K
  class space    used 16442K, capacity 18160K, committed 18176K, reserved 516096K
}
Event: 106.655 GC heap before
{Heap before GC invocations=122 (full 0):
 garbage-first heap   total 274432K, used 219928K [0x0000000080000000, 0x0000000100000000)
  region size 1024K, 48 young (49152K), 6 survivors (6144K)
 Metaspace       used 128505K, capacity 132851K, committed 132944K, reserved 632832K
  class space    used 16469K, capacity 18176K, committed 18176K, reserved 516096K
}
Event: 106.689 GC heap after
{Heap after GC invocations=123 (full 0):
 garbage-first heap   total 274432K, used 185327K [0x0000000080000000, 0x0000000100000000)
  region size 1024K, 6 young (6144K), 6 survivors (6144K)
 Metaspace       used 128505K, capacity 132851K, committed 132944K, reserved 632832K
  class space    used 16469K, capacity 18176K, committed 18176K, reserved 516096K
}

Deoptimization events (20 events):
Event: 107.639 Thread 0x0000020e4ad0d800 DEOPT PACKING pc=0x0000020e351c1a5c sp=0x000000db3cafd030
Event: 107.639 Thread 0x0000020e4ad0d800 DEOPT UNPACKING pc=0x0000020e2d31a1af sp=0x000000db3cafcf98 mode 2
Event: 107.658 Thread 0x0000020e487bd800 Uncommon trap: trap_request=0xffffff4d fr.pc=0x0000020e3567f9e8 relative=0x00000000000004c8
Event: 107.658 Thread 0x0000020e487bd800 Uncommon trap: reason=unstable_if action=reinterpret pc=0x0000020e3567f9e8 method=com.esotericsoftware.kryo.io.Input.readVarLong(Z)J @ 152 c2
Event: 107.658 Thread 0x0000020e487bd800 DEOPT PACKING pc=0x0000020e3567f9e8 sp=0x000000db39afdf60
Event: 107.658 Thread 0x0000020e487bd800 DEOPT UNPACKING pc=0x0000020e2d31a1af sp=0x000000db39afdf20 mode 2
Event: 107.691 Thread 0x0000020e4dc61800 DEOPT PACKING pc=0x0000020e2f53e444 sp=0x000000db3fefd4d0
Event: 107.691 Thread 0x0000020e4dc61800 DEOPT UNPACKING pc=0x0000020e2d31a95e sp=0x000000db3fefca70 mode 0
Event: 108.023 Thread 0x0000020e4ad10800 DEOPT PACKING pc=0x0000020e2f53e444 sp=0x000000db3cbfa9f0
Event: 108.023 Thread 0x0000020e4ad10800 DEOPT UNPACKING pc=0x0000020e2d31a95e sp=0x000000db3cbf9f90 mode 0
Event: 108.203 Thread 0x0000020e4ad0f800 DEOPT PACKING pc=0x0000020e2f84ca4a sp=0x000000db3cefd3b0
Event: 108.203 Thread 0x0000020e4ad0f800 DEOPT UNPACKING pc=0x0000020e2d31a95e sp=0x000000db3cefc7e8 mode 0
Event: 108.207 Thread 0x0000020e4dc5d800 DEOPT PACKING pc=0x0000020e2f53e444 sp=0x000000db3fbfc820
Event: 108.207 Thread 0x0000020e4dc5d800 DEOPT UNPACKING pc=0x0000020e2d31a95e sp=0x000000db3fbfbdc0 mode 0
Event: 108.336 Thread 0x0000020e487c2000 Uncommon trap: trap_request=0xffffff4d fr.pc=0x0000020e35293050 relative=0x0000000000000a30
Event: 108.336 Thread 0x0000020e487c2000 Uncommon trap: reason=unstable_if action=reinterpret pc=0x0000020e35293050 method=org.gradle.internal.resources.DefaultResourceLockCoordinationService$DefaultResourceLockState.releaseLocks()V @ 28 c2
Event: 108.337 Thread 0x0000020e487c2000 DEOPT PACKING pc=0x0000020e35293050 sp=0x000000db3c6fd970
Event: 108.337 Thread 0x0000020e487c2000 DEOPT UNPACKING pc=0x0000020e2d31a1af sp=0x000000db3c6fd930 mode 2
Event: 108.353 Thread 0x0000020e467c7000 DEOPT PACKING pc=0x0000020e2e1ad6e0 sp=0x000000db38bfe360
Event: 108.353 Thread 0x0000020e467c7000 DEOPT UNPACKING pc=0x0000020e2d31a95e sp=0x000000db38bfd7e8 mode 0

Classes redefined (0 events):
No events

Internal exceptions (20 events):
Event: 101.229 Thread 0x0000020e457a0800 Exception <a 'java/lang/NoClassDefFoundError'{0x000000008ff6c048}: org/jetbrains/kotlin/gradle/plugin/KotlinBasePluginWrapper> (0x000000008ff6c048) thrown at [./src/hotspot/share/oops/constantPool.cpp, line 775]
Event: 101.542 Thread 0x0000020e457a0800 Exception <a 'sun/nio/fs/WindowsException'{0x000000008eed62e0}> (0x000000008eed62e0) thrown at [./src/hotspot/share/prims/jni.cpp, line 616]
Event: 102.294 Thread 0x0000020e457a0800 Exception <a 'java/lang/NullPointerException'{0x0000000090b845e0}> (0x0000000090b845e0) thrown at [./src/hotspot/share/interpreter/linkResolver.cpp, line 1440]
Event: 103.094 Thread 0x0000020e457a0800 Implicit null exception at 0x0000020e353bdcab to 0x0000020e353c6988
Event: 103.779 Thread 0x0000020e457a0800 Exception <a 'sun/nio/fs/WindowsException'{0x000000009035f798}> (0x000000009035f798) thrown at [./src/hotspot/share/prims/jni.cpp, line 616]
Event: 103.779 Thread 0x0000020e457a0800 Exception <a 'sun/nio/fs/WindowsException'{0x0000000090360e10}> (0x0000000090360e10) thrown at [./src/hotspot/share/prims/jni.cpp, line 616]
Event: 103.779 Thread 0x0000020e457a0800 Exception <a 'sun/nio/fs/WindowsException'{0x00000000903624d8}> (0x00000000903624d8) thrown at [./src/hotspot/share/prims/jni.cpp, line 616]
Event: 103.780 Thread 0x0000020e457a0800 Exception <a 'sun/nio/fs/WindowsException'{0x0000000090363ba0}> (0x0000000090363ba0) thrown at [./src/hotspot/share/prims/jni.cpp, line 616]
Event: 105.337 Thread 0x0000020e457a0800 Exception <a 'sun/nio/fs/WindowsException'{0x000000008dfb57a0}> (0x000000008dfb57a0) thrown at [./src/hotspot/share/prims/jni.cpp, line 616]
Event: 105.338 Thread 0x0000020e457a0800 Exception <a 'sun/nio/fs/WindowsException'{0x000000008dfb6b70}> (0x000000008dfb6b70) thrown at [./src/hotspot/share/prims/jni.cpp, line 616]
Event: 105.338 Thread 0x0000020e457a0800 Exception <a 'sun/nio/fs/WindowsException'{0x000000008dfb7f90}> (0x000000008dfb7f90) thrown at [./src/hotspot/share/prims/jni.cpp, line 616]
Event: 105.339 Thread 0x0000020e457a0800 Exception <a 'sun/nio/fs/WindowsException'{0x000000008dfb93b0}> (0x000000008dfb93b0) thrown at [./src/hotspot/share/prims/jni.cpp, line 616]
Event: 105.376 Thread 0x0000020e43c1b800 Implicit null exception at 0x0000020e35302b2d to 0x0000020e35303278
Event: 105.909 Thread 0x0000020e457a0800 Exception <a 'java/lang/IncompatibleClassChangeError'{0x000000008fbe69f8}: Found class java.lang.Object, but interface was expected> (0x000000008fbe69f8) thrown at [./src/hotspot/share/interpreter/linkResolver.cpp, line 839]
Event: 107.044 Thread 0x0000020e457a0800 Exception <a 'java/lang/NoSuchMethodError'{0x00000000900ece60}: 'org.gradle.internal.buildoption.BuildOption$Value org.gradle.api.internal.StartParameterInternal.getIsolatedProjects()'> (0x00000000900ece60) thrown at [./src/hotspot/share/interpreter/linkResolver.cpp, line 773]
Event: 107.048 Thread 0x0000020e457a0800 Exception <a 'java/lang/NoSuchMethodError'{0x000000008ff09328}: 'org.gradle.internal.buildoption.BuildOption$Value org.gradle.api.internal.StartParameterInternal.getConfigurationCache()'> (0x000000008ff09328) thrown at [./src/hotspot/share/interpreter/linkResolver.cpp, line 773]
Event: 107.184 Thread 0x0000020e457a0800 Exception <a 'sun/nio/fs/WindowsException'{0x000000008fd8ed88}> (0x000000008fd8ed88) thrown at [./src/hotspot/share/prims/jni.cpp, line 616]
Event: 107.258 Thread 0x0000020e4ad0d800 Exception <a 'java/lang/NoSuchMethodError'{0x000000008fb3be10}: 'void java.lang.invoke.DirectMethodHandle$Holder.invokeStatic(java.lang.Object, java.lang.Object, java.lang.Object, java.lang.Object, int, java.lang.Object, java.lang.Object)'> (0x000000008fb3be10) thrown at [./src/hotspot/share/interpreter/linkResolver.cpp, line 773]
Event: 107.314 Thread 0x0000020e4ad0d800 Exception <a 'java/lang/NoSuchMethodError'{0x000000008fab16e0}: 'java.lang.Object java.lang.invoke.DirectMethodHandle$Holder.invokeSpecialIFC(java.lang.Object, java.lang.Object, java.lang.Object)'> (0x000000008fab16e0) thrown at [./src/hotspot/share/interpreter/linkResolver.cpp, line 773]
Event: 107.636 Thread 0x0000020e4e0bf800 Implicit null exception at 0x0000020e356e356e to 0x0000020e356e3d50

Events (20 events):
Event: 108.247 Executing VM operation: RevokeBias
Event: 108.248 Executing VM operation: RevokeBias done
Event: 108.253 Executing VM operation: RevokeBias
Event: 108.253 Executing VM operation: RevokeBias done
Event: 108.253 Executing VM operation: RevokeBias
Event: 108.254 Executing VM operation: RevokeBias done
Event: 108.255 Executing VM operation: RevokeBias
Event: 108.256 Executing VM operation: RevokeBias done
Event: 108.258 Executing VM operation: RevokeBias
Event: 108.259 Executing VM operation: RevokeBias done
Event: 108.259 Executing VM operation: RevokeBias
Event: 108.259 Executing VM operation: RevokeBias done
Event: 108.270 Executing VM operation: RevokeBias
Event: 108.270 Executing VM operation: RevokeBias done
Event: 108.280 Executing VM operation: RevokeBias
Event: 108.281 Executing VM operation: RevokeBias done
Event: 108.295 Executing VM operation: RevokeBias
Event: 108.296 Executing VM operation: RevokeBias done
Event: 108.317 Executing VM operation: BulkRevokeBias
Event: 108.324 Executing VM operation: BulkRevokeBias done


Dynamic libraries:
0x00007ff668500000 - 0x00007ff66850d000 	C:\Program Files\OpenJDK\openjdk-11.0.14.1_1\bin\java.exe
0x00007ff89c680000 - 0x00007ff89c889000 	C:\WINDOWS\SYSTEM32\ntdll.dll
0x00007ff89b150000 - 0x00007ff89b20e000 	C:\WINDOWS\System32\KERNEL32.DLL
0x00007ff899fa0000 - 0x00007ff89a324000 	C:\WINDOWS\System32\KERNELBASE.dll
0x00007ff899ce0000 - 0x00007ff899df1000 	C:\WINDOWS\System32\ucrtbase.dll
0x00007ff882b30000 - 0x00007ff882b47000 	C:\Program Files\OpenJDK\openjdk-11.0.14.1_1\bin\jli.dll
0x00007ff882a30000 - 0x00007ff882a45000 	C:\Program Files\OpenJDK\openjdk-11.0.14.1_1\bin\VCRUNTIME140.dll
0x00007ff89b2d0000 - 0x00007ff89b47d000 	C:\WINDOWS\System32\USER32.dll
0x00007ff89a4a0000 - 0x00007ff89a4c6000 	C:\WINDOWS\System32\win32u.dll
0x00007ff885430000 - 0x00007ff8856d5000 	C:\WINDOWS\WinSxS\amd64_microsoft.windows.common-controls_6595b64144ccf1df_6.0.22000.120_none_9d947278b86cc467\COMCTL32.dll
0x00007ff89b8d0000 - 0x00007ff89b8fa000 	C:\WINDOWS\System32\GDI32.dll
0x00007ff89a7e0000 - 0x00007ff89a883000 	C:\WINDOWS\System32\msvcrt.dll
0x00007ff899e00000 - 0x00007ff899f1f000 	C:\WINDOWS\System32\gdi32full.dll
0x00007ff899bd0000 - 0x00007ff899c6d000 	C:\WINDOWS\System32\msvcp_win.dll
0x00007ff89bc90000 - 0x00007ff89bcc1000 	C:\WINDOWS\System32\IMM32.DLL
0x00007ff881a80000 - 0x00007ff881b1b000 	C:\Program Files\OpenJDK\openjdk-11.0.14.1_1\bin\msvcp140.dll
0x00007ff8137c0000 - 0x00007ff8142cd000 	C:\Program Files\OpenJDK\openjdk-11.0.14.1_1\bin\server\jvm.dll
0x00007ff89b210000 - 0x00007ff89b2bf000 	C:\WINDOWS\System32\ADVAPI32.dll
0x00007ff89b480000 - 0x00007ff89b51e000 	C:\WINDOWS\System32\sechost.dll
0x00007ff89b7a0000 - 0x00007ff89b8c1000 	C:\WINDOWS\System32\RPCRT4.dll
0x00007ff89b2c0000 - 0x00007ff89b2c8000 	C:\WINDOWS\System32\PSAPI.DLL
0x00007ff895c30000 - 0x00007ff895c39000 	C:\WINDOWS\SYSTEM32\WSOCK32.dll
0x00007ff894510000 - 0x00007ff89451a000 	C:\WINDOWS\SYSTEM32\VERSION.dll
0x00007ff8940c0000 - 0x00007ff8940f3000 	C:\WINDOWS\SYSTEM32\WINMM.dll
0x00007ff89bcd0000 - 0x00007ff89bd3f000 	C:\WINDOWS\System32\WS2_32.dll
0x00007ff898b40000 - 0x00007ff898b58000 	C:\WINDOWS\SYSTEM32\kernel.appcore.dll
0x00007ff888250000 - 0x00007ff888260000 	C:\Program Files\OpenJDK\openjdk-11.0.14.1_1\bin\verify.dll
0x00007ff87ee70000 - 0x00007ff87f091000 	C:\WINDOWS\SYSTEM32\DBGHELP.DLL
0x00007ff87e720000 - 0x00007ff87e751000 	C:\WINDOWS\SYSTEM32\dbgcore.DLL
0x00007ff899f20000 - 0x00007ff899f9f000 	C:\WINDOWS\System32\bcryptPrimitives.dll
0x00007ff8829b0000 - 0x00007ff8829d8000 	C:\Program Files\OpenJDK\openjdk-11.0.14.1_1\bin\java.dll
0x00007ff882ac0000 - 0x00007ff882aca000 	C:\Program Files\OpenJDK\openjdk-11.0.14.1_1\bin\jimage.dll
0x00007ff8820b0000 - 0x00007ff8820c8000 	C:\Program Files\OpenJDK\openjdk-11.0.14.1_1\bin\zip.dll
0x00007ff89a890000 - 0x00007ff89b055000 	C:\WINDOWS\System32\SHELL32.dll
0x00007ff897ba0000 - 0x00007ff898402000 	C:\WINDOWS\SYSTEM32\windows.storage.dll
0x00007ff89b900000 - 0x00007ff89bc76000 	C:\WINDOWS\System32\combase.dll
0x00007ff897a30000 - 0x00007ff897b97000 	C:\WINDOWS\SYSTEM32\wintypes.dll
0x00007ff89c550000 - 0x00007ff89c63a000 	C:\WINDOWS\System32\SHCORE.dll
0x00007ff89b520000 - 0x00007ff89b57d000 	C:\WINDOWS\System32\shlwapi.dll
0x00007ff899a40000 - 0x00007ff899a65000 	C:\WINDOWS\SYSTEM32\profapi.dll
0x00007ff881a60000 - 0x00007ff881a79000 	C:\Program Files\OpenJDK\openjdk-11.0.14.1_1\bin\net.dll
0x00007ff893fa0000 - 0x00007ff8940b4000 	C:\WINDOWS\SYSTEM32\WINHTTP.dll
0x00007ff898fe0000 - 0x00007ff899047000 	C:\WINDOWS\system32\mswsock.dll
0x00007ff871960000 - 0x00007ff871973000 	C:\Program Files\OpenJDK\openjdk-11.0.14.1_1\bin\nio.dll
0x00007ff871930000 - 0x00007ff871957000 	C:\Users\Vutlhari_Mashimbyi\.gradle\native\68d5fa5c4cc2d200863cafc0d521ce42e7d3e7ee720ec0a83991735586a16f82\windows-amd64\native-platform.dll
0x00007ff85b0a0000 - 0x00007ff85b1e4000 	C:\Users\Vutlhari_Mashimbyi\.gradle\native\e376f236ea51e6404a007f0833ffe2c6e607c4080706a723a18a27aeea778392\windows-amd64\native-platform-file-events.dll
0x00007ff882a20000 - 0x00007ff882a29000 	C:\Program Files\OpenJDK\openjdk-11.0.14.1_1\bin\management.dll
0x00007ff8829a0000 - 0x00007ff8829ab000 	C:\Program Files\OpenJDK\openjdk-11.0.14.1_1\bin\management_ext.dll
0x00007ff8992b0000 - 0x00007ff8992c8000 	C:\WINDOWS\SYSTEM32\CRYPTSP.dll
0x00007ff898aa0000 - 0x00007ff898ad5000 	C:\WINDOWS\system32\rsaenh.dll
0x00007ff899080000 - 0x00007ff8990ac000 	C:\WINDOWS\SYSTEM32\USERENV.dll
0x00007ff899360000 - 0x00007ff899387000 	C:\WINDOWS\SYSTEM32\bcrypt.dll
0x00007ff8991d0000 - 0x00007ff8991dc000 	C:\WINDOWS\SYSTEM32\CRYPTBASE.dll
0x00007ff898660000 - 0x00007ff89868d000 	C:\WINDOWS\SYSTEM32\IPHLPAPI.DLL
0x00007ff89b5f0000 - 0x00007ff89b5f9000 	C:\WINDOWS\System32\NSI.dll
0x00007ff893d10000 - 0x00007ff893d29000 	C:\WINDOWS\SYSTEM32\dhcpcsvc6.DLL
0x00007ff894c70000 - 0x00007ff894c8e000 	C:\WINDOWS\SYSTEM32\dhcpcsvc.DLL
0x00007ff898690000 - 0x00007ff898777000 	C:\WINDOWS\SYSTEM32\DNSAPI.dll
0x00007ff882ce0000 - 0x00007ff882cee000 	C:\Program Files\OpenJDK\openjdk-11.0.14.1_1\bin\sunmscapi.dll
0x00007ff89a330000 - 0x00007ff89a49a000 	C:\WINDOWS\System32\CRYPT32.dll
0x00007ff899330000 - 0x00007ff89935a000 	C:\WINDOWS\SYSTEM32\ncrypt.dll
0x00007ff8992d0000 - 0x00007ff899307000 	C:\WINDOWS\SYSTEM32\NTASN1.dll
0x00007ff871420000 - 0x00007ff871445000 	C:\Program Files\OpenJDK\openjdk-11.0.14.1_1\bin\sunec.dll
0x0000000060f60000 - 0x0000000060f86000 	C:\Program Files\Bonjour\mdnsNSP.dll
0x00007ff881b20000 - 0x00007ff881b2a000 	C:\Windows\System32\rasadhlp.dll
0x00007ff891ce0000 - 0x00007ff891d62000 	C:\WINDOWS\System32\fwpuclnt.dll

dbghelp: loaded successfully - version: 4.0.5 - missing functions: none
symbol engine: initialized successfully - sym options: 0x614 - pdb path: .;C:\Program Files\OpenJDK\openjdk-11.0.14.1_1\bin;C:\WINDOWS\SYSTEM32;C:\WINDOWS\WinSxS\amd64_microsoft.windows.common-controls_6595b64144ccf1df_6.0.22000.120_none_9d947278b86cc467;C:\Program Files\OpenJDK\openjdk-11.0.14.1_1\bin\server;C:\Users\Vutlhari_Mashimbyi\.gradle\native\68d5fa5c4cc2d200863cafc0d521ce42e7d3e7ee720ec0a83991735586a16f82\windows-amd64;C:\Users\Vutlhari_Mashimbyi\.gradle\native\e376f236ea51e6404a007f0833ffe2c6e607c4080706a723a18a27aeea778392\windows-amd64;C:\Program Files\Bonjour

VM Arguments:
jvm_args: -XX:MaxMetaspaceSize=512m --add-opens=java.base/java.util=ALL-UNNAMED --add-opens=java.base/java.lang=ALL-UNNAMED --add-opens=java.base/java.lang.invoke=ALL-UNNAMED --add-opens=java.prefs/java.util.prefs=ALL-UNNAMED --add-opens=java.base/java.nio.charset=ALL-UNNAMED --add-opens=java.base/java.net=ALL-UNNAMED --add-opens=java.base/java.util.concurrent.atomic=ALL-UNNAMED -Xmx2048m -Dfile.encoding=windows-1252 -Duser.country=ZA -Duser.language=en -Duser.variant 
java_command: org.gradle.launcher.daemon.bootstrap.GradleDaemon 8.0.1
java_class_path (initial): C:\Users\Vutlhari_Mashimbyi\.gradle\wrapper\dists\gradle-8.0.1-all\aro4hu1c3oeioove7l0i4i14o\gradle-8.0.1\lib\gradle-launcher-8.0.1.jar
Launcher Type: SUN_STANDARD

[Global flags]
     intx CICompilerCount                          = 4                                         {product} {ergonomic}
   size_t CompressedClassSpaceSize                 = 528482304                                 {product} {ergonomic}
     uint ConcGCThreads                            = 2                                         {product} {ergonomic}
     uint G1ConcRefinementThreads                  = 8                                         {product} {ergonomic}
   size_t G1HeapRegionSize                         = 1048576                                   {product} {ergonomic}
    uintx GCDrainStackTargetSize                   = 64                                        {product} {ergonomic}
   size_t InitialHeapSize                          = 100663296                                 {product} {ergonomic}
   size_t MarkStackSize                            = 4194304                                   {product} {ergonomic}
   size_t MaxHeapSize                              = 2147483648                                {product} {command line}
   size_t MaxMetaspaceSize                         = 536870912                                 {product} {command line}
   size_t MaxNewSize                               = 1287651328                                {product} {ergonomic}
   size_t MinHeapDeltaBytes                        = 1048576                                   {product} {ergonomic}
    uintx NonNMethodCodeHeapSize                   = 5836300                                {pd product} {ergonomic}
    uintx NonProfiledCodeHeapSize                  = 122910970                              {pd product} {ergonomic}
    uintx ProfiledCodeHeapSize                     = 122910970                              {pd product} {ergonomic}
    uintx ReservedCodeCacheSize                    = 251658240                              {pd product} {ergonomic}
     bool SegmentedCodeCache                       = true                                      {product} {ergonomic}
     bool UseCompressedClassPointers               = true                                 {lp64_product} {ergonomic}
     bool UseCompressedOops                        = true                                 {lp64_product} {ergonomic}
     bool UseG1GC                                  = true                                      {product} {ergonomic}
     bool UseLargePagesIndividualAllocation        = false                                  {pd product} {ergonomic}

Logging:
Log output configuration:
 #0: stdout all=warning uptime,level,tags
 #1: stderr all=off uptime,level,tags

Environment Variables:
JAVA_HOME=C:\Program Files\OpenJDK\openjdk-11.0.14.1_1
CLASSPATH=C:\Users\Vutlhari_Mashimbyi\Documents\SoftwareEngineering\final_year_project\frontend\campuzCart\android\\gradle\wrapper\gradle-wrapper.jar
PATH=C:\Users\Vutlhari_Mashimbyi\Documents\SoftwareEngineering\final_year_project\frontend\campuzCart\node_modules\.bin;C:\Users\Vutlhari_Mashimbyi\Documents\SoftwareEngineering\final_year_project\frontend\node_modules\.bin;C:\Users\Vutlhari_Mashimbyi\Documents\SoftwareEngineering\final_year_project\node_modules\.bin;C:\Users\Vutlhari_Mashimbyi\Documents\SoftwareEngineering\node_modules\.bin;C:\Users\Vutlhari_Mashimbyi\Documents\node_modules\.bin;C:\Users\Vutlhari_Mashimbyi\node_modules\.bin;C:\Users\node_modules\.bin;C:\node_modules\.bin;C:\Users\Vutlhari_Mashimbyi\AppData\Roaming\npm\node_modules\npm\node_modules\@npmcli\run-script\lib\node-gyp-bin;C:\Program Files\Git\cmd;C:\Program Files\Common Files\Oracle\Java\javapath;C:\Program Files (x86)\Common Files\Oracle\Java\javapath;C:\WINDOWS\system32;C:\WINDOWS;C:\WINDOWS\System32\Wbem;C:\WINDOWS\System32\WindowsPowerShell\v1.0\;C:\WINDOWS\System32\OpenSSH\;C:\ProgramData\chocolatey\bin;C:\Program Files\Java\jdk1.8.0_211\bin;C:\Program Files\OpenJDK\openjdk-11.0.14.1_1\bin;C:\Program Files\Git\cmd;C:\Program Files\MongoDB\Server\5.0\bin;C:\Program Files\MATLAB\R2022a\bin;C:\Program Files (x86)\gsudo\;C:\tools\gsudo\Current;C:\Program Files (x86)\Microsoft SQL Server\160\Tools\Binn\;C:\Program Files\Microsoft SQL Server\160\Tools\Binn\;C:\Program Files\Microsoft SQL Server\Client SDK\ODBC\170\Tools\Binn\;C:\Program Files\Microsoft SQL Server\160\DTS\Binn\;C:\Program Files\Azure Data Studio\bin;C:\Program Files\PuTTY\;C:\Program Files\MySQL\MySQL Server 8.0\bin;C:\Program Files\nodejs\;C:\Program Files\Amazon\AWSCLIV2\;C:\Program Files\Docker\Docker\resources\bin;C:\Users\Vutlhari_Mashimbyi\AppData\Local\Android\Sdk\tools;C:\Program Files\MySQL\MySQL Shell 8.0\bin\;C:\Users\Vutlhari_Mashimbyi\AppData\Local\Programs\Python\Python310\Scripts\;C:\Users\Vutlhari_Mashimbyi\AppData\Local\Programs\Python\Python310\;C:\Users\Vutlhari_Mashimbyi\AppData\Local\Microsoft\WindowsApps;C:\Users\Vutlhari_Mashimbyi\AppData\Local\Programs
USERNAME=Vutlhari_Mashimbyi
OS=Windows_NT
PROCESSOR_IDENTIFIER=AMD64 Family 23 Model 24 Stepping 1, AuthenticAMD



---------------  S Y S T E M  ---------------

OS: Windows 11 , 64 bit Build 22000 (10.0.22000.2124)
OS uptime: 1 days 13:51 hours
Hyper-V role detected

CPU:total 8 (initial active 8) (8 cores per cpu, 2 threads per core) family 23 model 24 stepping 1 microcode 0x0, cmov, cx8, fxsr, mmx, sse, sse2, sse3, ssse3, sse4.1, sse4.2, popcnt, avx, avx2, aes, clmul, mmxext, 3dnowpref, lzcnt, sse4a, ht, tsc, tscinvbit, tscinv, bmi1, bmi2, adx, sha, fma

Memory: 4k page, system-wide physical 6090M (537M free)
TotalPageFile size 24522M (AvailPageFile size 5M)
current process WorkingSet (physical memory assigned to process): 587M, peak: 603M
current process commit charge ("private bytes"): 679M, peak: 695M

vm_info: OpenJDK 64-Bit Server VM (11.0.14.1+1) for windows-amd64 JRE (11.0.14.1+1), built on Feb  9 2022 18:53:32 by "" with unknown MS VC++:1916

END.
