#
# There is insufficient memory for the Java Runtime Environment to continue.
# Native memory allocation (malloc) failed to allocate 610256 bytes for Chunk::new
# Possible reasons:
#   The system is out of physical RAM or swap space
#   The process is running with CompressedOops enabled, and the Java Heap may be blocking the growth of the native heap
# Possible solutions:
#   Reduce memory load on the system
#   Increase physical memory or swap space
#   Check if swap backing store is full
#   Decrease Java heap size (-Xmx/-Xms)
#   Decrease number of Java threads
#   Decrease Java thread stack sizes (-Xss)
#   Set larger code cache with -XX:ReservedCodeCacheSize=
#   JVM is running with Unscaled Compressed Oops mode in which the Java heap is
#     placed in the first 4GB address space. The Java Heap base address is the
#     maximum limit for the native heap growth. Please use -XX:HeapBaseMinAddress
#     to set the Java Heap base and to place the Java Heap above 4GB virtual address.
# This output file may be truncated or incomplete.
#
#  Out of Memory Error (./src/hotspot/share/memory/arena.cpp:197), pid=22920, tid=24532
#
# JRE version: OpenJDK Runtime Environment 18.9 (11.0.14.1+1) (build 11.0.14.1+1)
# Java VM: OpenJDK 64-Bit Server VM 18.9 (11.0.14.1+1, mixed mode, tiered, compressed oops, g1 gc, windows-amd64)
# No core dump will be written. Minidumps are not enabled by default on client versions of Windows
#

---------------  S U M M A R Y ------------

Command Line: org.jetbrains.kotlin.cli.jvm.K2JVMCompiler @C:\Users\Vutlhari_Mashimbyi\Documents\SoftwareEngineering\final_year_project\frontend\campuzCart\node_modules\react-native-safe-area-context\android\build\20231007_14373820338875040553.compiler.options

Host: AMD Ryzen 5 3500U with Radeon Vega Mobile Gfx  , 8 cores, 5G,  Windows 11 , 64 bit Build 22000 (10.0.22000.2124)
Time: Sat Oct  7 16:18:59 2023 South Africa Standard Time elapsed time: 54.276742 seconds (0d 0h 0m 54s)

---------------  T H R E A D  ---------------

Current thread (0x000002cb79a91000):  JavaThread "C2 CompilerThread0" daemon [_thread_in_native, id=24532, stack(0x000000feaa100000,0x000000feaa200000)]


Current CompileTask:
C2:  54276 2115   !   4       jdk.internal.loader.BuiltinClassLoader::loadClassOrNull (143 bytes)

Stack: [0x000000feaa100000,0x000000feaa200000]
Native frames: (J=compiled Java code, j=interpreted, Vv=VM code, C=native code)
V  [jvm.dll+0x619a2a]
V  [jvm.dll+0x756479]
V  [jvm.dll+0x757b68]
V  [jvm.dll+0x758243]
V  [jvm.dll+0x24d898]
V  [jvm.dll+0xc145c]
V  [jvm.dll+0xc1a1c]
V  [jvm.dll+0x356d07]
V  [jvm.dll+0x19cb1e]
V  [jvm.dll+0x206d32]
V  [jvm.dll+0x205e0d]
V  [jvm.dll+0x187dd1]
V  [jvm.dll+0x215664]
V  [jvm.dll+0x2138ab]
V  [jvm.dll+0x719160]
V  [jvm.dll+0x7120c4]
V  [jvm.dll+0x618886]
C  [ucrtbase.dll+0x26c0c]
C  [KERNEL32.DLL+0x155a0]
C  [ntdll.dll+0x485b]


---------------  P R O C E S S  ---------------

Threads class SMR info:
_java_thread_list=0x000002cb7a53ab00, length=10, elements={
0x000002cb5bd24000, 0x000002cb79a69000, 0x000002cb79a6a000, 0x000002cb79a8a000,
0x000002cb79a8d000, 0x000002cb79a8e000, 0x000002cb79a91000, 0x000002cb79a94000,
0x000002cb79a98000, 0x000002cb7a552000
}

Java Threads: ( => current thread )
  0x000002cb5bd24000 JavaThread "main" [_thread_in_Java, id=9832, stack(0x000000fea9500000,0x000000fea9600000)]
  0x000002cb79a69000 JavaThread "Reference Handler" daemon [_thread_blocked, id=20980, stack(0x000000fea9c00000,0x000000fea9d00000)]
  0x000002cb79a6a000 JavaThread "Finalizer" daemon [_thread_blocked, id=28464, stack(0x000000fea9d00000,0x000000fea9e00000)]
  0x000002cb79a8a000 JavaThread "Signal Dispatcher" daemon [_thread_blocked, id=3160, stack(0x000000fea9e00000,0x000000fea9f00000)]
  0x000002cb79a8d000 JavaThread "Attach Listener" daemon [_thread_blocked, id=30420, stack(0x000000fea9f00000,0x000000feaa000000)]
  0x000002cb79a8e000 JavaThread "Service Thread" daemon [_thread_blocked, id=10012, stack(0x000000feaa000000,0x000000feaa100000)]
=>0x000002cb79a91000 JavaThread "C2 CompilerThread0" daemon [_thread_in_native, id=24532, stack(0x000000feaa100000,0x000000feaa200000)]
  0x000002cb79a94000 JavaThread "C1 CompilerThread0" daemon [_thread_blocked, id=17340, stack(0x000000feaa200000,0x000000feaa300000)]
  0x000002cb79a98000 JavaThread "Sweeper thread" daemon [_thread_blocked, id=24640, stack(0x000000feaa300000,0x000000feaa400000)]
  0x000002cb7a552000 JavaThread "Common-Cleaner" daemon [_thread_blocked, id=14980, stack(0x000000feaa500000,0x000000feaa600000)]

Other Threads:
  0x000002cb79a48000 VMThread "VM Thread" [stack: 0x000000fea9b00000,0x000000fea9c00000] [id=19508]
  0x000002cb7a54a000 WatcherThread [stack: 0x000000feaa400000,0x000000feaa500000] [id=30624]
  0x000002cb5bd3a800 GCTaskThread "GC Thread#0" [stack: 0x000000fea9600000,0x000000fea9700000] [id=20732]
  0x000002cb7a72a800 GCTaskThread "GC Thread#1" [stack: 0x000000feaa600000,0x000000feaa700000] [id=25128]
  0x000002cb5bd60000 ConcurrentGCThread "G1 Main Marker" [stack: 0x000000fea9700000,0x000000fea9800000] [id=7364]
  0x000002cb5bd62000 ConcurrentGCThread "G1 Conc#0" [stack: 0x000000fea9800000,0x000000fea9900000] [id=14612]
  0x000002cb7ad77800 ConcurrentGCThread "G1 Conc#1" [stack: 0x000000feaa700000,0x000000feaa800000] [id=19876]
  0x000002cb5bded800 ConcurrentGCThread "G1 Refine#0" [stack: 0x000000fea9900000,0x000000fea9a00000] [id=20492]
  0x000002cb5bdf0800 ConcurrentGCThread "G1 Young RemSet Sampling" [stack: 0x000000fea9a00000,0x000000fea9b00000] [id=22164]

Threads with active compile tasks:
C2 CompilerThread0  54615 2115   !   4       jdk.internal.loader.BuiltinClassLoader::loadClassOrNull (143 bytes)

VM state:not at safepoint (normal execution)

VM Mutex/Monitor currently owned by a thread: None

Heap address: 0x00000000a0c00000, size: 1524 MB, Compressed Oops mode: 32-bit
Narrow klass base: 0x0000000000000000, Narrow klass shift: 3
Compressed class space size: 1073741824 Address: 0x0000000100000000

Heap:
 garbage-first heap   total 98304K, used 30720K [0x00000000a0c00000, 0x0000000100000000)
  region size 1024K, 25 young (25600K), 6 survivors (6144K)
 Metaspace       used 26619K, capacity 26943K, committed 27132K, reserved 1073152K
  class space    used 2818K, capacity 2949K, committed 3068K, reserved 1048576K
Heap Regions: E=young(eden), S=young(survivor), O=old, HS=humongous(starts), HC=humongous(continues), CS=collection set, F=free, A=archive, TAMS=top-at-mark-start (previous, next)
|   0|0x00000000a0c00000, 0x00000000a0d00000, 0x00000000a0d00000|100%|HS|  |TAMS 0x00000000a0d00000, 0x00000000a0c00000| Complete 
|   1|0x00000000a0d00000, 0x00000000a0e00000, 0x00000000a0e00000|100%|HC|  |TAMS 0x00000000a0e00000, 0x00000000a0d00000| Complete 
|   2|0x00000000a0e00000, 0x00000000a0f00000, 0x00000000a0f00000|100%|HC|  |TAMS 0x00000000a0f00000, 0x00000000a0e00000| Complete 
|   3|0x00000000a0f00000, 0x00000000a1000000, 0x00000000a1000000|100%|HS|  |TAMS 0x00000000a0f00000, 0x00000000a0f00000| Complete 
|   4|0x00000000a1000000, 0x00000000a1100000, 0x00000000a1100000|100%|HC|  |TAMS 0x00000000a1000000, 0x00000000a1000000| Complete 
|   5|0x00000000a1100000, 0x00000000a1200000, 0x00000000a1200000|100%|HC|  |TAMS 0x00000000a1100000, 0x00000000a1100000| Complete 
|   6|0x00000000a1200000, 0x00000000a1200000, 0x00000000a1300000|  0%| F|  |TAMS 0x00000000a1200000, 0x00000000a1200000| Untracked 
|   7|0x00000000a1300000, 0x00000000a1300000, 0x00000000a1400000|  0%| F|  |TAMS 0x00000000a1300000, 0x00000000a1300000| Untracked 
|   8|0x00000000a1400000, 0x00000000a1400000, 0x00000000a1500000|  0%| F|  |TAMS 0x00000000a1400000, 0x00000000a1400000| Untracked 
|   9|0x00000000a1500000, 0x00000000a1500000, 0x00000000a1600000|  0%| F|  |TAMS 0x00000000a1500000, 0x00000000a1500000| Untracked 
|  10|0x00000000a1600000, 0x00000000a1600000, 0x00000000a1700000|  0%| F|  |TAMS 0x00000000a1600000, 0x00000000a1600000| Untracked 
|  11|0x00000000a1700000, 0x00000000a1700000, 0x00000000a1800000|  0%| F|  |TAMS 0x00000000a1700000, 0x00000000a1700000| Untracked 
|  12|0x00000000a1800000, 0x00000000a1800000, 0x00000000a1900000|  0%| F|  |TAMS 0x00000000a1800000, 0x00000000a1800000| Untracked 
|  13|0x00000000a1900000, 0x00000000a1900000, 0x00000000a1a00000|  0%| F|  |TAMS 0x00000000a1900000, 0x00000000a1900000| Untracked 
|  14|0x00000000a1a00000, 0x00000000a1a00000, 0x00000000a1b00000|  0%| F|  |TAMS 0x00000000a1a00000, 0x00000000a1a00000| Untracked 
|  15|0x00000000a1b00000, 0x00000000a1b00000, 0x00000000a1c00000|  0%| F|  |TAMS 0x00000000a1b00000, 0x00000000a1b00000| Untracked 
|  16|0x00000000a1c00000, 0x00000000a1c00000, 0x00000000a1d00000|  0%| F|  |TAMS 0x00000000a1c00000, 0x00000000a1c00000| Untracked 
|  17|0x00000000a1d00000, 0x00000000a1d00000, 0x00000000a1e00000|  0%| F|  |TAMS 0x00000000a1d00000, 0x00000000a1d00000| Untracked 
|  18|0x00000000a1e00000, 0x00000000a1e00000, 0x00000000a1f00000|  0%| F|  |TAMS 0x00000000a1e00000, 0x00000000a1e00000| Untracked 
|  19|0x00000000a1f00000, 0x00000000a1f00000, 0x00000000a2000000|  0%| F|  |TAMS 0x00000000a1f00000, 0x00000000a1f00000| Untracked 
|  20|0x00000000a2000000, 0x00000000a2000000, 0x00000000a2100000|  0%| F|  |TAMS 0x00000000a2000000, 0x00000000a2000000| Untracked 
|  21|0x00000000a2100000, 0x00000000a2100000, 0x00000000a2200000|  0%| F|  |TAMS 0x00000000a2100000, 0x00000000a2100000| Untracked 
|  22|0x00000000a2200000, 0x00000000a2200000, 0x00000000a2300000|  0%| F|  |TAMS 0x00000000a2200000, 0x00000000a2200000| Untracked 
|  23|0x00000000a2300000, 0x00000000a2300000, 0x00000000a2400000|  0%| F|  |TAMS 0x00000000a2300000, 0x00000000a2300000| Untracked 
|  24|0x00000000a2400000, 0x00000000a2400000, 0x00000000a2500000|  0%| F|  |TAMS 0x00000000a2400000, 0x00000000a2400000| Untracked 
|  25|0x00000000a2500000, 0x00000000a2500000, 0x00000000a2600000|  0%| F|  |TAMS 0x00000000a2500000, 0x00000000a2500000| Untracked 
|  26|0x00000000a2600000, 0x00000000a2600000, 0x00000000a2700000|  0%| F|  |TAMS 0x00000000a2600000, 0x00000000a2600000| Untracked 
|  27|0x00000000a2700000, 0x00000000a2700000, 0x00000000a2800000|  0%| F|  |TAMS 0x00000000a2700000, 0x00000000a2700000| Untracked 
|  28|0x00000000a2800000, 0x00000000a2800000, 0x00000000a2900000|  0%| F|  |TAMS 0x00000000a2800000, 0x00000000a2800000| Untracked 
|  29|0x00000000a2900000, 0x00000000a2900000, 0x00000000a2a00000|  0%| F|  |TAMS 0x00000000a2900000, 0x00000000a2900000| Untracked 
|  30|0x00000000a2a00000, 0x00000000a2a00000, 0x00000000a2b00000|  0%| F|  |TAMS 0x00000000a2a00000, 0x00000000a2a00000| Untracked 
|  31|0x00000000a2b00000, 0x00000000a2b00000, 0x00000000a2c00000|  0%| F|  |TAMS 0x00000000a2b00000, 0x00000000a2b00000| Untracked 
|  32|0x00000000a2c00000, 0x00000000a2c00000, 0x00000000a2d00000|  0%| F|  |TAMS 0x00000000a2c00000, 0x00000000a2c00000| Untracked 
|  33|0x00000000a2d00000, 0x00000000a2d00000, 0x00000000a2e00000|  0%| F|  |TAMS 0x00000000a2d00000, 0x00000000a2d00000| Untracked 
|  34|0x00000000a2e00000, 0x00000000a2e00000, 0x00000000a2f00000|  0%| F|  |TAMS 0x00000000a2e00000, 0x00000000a2e00000| Untracked 
|  35|0x00000000a2f00000, 0x00000000a2f00000, 0x00000000a3000000|  0%| F|  |TAMS 0x00000000a2f00000, 0x00000000a2f00000| Untracked 
|  36|0x00000000a3000000, 0x00000000a3000000, 0x00000000a3100000|  0%| F|  |TAMS 0x00000000a3000000, 0x00000000a3000000| Untracked 
|  37|0x00000000a3100000, 0x00000000a3100000, 0x00000000a3200000|  0%| F|  |TAMS 0x00000000a3100000, 0x00000000a3100000| Untracked 
|  38|0x00000000a3200000, 0x00000000a3200000, 0x00000000a3300000|  0%| F|  |TAMS 0x00000000a3200000, 0x00000000a3200000| Untracked 
|  39|0x00000000a3300000, 0x00000000a3300000, 0x00000000a3400000|  0%| F|  |TAMS 0x00000000a3300000, 0x00000000a3300000| Untracked 
|  40|0x00000000a3400000, 0x00000000a3400000, 0x00000000a3500000|  0%| F|  |TAMS 0x00000000a3400000, 0x00000000a3400000| Untracked 
|  41|0x00000000a3500000, 0x00000000a3500000, 0x00000000a3600000|  0%| F|  |TAMS 0x00000000a3500000, 0x00000000a3500000| Untracked 
|  42|0x00000000a3600000, 0x00000000a3600000, 0x00000000a3700000|  0%| F|  |TAMS 0x00000000a3600000, 0x00000000a3600000| Untracked 
|  43|0x00000000a3700000, 0x00000000a3700000, 0x00000000a3800000|  0%| F|  |TAMS 0x00000000a3700000, 0x00000000a3700000| Untracked 
|  44|0x00000000a3800000, 0x00000000a3800000, 0x00000000a3900000|  0%| F|  |TAMS 0x00000000a3800000, 0x00000000a3800000| Untracked 
|  45|0x00000000a3900000, 0x00000000a3900000, 0x00000000a3a00000|  0%| F|  |TAMS 0x00000000a3900000, 0x00000000a3900000| Untracked 
|  46|0x00000000a3a00000, 0x00000000a3a00000, 0x00000000a3b00000|  0%| F|  |TAMS 0x00000000a3a00000, 0x00000000a3a00000| Untracked 
|  47|0x00000000a3b00000, 0x00000000a3b00000, 0x00000000a3c00000|  0%| F|  |TAMS 0x00000000a3b00000, 0x00000000a3b00000| Untracked 
|  48|0x00000000a3c00000, 0x00000000a3c00000, 0x00000000a3d00000|  0%| F|  |TAMS 0x00000000a3c00000, 0x00000000a3c00000| Untracked 
|  49|0x00000000a3d00000, 0x00000000a3d00000, 0x00000000a3e00000|  0%| F|  |TAMS 0x00000000a3d00000, 0x00000000a3d00000| Untracked 
|  50|0x00000000a3e00000, 0x00000000a3e00000, 0x00000000a3f00000|  0%| F|  |TAMS 0x00000000a3e00000, 0x00000000a3e00000| Untracked 
|  51|0x00000000a3f00000, 0x00000000a4000000, 0x00000000a4000000|100%| S|CS|TAMS 0x00000000a3f00000, 0x00000000a3f00000| Complete 
|  52|0x00000000a4000000, 0x00000000a4100000, 0x00000000a4100000|100%| S|CS|TAMS 0x00000000a4000000, 0x00000000a4000000| Complete 
|  53|0x00000000a4100000, 0x00000000a4200000, 0x00000000a4200000|100%| S|CS|TAMS 0x00000000a4100000, 0x00000000a4100000| Complete 
|  54|0x00000000a4200000, 0x00000000a4300000, 0x00000000a4300000|100%| S|CS|TAMS 0x00000000a4200000, 0x00000000a4200000| Complete 
|  55|0x00000000a4300000, 0x00000000a4400000, 0x00000000a4400000|100%| S|CS|TAMS 0x00000000a4300000, 0x00000000a4300000| Complete 
|  56|0x00000000a4400000, 0x00000000a4500000, 0x00000000a4500000|100%| S|CS|TAMS 0x00000000a4400000, 0x00000000a4400000| Complete 
|  57|0x00000000a4500000, 0x00000000a4500000, 0x00000000a4600000|  0%| F|  |TAMS 0x00000000a4500000, 0x00000000a4500000| Untracked 
|  58|0x00000000a4600000, 0x00000000a4600000, 0x00000000a4700000|  0%| F|  |TAMS 0x00000000a4600000, 0x00000000a4600000| Untracked 
|  59|0x00000000a4700000, 0x00000000a4700000, 0x00000000a4800000|  0%| F|  |TAMS 0x00000000a4700000, 0x00000000a4700000| Untracked 
|  60|0x00000000a4800000, 0x00000000a4800000, 0x00000000a4900000|  0%| F|  |TAMS 0x00000000a4800000, 0x00000000a4800000| Untracked 
|  61|0x00000000a4900000, 0x00000000a4900000, 0x00000000a4a00000|  0%| F|  |TAMS 0x00000000a4900000, 0x00000000a4900000| Untracked 
|  62|0x00000000a4a00000, 0x00000000a4a00000, 0x00000000a4b00000|  0%| F|  |TAMS 0x00000000a4a00000, 0x00000000a4a00000| Untracked 
|  63|0x00000000a4b00000, 0x00000000a4b00000, 0x00000000a4c00000|  0%| F|  |TAMS 0x00000000a4b00000, 0x00000000a4b00000| Untracked 
|  64|0x00000000a4c00000, 0x00000000a4c00000, 0x00000000a4d00000|  0%| F|  |TAMS 0x00000000a4c00000, 0x00000000a4c00000| Untracked 
|  65|0x00000000a4d00000, 0x00000000a4d00000, 0x00000000a4e00000|  0%| F|  |TAMS 0x00000000a4d00000, 0x00000000a4d00000| Untracked 
|  66|0x00000000a4e00000, 0x00000000a4e00000, 0x00000000a4f00000|  0%| F|  |TAMS 0x00000000a4e00000, 0x00000000a4e00000| Untracked 
|  67|0x00000000a4f00000, 0x00000000a4f00000, 0x00000000a5000000|  0%| F|  |TAMS 0x00000000a4f00000, 0x00000000a4f00000| Untracked 
|  68|0x00000000a5000000, 0x00000000a5000000, 0x00000000a5100000|  0%| F|  |TAMS 0x00000000a5000000, 0x00000000a5000000| Untracked 
|  69|0x00000000a5100000, 0x00000000a5100000, 0x00000000a5200000|  0%| F|  |TAMS 0x00000000a5100000, 0x00000000a5100000| Untracked 
|  70|0x00000000a5200000, 0x00000000a5200000, 0x00000000a5300000|  0%| F|  |TAMS 0x00000000a5200000, 0x00000000a5200000| Untracked 
|  71|0x00000000a5300000, 0x00000000a5300000, 0x00000000a5400000|  0%| F|  |TAMS 0x00000000a5300000, 0x00000000a5300000| Untracked 
|  72|0x00000000a5400000, 0x00000000a5400000, 0x00000000a5500000|  0%| F|  |TAMS 0x00000000a5400000, 0x00000000a5400000| Untracked 
|  73|0x00000000a5500000, 0x00000000a5500000, 0x00000000a5600000|  0%| F|  |TAMS 0x00000000a5500000, 0x00000000a5500000| Untracked 
|  74|0x00000000a5600000, 0x00000000a5600000, 0x00000000a5700000|  0%| F|  |TAMS 0x00000000a5600000, 0x00000000a5600000| Untracked 
|  75|0x00000000a5700000, 0x00000000a5700000, 0x00000000a5800000|  0%| F|  |TAMS 0x00000000a5700000, 0x00000000a5700000| Untracked 
|  76|0x00000000a5800000, 0x00000000a5800000, 0x00000000a5900000|  0%| F|  |TAMS 0x00000000a5800000, 0x00000000a5800000| Untracked 
|  77|0x00000000a5900000, 0x00000000a591aef0, 0x00000000a5a00000| 10%| E|  |TAMS 0x00000000a5900000, 0x00000000a5900000| Complete 
|  78|0x00000000a5a00000, 0x00000000a5b00000, 0x00000000a5b00000|100%| E|CS|TAMS 0x00000000a5a00000, 0x00000000a5a00000| Complete 
|  79|0x00000000a5b00000, 0x00000000a5c00000, 0x00000000a5c00000|100%| E|CS|TAMS 0x00000000a5b00000, 0x00000000a5b00000| Complete 
|  80|0x00000000a5c00000, 0x00000000a5d00000, 0x00000000a5d00000|100%| E|CS|TAMS 0x00000000a5c00000, 0x00000000a5c00000| Complete 
|  81|0x00000000a5d00000, 0x00000000a5e00000, 0x00000000a5e00000|100%| E|CS|TAMS 0x00000000a5d00000, 0x00000000a5d00000| Complete 
|  82|0x00000000a5e00000, 0x00000000a5f00000, 0x00000000a5f00000|100%| E|CS|TAMS 0x00000000a5e00000, 0x00000000a5e00000| Complete 
|  83|0x00000000a5f00000, 0x00000000a6000000, 0x00000000a6000000|100%| E|CS|TAMS 0x00000000a5f00000, 0x00000000a5f00000| Complete 
|  84|0x00000000a6000000, 0x00000000a6100000, 0x00000000a6100000|100%| E|CS|TAMS 0x00000000a6000000, 0x00000000a6000000| Complete 
|  85|0x00000000a6100000, 0x00000000a6200000, 0x00000000a6200000|100%| E|CS|TAMS 0x00000000a6100000, 0x00000000a6100000| Complete 
|  86|0x00000000a6200000, 0x00000000a6300000, 0x00000000a6300000|100%| E|CS|TAMS 0x00000000a6200000, 0x00000000a6200000| Complete 
|  87|0x00000000a6300000, 0x00000000a6400000, 0x00000000a6400000|100%| E|CS|TAMS 0x00000000a6300000, 0x00000000a6300000| Complete 
|  88|0x00000000a6400000, 0x00000000a6500000, 0x00000000a6500000|100%| E|CS|TAMS 0x00000000a6400000, 0x00000000a6400000| Complete 
|  89|0x00000000a6500000, 0x00000000a6600000, 0x00000000a6600000|100%| E|CS|TAMS 0x00000000a6500000, 0x00000000a6500000| Complete 
|  90|0x00000000a6600000, 0x00000000a6700000, 0x00000000a6700000|100%| E|CS|TAMS 0x00000000a6600000, 0x00000000a6600000| Complete 
|  91|0x00000000a6700000, 0x00000000a6800000, 0x00000000a6800000|100%| E|CS|TAMS 0x00000000a6700000, 0x00000000a6700000| Complete 
|  92|0x00000000a6800000, 0x00000000a6900000, 0x00000000a6900000|100%| E|CS|TAMS 0x00000000a6800000, 0x00000000a6800000| Complete 
|  93|0x00000000a6900000, 0x00000000a6a00000, 0x00000000a6a00000|100%| E|CS|TAMS 0x00000000a6900000, 0x00000000a6900000| Complete 
|  94|0x00000000a6a00000, 0x00000000a6b00000, 0x00000000a6b00000|100%| E|CS|TAMS 0x00000000a6a00000, 0x00000000a6a00000| Complete 
|  95|0x00000000a6b00000, 0x00000000a6c00000, 0x00000000a6c00000|100%| E|CS|TAMS 0x00000000a6b00000, 0x00000000a6b00000| Complete 

Card table byte_map: [0x000002cb73aa0000,0x000002cb73da0000] _byte_map_base: 0x000002cb7359a000

Marking Bits (Prev, Next): (CMBitMap*) 0x000002cb5bd59020, (CMBitMap*) 0x000002cb5bd58fe8
 Prev Bits: [0x000002cb75870000, 0x000002cb77040000)
 Next Bits: [0x000002cb740a0000, 0x000002cb75870000)

Polling page: 0x000002cb59eb0000

Metaspace:

Usage:
  Non-class:     23.43 MB capacity,    23.24 MB (>99%) used,   152.66 KB ( <1%) free+waste,    39.94 KB ( <1%) overhead. 
      Class:      2.88 MB capacity,     2.75 MB ( 96%) used,   112.35 KB (  4%) free+waste,    18.19 KB ( <1%) overhead. 
       Both:     26.31 MB capacity,    26.00 MB ( 99%) used,   265.01 KB ( <1%) free+waste,    58.13 KB ( <1%) overhead. 

Virtual space:
  Non-class space:       24.00 MB reserved,      23.50 MB ( 98%) committed 
      Class space:        1.00 GB reserved,       3.00 MB ( <1%) committed 
             Both:        1.02 GB reserved,      26.50 MB (  3%) committed 

Chunk freelists:
   Non-Class:  6.00 KB
       Class:  27.00 KB
        Both:  33.00 KB

MaxMetaspaceSize: 17179869184.00 GB
CompressedClassSpaceSize: 1.00 GB
Initial GC threshold: 20.80 MB
Current GC threshold: 35.20 MB
CDS: off

CodeHeap 'non-profiled nmethods': size=120000Kb used=697Kb max_used=697Kb free=119302Kb
 bounds [0x000002cb6bf30000, 0x000002cb6c1a0000, 0x000002cb73460000]
CodeHeap 'profiled nmethods': size=120000Kb used=4196Kb max_used=4196Kb free=115803Kb
 bounds [0x000002cb64a00000, 0x000002cb64e20000, 0x000002cb6bf30000]
CodeHeap 'non-nmethods': size=5760Kb used=1226Kb max_used=1234Kb free=4533Kb
 bounds [0x000002cb64460000, 0x000002cb646d0000, 0x000002cb64a00000]
 total_blobs=2627 nmethods=2122 adapters=417
 compilation: enabled
              stopped_count=0, restarted_count=0
 full_count=0

Compilation events (20 events):
Event: 53.160 Thread 0x000002cb79a94000 nmethod 2109 0x000002cb64e0ef90 code [0x000002cb64e0f140, 0x000002cb64e0f318]
Event: 53.161 Thread 0x000002cb79a94000 2110       3       java.nio.ByteBuffer::rewind (7 bytes)
Event: 53.162 Thread 0x000002cb79a94000 nmethod 2110 0x000002cb64e0f410 code [0x000002cb64e0f5c0, 0x000002cb64e0f738]
Event: 53.208 Thread 0x000002cb79a94000 2111       3       sun.nio.fs.WindowsPathParser::nextNonSlash (24 bytes)
Event: 53.211 Thread 0x000002cb79a94000 nmethod 2111 0x000002cb64e0f810 code [0x000002cb64e0fa40, 0x000002cb64e10198]
Event: 53.212 Thread 0x000002cb79a94000 2112       3       sun.invoke.util.VerifyAccess::isSamePackage (32 bytes)
Event: 53.215 Thread 0x000002cb79a94000 nmethod 2112 0x000002cb64e10490 code [0x000002cb64e107a0, 0x000002cb64e11a88]
Event: 53.215 Thread 0x000002cb79a94000 2113       1       sun.nio.fs.NativeBuffer::address (5 bytes)
Event: 53.215 Thread 0x000002cb79a94000 nmethod 2113 0x000002cb6bfde290 code [0x000002cb6bfde440, 0x000002cb6bfde4f8]
Event: 53.376 Thread 0x000002cb79a94000 2114       3       java.lang.invoke.DirectMethodHandle::shouldBeInitialized (123 bytes)
Event: 53.379 Thread 0x000002cb79a94000 nmethod 2114 0x000002cb64e12010 code [0x000002cb64e12400, 0x000002cb64e13a58]
Event: 53.717 Thread 0x000002cb79a91000 2115   !   4       jdk.internal.loader.BuiltinClassLoader::loadClassOrNull (143 bytes)
Event: 53.924 Thread 0x000002cb79a94000 2116       3       jdk.internal.loader.AbstractClassLoaderValue$Sub::hashCode (19 bytes)
Event: 53.925 Thread 0x000002cb79a94000 nmethod 2116 0x000002cb64e14110 code [0x000002cb64e142e0, 0x000002cb64e14638]
Event: 53.927 Thread 0x000002cb79a94000 2117       3       java.lang.reflect.ProxyGenerator$ConstantPool$IndirectEntry::write (61 bytes)
Event: 53.928 Thread 0x000002cb79a94000 nmethod 2117 0x000002cb64e14790 code [0x000002cb64e149e0, 0x000002cb64e15328]
Event: 54.035 Thread 0x000002cb79a94000 2118       3       java.lang.Class::newReflectionData (66 bytes)
Event: 54.036 Thread 0x000002cb79a94000 nmethod 2118 0x000002cb64e15610 code [0x000002cb64e15840, 0x000002cb64e16188]
Event: 54.102 Thread 0x000002cb79a94000 2120       3       java.util.ImmutableCollections$Set12::contains (28 bytes)
Event: 54.102 Thread 0x000002cb79a94000 nmethod 2120 0x000002cb64e16490 code [0x000002cb64e16660, 0x000002cb64e16998]

GC Heap History (4 events):
Event: 12.143 GC heap before
{Heap before GC invocations=0 (full 0):
 garbage-first heap   total 98304K, used 27648K [0x00000000a0c00000, 0x0000000100000000)
  region size 1024K, 24 young (24576K), 0 survivors (0K)
 Metaspace       used 12356K, capacity 12504K, committed 12800K, reserved 1060864K
  class space    used 1150K, capacity 1207K, committed 1280K, reserved 1048576K
}
Event: 12.154 GC heap after
{Heap after GC invocations=1 (full 0):
 garbage-first heap   total 98304K, used 5967K [0x00000000a0c00000, 0x0000000100000000)
  region size 1024K, 3 young (3072K), 3 survivors (3072K)
 Metaspace       used 12356K, capacity 12504K, committed 12800K, reserved 1060864K
  class space    used 1150K, capacity 1207K, committed 1280K, reserved 1048576K
}
Event: 34.753 GC heap before
{Heap before GC invocations=1 (full 0):
 garbage-first heap   total 98304K, used 41807K [0x00000000a0c00000, 0x0000000100000000)
  region size 1024K, 39 young (39936K), 3 survivors (3072K)
 Metaspace       used 21022K, capacity 21182K, committed 21248K, reserved 1069056K
  class space    used 2207K, capacity 2280K, committed 2304K, reserved 1048576K
}
Event: 34.794 GC heap after
{Heap after GC invocations=2 (full 0):
 garbage-first heap   total 98304K, used 9216K [0x00000000a0c00000, 0x0000000100000000)
  region size 1024K, 6 young (6144K), 6 survivors (6144K)
 Metaspace       used 21022K, capacity 21182K, committed 21248K, reserved 1069056K
  class space    used 2207K, capacity 2280K, committed 2304K, reserved 1048576K
}

Deoptimization events (20 events):
Event: 50.192 Thread 0x000002cb5bd24000 DEOPT PACKING pc=0x000002cb64dcea1a sp=0x000000fea95fe8a0
Event: 50.192 Thread 0x000002cb5bd24000 DEOPT UNPACKING pc=0x000002cb644aa95e sp=0x000000fea95fdd58 mode 0
Event: 50.192 Thread 0x000002cb5bd24000 DEOPT PACKING pc=0x000002cb64dcea1a sp=0x000000fea95fe8a0
Event: 50.192 Thread 0x000002cb5bd24000 DEOPT UNPACKING pc=0x000002cb644aa95e sp=0x000000fea95fdd58 mode 0
Event: 50.193 Thread 0x000002cb5bd24000 DEOPT PACKING pc=0x000002cb64dcea1a sp=0x000000fea95fe8a0
Event: 50.193 Thread 0x000002cb5bd24000 DEOPT UNPACKING pc=0x000002cb644aa95e sp=0x000000fea95fdd58 mode 0
Event: 50.193 Thread 0x000002cb5bd24000 DEOPT PACKING pc=0x000002cb64dcea1a sp=0x000000fea95fe8a0
Event: 50.193 Thread 0x000002cb5bd24000 DEOPT UNPACKING pc=0x000002cb644aa95e sp=0x000000fea95fdd58 mode 0
Event: 51.923 Thread 0x000002cb5bd24000 Uncommon trap: trap_request=0xffffffde fr.pc=0x000002cb6bfb688c relative=0x00000000000012cc
Event: 51.923 Thread 0x000002cb5bd24000 Uncommon trap: reason=class_check action=maybe_recompile pc=0x000002cb6bfb688c method=java.util.zip.InflaterInputStream.read([BII)I @ 100 c2
Event: 51.923 Thread 0x000002cb5bd24000 DEOPT PACKING pc=0x000002cb6bfb688c sp=0x000000fea95fe8e0
Event: 51.923 Thread 0x000002cb5bd24000 DEOPT UNPACKING pc=0x000002cb644aa1af sp=0x000000fea95fe940 mode 2
Event: 53.211 Thread 0x000002cb5bd24000 Uncommon trap: trap_request=0xffffff4d fr.pc=0x000002cb6bfafca0 relative=0x00000000000005e0
Event: 53.211 Thread 0x000002cb5bd24000 Uncommon trap: reason=unstable_if action=reinterpret pc=0x000002cb6bfafca0 method=java.lang.Integer.getChars(II[B)I @ 25 c2
Event: 53.211 Thread 0x000002cb5bd24000 DEOPT PACKING pc=0x000002cb6bfafca0 sp=0x000000fea95fe970
Event: 53.211 Thread 0x000002cb5bd24000 DEOPT UNPACKING pc=0x000002cb644aa1af sp=0x000000fea95fe860 mode 2
Event: 53.994 Thread 0x000002cb5bd24000 Uncommon trap: trap_request=0xffffffcc fr.pc=0x000002cb6bfdcd2c relative=0x00000000000001ec
Event: 53.994 Thread 0x000002cb5bd24000 Uncommon trap: reason=intrinsic_or_type_checked_inlining action=make_not_entrant pc=0x000002cb6bfdcd2c method=java.util.Arrays.copyOf([Ljava/lang/Object;ILjava/lang/Class;)[Ljava/lang/Object; @ 35 c2
Event: 53.994 Thread 0x000002cb5bd24000 DEOPT PACKING pc=0x000002cb6bfdcd2c sp=0x000000fea95fdcb0
Event: 53.994 Thread 0x000002cb5bd24000 DEOPT UNPACKING pc=0x000002cb644aa1af sp=0x000000fea95fdc40 mode 2

Classes redefined (0 events):
No events

Internal exceptions (20 events):
Event: 19.474 Thread 0x000002cb5bd24000 Exception <a 'java/lang/NoSuchMethodError'{0x00000000a57ea020}: 'int java.lang.invoke.DelegatingMethodHandle$Holder.reinvoke_L(java.lang.Object, java.lang.Object, java.lang.Object, long, int)'> (0x00000000a57ea020) thrown at [./src/hotspot/share/interpreter/linkResolver.cpp, line 773]
Event: 24.819 Thread 0x000002cb5bd24000 Exception <a 'java/lang/NoSuchMethodError'{0x00000000a4f584c8}: 'int java.lang.invoke.DirectMethodHandle$Holder.invokeSpecialIFC(java.lang.Object, java.lang.Object, int)'> (0x00000000a4f584c8) thrown at [./src/hotspot/share/interpreter/linkResolver.cpp, line 773]
Event: 29.785 Thread 0x000002cb5bd24000 Exception <a 'java/lang/NoSuchMethodError'{0x00000000a48bef60}: 'java.lang.Object java.lang.invoke.DirectMethodHandle$Holder.invokeStaticInit(java.lang.Object, int)'> (0x00000000a48bef60) thrown at [./src/hotspot/share/interpreter/linkResolver.cpp, line 773]
Event: 31.791 Thread 0x000002cb5bd24000 Exception <a 'java/lang/NoSuchMethodError'{0x00000000a46995a0}: 'long java.lang.invoke.DirectMethodHandle$Holder.invokeStatic(java.lang.Object)'> (0x00000000a46995a0) thrown at [./src/hotspot/share/interpreter/linkResolver.cpp, line 773]
Event: 31.792 Thread 0x000002cb5bd24000 Exception <a 'java/lang/NoSuchMethodError'{0x00000000a469c3f8}: 'long java.lang.invoke.DirectMethodHandle$Holder.invokeStaticInit(java.lang.Object)'> (0x00000000a469c3f8) thrown at [./src/hotspot/share/interpreter/linkResolver.cpp, line 773]
Event: 39.332 Thread 0x000002cb5bd24000 Exception <a 'java/lang/NoSuchMethodError'{0x00000000a68201a0}: 'int java.lang.invoke.DirectMethodHandle$Holder.invokeStaticInit(java.lang.Object, java.lang.Object, java.lang.Object)'> (0x00000000a68201a0) thrown at [./src/hotspot/share/interpreter/linkResolver.cpp, line 773]
Event: 39.370 Thread 0x000002cb5bd24000 Exception <a 'java/lang/NoSuchMethodError'{0x00000000a684c060}: 'int java.lang.invoke.DirectMethodHandle$Holder.invokeStaticInit(java.lang.Object, java.lang.Object)'> (0x00000000a684c060) thrown at [./src/hotspot/share/interpreter/linkResolver.cpp, line 773]
Event: 42.117 Thread 0x000002cb5bd24000 Exception <a 'java/lang/NoSuchMethodError'{0x00000000a6666ba0}: 'void java.lang.invoke.DirectMethodHandle$Holder.invokeSpecial(java.lang.Object, java.lang.Object)'> (0x00000000a6666ba0) thrown at [./src/hotspot/share/interpreter/linkResolver.cpp, line 773]
Event: 52.332 Thread 0x000002cb5bd24000 Exception <a 'java/lang/NoSuchMethodError'{0x00000000a5e4fb80}: 'java.lang.Object java.lang.invoke.DirectMethodHandle$Holder.invokeStatic(java.lang.Object, java.lang.Object, java.lang.Object, java.lang.Object, java.lang.Object, java.lang.Object, java.lang.Object, java.lang.Object, java.lang.Object, java.lang.Object, java.lang.Object, java.lang.Object, java.lang.Object, java.lang.Object, java.lang.Object)'> (0x00000000a5e4fb80) thrown at [./src/hotspot/share/interpreter/linkResolver.cpp, line 773]
Event: 52.366 Thread 0x000002cb5bd24000 Exception <a 'java/lang/NoSuchMethodError'{0x00000000a5e5db88}: 'java.lang.Object java.lang.invoke.DirectMethodHandle$Holder.invokeStatic(java.lang.Object, java.lang.Object, java.lang.Object, java.lang.Object, java.lang.Object, java.lang.Object, java.lang.Object, java.lang.Object, java.lang.Object, java.lang.Object, java.lang.Object, java.lang.Object, java.lang.Object, java.lang.Object, java.lang.Object, java.lang.Object)'> (0x00000000a5e5db88) thrown at [./src/hotspot/share/interpreter/linkResolver.cpp, l
Event: 52.372 Thread 0x000002cb5bd24000 Exception <a 'java/lang/NoSuchMethodError'{0x00000000a5e6baa0}: 'java.lang.Object java.lang.invoke.DirectMethodHandle$Holder.invokeSpecial(java.lang.Object, java.lang.Object, int, int, java.lang.Object, java.lang.Object, java.lang.Object)'> (0x00000000a5e6baa0) thrown at [./src/hotspot/share/interpreter/linkResolver.cpp, line 773]
Event: 52.373 Thread 0x000002cb5bd24000 Exception <a 'java/lang/NoSuchMethodError'{0x00000000a5e6f2d8}: 'java.lang.Object java.lang.invoke.DelegatingMethodHandle$Holder.reinvoke_L(java.lang.Object, int, int, java.lang.Object, java.lang.Object, java.lang.Object)'> (0x00000000a5e6f2d8) thrown at [./src/hotspot/share/interpreter/linkResolver.cpp, line 773]
Event: 52.378 Thread 0x000002cb5bd24000 Exception <a 'java/lang/NoSuchMethodError'{0x00000000a5e73660}: 'java.lang.Object java.lang.invoke.DirectMethodHandle$Holder.invokeStatic(java.lang.Object, java.lang.Object, java.lang.Object, java.lang.Object, int)'> (0x00000000a5e73660) thrown at [./src/hotspot/share/interpreter/linkResolver.cpp, line 773]
Event: 53.191 Thread 0x000002cb5bd24000 Exception <a 'sun/nio/fs/WindowsException'{0x00000000a5db62a0}> (0x00000000a5db62a0) thrown at [./src/hotspot/share/prims/jni.cpp, line 616]
Event: 53.197 Thread 0x000002cb5bd24000 Exception <a 'sun/nio/fs/WindowsException'{0x00000000a5db6b60}> (0x00000000a5db6b60) thrown at [./src/hotspot/share/prims/jni.cpp, line 616]
Event: 53.208 Thread 0x000002cb5bd24000 Exception <a 'sun/nio/fs/WindowsException'{0x00000000a5db7438}> (0x00000000a5db7438) thrown at [./src/hotspot/share/prims/jni.cpp, line 616]
Event: 53.210 Thread 0x000002cb5bd24000 Exception <a 'sun/nio/fs/WindowsException'{0x00000000a5db7e80}> (0x00000000a5db7e80) thrown at [./src/hotspot/share/prims/jni.cpp, line 616]
Event: 53.210 Thread 0x000002cb5bd24000 Exception <a 'sun/nio/fs/WindowsException'{0x00000000a5db87d8}> (0x00000000a5db87d8) thrown at [./src/hotspot/share/prims/jni.cpp, line 616]
Event: 53.211 Thread 0x000002cb5bd24000 Exception <a 'sun/nio/fs/WindowsException'{0x00000000a5db9160}> (0x00000000a5db9160) thrown at [./src/hotspot/share/prims/jni.cpp, line 616]
Event: 53.375 Thread 0x000002cb5bd24000 Exception <a 'java/lang/NoSuchMethodError'{0x00000000a5dbfda8}: 'void java.lang.invoke.DirectMethodHandle$Holder.invokeStatic(java.lang.Object, java.lang.Object, java.lang.Object, java.lang.Object)'> (0x00000000a5dbfda8) thrown at [./src/hotspot/share/interpreter/linkResolver.cpp, line 773]

Events (20 events):
Event: 54.090 loading class org/jetbrains/kotlin/com/intellij/util/LocalTimeCounter
Event: 54.090 loading class org/jetbrains/kotlin/com/intellij/util/LocalTimeCounter done
Event: 54.093 loading class org/jetbrains/kotlin/com/intellij/openapi/fileTypes/CharsetUtil
Event: 54.093 loading class org/jetbrains/kotlin/com/intellij/openapi/fileTypes/CharsetUtil done
Event: 54.096 loading class org/jetbrains/kotlin/com/intellij/openapi/util/Comparing
Event: 54.096 loading class org/jetbrains/kotlin/com/intellij/openapi/util/Comparing done
Event: 54.103 loading class org/jetbrains/kotlin/com/intellij/psi/impl/file/impl/FileManagerImpl
Event: 54.103 loading class org/jetbrains/kotlin/com/intellij/psi/impl/file/impl/FileManagerImpl done
Event: 54.105 loading class org/jetbrains/kotlin/com/intellij/psi/impl/file/impl/FileManagerImpl$1
Event: 54.105 loading class org/jetbrains/kotlin/com/intellij/psi/impl/file/impl/FileManagerImpl$1 done
Event: 54.106 loading class org/jetbrains/kotlin/com/intellij/psi/SmartPointerManager
Event: 54.106 loading class org/jetbrains/kotlin/com/intellij/psi/SmartPointerManager done
Event: 54.113 loading class org/jetbrains/kotlin/com/intellij/psi/impl/smartPointers/SmartPointerManagerImpl
Event: 54.113 loading class org/jetbrains/kotlin/com/intellij/psi/impl/smartPointers/SmartPointerManagerImpl done
Event: 54.148 loading class org/jetbrains/kotlin/com/intellij/psi/impl/DocumentCommitProcessor
Event: 54.148 loading class org/jetbrains/kotlin/com/intellij/psi/impl/DocumentCommitProcessor done
Event: 54.165 loading class org/jetbrains/kotlin/com/intellij/core/MockDocumentCommitProcessor
Event: 54.165 loading class org/jetbrains/kotlin/com/intellij/core/MockDocumentCommitProcessor done
Event: 54.173 loading class org/jetbrains/kotlin/com/intellij/psi/PsiDocumentManager
Event: 54.173 loading class org/jetbrains/kotlin/com/intellij/psi/PsiDocumentManager done


Dynamic libraries:
0x00007ff637cc0000 - 0x00007ff637ccd000 	C:\Program Files\OpenJDK\openjdk-11.0.14.1_1\bin\java.exe
0x00007ffae3400000 - 0x00007ffae3609000 	C:\WINDOWS\SYSTEM32\ntdll.dll
0x00007ffae13f0000 - 0x00007ffae14ae000 	C:\WINDOWS\System32\KERNEL32.DLL
0x00007ffae0b20000 - 0x00007ffae0ea4000 	C:\WINDOWS\System32\KERNELBASE.dll
0x00007ffae0eb0000 - 0x00007ffae0fc1000 	C:\WINDOWS\System32\ucrtbase.dll
0x00007ffad2eb0000 - 0x00007ffad2ec7000 	C:\Program Files\OpenJDK\openjdk-11.0.14.1_1\bin\jli.dll
0x00007ffad2a90000 - 0x00007ffad2aa5000 	C:\Program Files\OpenJDK\openjdk-11.0.14.1_1\bin\VCRUNTIME140.dll
0x00007ffae15f0000 - 0x00007ffae179d000 	C:\WINDOWS\System32\USER32.dll
0x00007ffae0a70000 - 0x00007ffae0a96000 	C:\WINDOWS\System32\win32u.dll
0x00007ffae20b0000 - 0x00007ffae20da000 	C:\WINDOWS\System32\GDI32.dll
0x00007ffae0950000 - 0x00007ffae0a6f000 	C:\WINDOWS\System32\gdi32full.dll
0x00007ffae0fd0000 - 0x00007ffae106d000 	C:\WINDOWS\System32\msvcp_win.dll
0x00007ffad1d30000 - 0x00007ffad1fd5000 	C:\WINDOWS\WinSxS\amd64_microsoft.windows.common-controls_6595b64144ccf1df_6.0.22000.120_none_9d947278b86cc467\COMCTL32.dll
0x00007ffae2fd0000 - 0x00007ffae3073000 	C:\WINDOWS\System32\msvcrt.dll
0x00007ffae2070000 - 0x00007ffae20a1000 	C:\WINDOWS\System32\IMM32.DLL
0x00007ffaca440000 - 0x00007ffaca4db000 	C:\Program Files\OpenJDK\openjdk-11.0.14.1_1\bin\msvcp140.dll
0x00007ffa8a5a0000 - 0x00007ffa8b0ad000 	C:\Program Files\OpenJDK\openjdk-11.0.14.1_1\bin\server\jvm.dll
0x00007ffae3160000 - 0x00007ffae320f000 	C:\WINDOWS\System32\ADVAPI32.dll
0x00007ffae1d00000 - 0x00007ffae1d9e000 	C:\WINDOWS\System32\sechost.dll
0x00007ffae14b0000 - 0x00007ffae15d1000 	C:\WINDOWS\System32\RPCRT4.dll
0x00007ffae20e0000 - 0x00007ffae20e8000 	C:\WINDOWS\System32\PSAPI.DLL
0x00007ffabb3a0000 - 0x00007ffabb3a9000 	C:\WINDOWS\SYSTEM32\WSOCK32.dll
0x00007ffae17a0000 - 0x00007ffae180f000 	C:\WINDOWS\System32\WS2_32.dll
0x00007ffadabc0000 - 0x00007ffadabf3000 	C:\WINDOWS\SYSTEM32\WINMM.dll
0x00007ffadaf80000 - 0x00007ffadaf8a000 	C:\WINDOWS\SYSTEM32\VERSION.dll
0x00007ffadf8c0000 - 0x00007ffadf8d8000 	C:\WINDOWS\SYSTEM32\kernel.appcore.dll
0x00007ffad5e10000 - 0x00007ffad5e20000 	C:\Program Files\OpenJDK\openjdk-11.0.14.1_1\bin\verify.dll
0x00007ffacd6b0000 - 0x00007ffacd8d1000 	C:\WINDOWS\SYSTEM32\DBGHELP.DLL
0x00007ffacc9a0000 - 0x00007ffacc9d1000 	C:\WINDOWS\SYSTEM32\dbgcore.DLL
0x00007ffae0aa0000 - 0x00007ffae0b1f000 	C:\WINDOWS\System32\bcryptPrimitives.dll
0x00007ffacab70000 - 0x00007ffacab98000 	C:\Program Files\OpenJDK\openjdk-11.0.14.1_1\bin\java.dll
0x00007ffad2ea0000 - 0x00007ffad2eaa000 	C:\Program Files\OpenJDK\openjdk-11.0.14.1_1\bin\jimage.dll
0x00007ffad2a70000 - 0x00007ffad2a88000 	C:\Program Files\OpenJDK\openjdk-11.0.14.1_1\bin\zip.dll
0x00007ffae2570000 - 0x00007ffae2d35000 	C:\WINDOWS\System32\SHELL32.dll
0x00007ffade920000 - 0x00007ffadf182000 	C:\WINDOWS\SYSTEM32\windows.storage.dll
0x00007ffae1980000 - 0x00007ffae1cf6000 	C:\WINDOWS\System32\combase.dll
0x00007ffade7b0000 - 0x00007ffade917000 	C:\WINDOWS\SYSTEM32\wintypes.dll
0x00007ffae1890000 - 0x00007ffae197a000 	C:\WINDOWS\System32\SHCORE.dll
0x00007ffae1f20000 - 0x00007ffae1f7d000 	C:\WINDOWS\System32\shlwapi.dll
0x00007ffae07c0000 - 0x00007ffae07e5000 	C:\WINDOWS\SYSTEM32\profapi.dll
0x00007ffad05a0000 - 0x00007ffad05b9000 	C:\Program Files\OpenJDK\openjdk-11.0.14.1_1\bin\net.dll
0x00007ffadb030000 - 0x00007ffadb144000 	C:\WINDOWS\SYSTEM32\WINHTTP.dll
0x00007ffadfd70000 - 0x00007ffadfdd7000 	C:\WINDOWS\system32\mswsock.dll
0x00007ffad0420000 - 0x00007ffad0433000 	C:\Program Files\OpenJDK\openjdk-11.0.14.1_1\bin\nio.dll

dbghelp: loaded successfully - version: 4.0.5 - missing functions: none
symbol engine: initialized successfully - sym options: 0x614 - pdb path: .;C:\Program Files\OpenJDK\openjdk-11.0.14.1_1\bin;C:\WINDOWS\SYSTEM32;C:\WINDOWS\WinSxS\amd64_microsoft.windows.common-controls_6595b64144ccf1df_6.0.22000.120_none_9d947278b86cc467;C:\Program Files\OpenJDK\openjdk-11.0.14.1_1\bin\server

VM Arguments:
java_command: org.jetbrains.kotlin.cli.jvm.K2JVMCompiler @C:\Users\Vutlhari_Mashimbyi\Documents\SoftwareEngineering\final_year_project\frontend\campuzCart\node_modules\react-native-safe-area-context\android\build\20231007_14373820338875040553.compiler.options
java_class_path (initial): C:\Users\Vutlhari_Mashimbyi\.gradle\caches\modules-2\files-2.1\org.jetbrains.kotlin\kotlin-compiler-embeddable\1.6.20\18f66cca4301c12893ebe4ef47d65c3d9d2bff9b\kotlin-compiler-embeddable-1.6.20.jar;C:\Users\Vutlhari_Mashimbyi\.gradle\caches\modules-2\files-2.1\org.jetbrains.kotlin\kotlin-reflect\1.6.20\669965154723f1a712e8677af0cc5470dfdab81c\kotlin-reflect-1.6.20.jar;C:\Users\Vutlhari_Mashimbyi\.gradle\caches\modules-2\files-2.1\org.jetbrains.kotlin\kotlin-stdlib\1.6.20\6cedc143badbb4f1c6b7f5a340b04edff1743208\kotlin-stdlib-1.6.20.jar;C:\Users\Vutlhari_Mashimbyi\.gradle\caches\modules-2\files-2.1\org.jetbrains.kotlin\kotlin-script-runtime\1.6.20\a115c367e0fd9c8909293b208689afca0c88a6f1\kotlin-script-runtime-1.6.20.jar;C:\Users\Vutlhari_Mashimbyi\.gradle\caches\modules-2\files-2.1\org.jetbrains.kotlin\kotlin-daemon-embeddable\1.6.20\d4cac343029f48f106c57f457384771165d7deb5\kotlin-daemon-embeddable-1.6.20.jar;C:\Users\Vutlhari_Mashimbyi\.gradle\caches\modules-2\files-2.1\org.jetbrains.intellij.deps\trove4j\1.0.20200330\3afb14d5f9ceb459d724e907a21145e8ff394f02\trove4j-1.0.20200330.jar;C:\Users\Vutlhari_Mashimbyi\.gradle\caches\modules-2\files-2.1\net.java.dev.jna\jna\5.6.0\330f2244e9030119ab3030fc3fededc86713d9cc\jna-5.6.0.jar;C:\Users\Vutlhari_Mashimbyi\.gradle\caches\modules-2\files-2.1\org.jetbrains.kotlin\kotlin-stdlib-common\1.6.20\27b4562b6713d70f458c6d7ea39aadacb8e6a92b\kotlin-stdlib-common-1.6.20.jar;C:\Users\Vutlhari_Mashimbyi\.gradle\caches\modules-2\files-2.1\org.jetbrains\annotations\13.0\919f0dfe192fb4e063e7dacadee7f8bb9a2672a9\annotations-13.0.jar
Launcher Type: SUN_STANDARD

[Global flags]
     intx CICompilerCount                          = 4                                         {product} {ergonomic}
     uint ConcGCThreads                            = 2                                         {product} {ergonomic}
     uint G1ConcRefinementThreads                  = 8                                         {product} {ergonomic}
   size_t G1HeapRegionSize                         = 1048576                                   {product} {ergonomic}
    uintx GCDrainStackTargetSize                   = 64                                        {product} {ergonomic}
   size_t InitialHeapSize                          = 100663296                                 {product} {ergonomic}
   size_t MarkStackSize                            = 4194304                                   {product} {ergonomic}
   size_t MaxHeapSize                              = 1598029824                                {product} {ergonomic}
   size_t MaxNewSize                               = 958398464                                 {product} {ergonomic}
   size_t MinHeapDeltaBytes                        = 1048576                                   {product} {ergonomic}
    uintx NonNMethodCodeHeapSize                   = 5836300                                {pd product} {ergonomic}
    uintx NonProfiledCodeHeapSize                  = 122910970                              {pd product} {ergonomic}
    uintx ProfiledCodeHeapSize                     = 122910970                              {pd product} {ergonomic}
    uintx ReservedCodeCacheSize                    = 251658240                              {pd product} {ergonomic}
     bool SegmentedCodeCache                       = true                                      {product} {ergonomic}
     bool UseCompressedClassPointers               = true                                 {lp64_product} {ergonomic}
     bool UseCompressedOops                        = true                                 {lp64_product} {ergonomic}
     bool UseG1GC                                  = true                                      {product} {ergonomic}
     bool UseLargePagesIndividualAllocation        = false                                  {pd product} {ergonomic}

Logging:
Log output configuration:
 #0: stdout all=warning uptime,level,tags
 #1: stderr all=off uptime,level,tags

Environment Variables:
JAVA_HOME=C:\Program Files\OpenJDK\openjdk-11.0.14.1_1
CLASSPATH=C:\Users\Vutlhari_Mashimbyi\Documents\SoftwareEngineering\final_year_project\frontend\campuzCart\android\\gradle\wrapper\gradle-wrapper.jar
PATH=C:\Users\Vutlhari_Mashimbyi\Documents\SoftwareEngineering\final_year_project\frontend\campuzCart\node_modules\.bin;C:\Users\Vutlhari_Mashimbyi\Documents\SoftwareEngineering\final_year_project\frontend\node_modules\.bin;C:\Users\Vutlhari_Mashimbyi\Documents\SoftwareEngineering\final_year_project\node_modules\.bin;C:\Users\Vutlhari_Mashimbyi\Documents\SoftwareEngineering\node_modules\.bin;C:\Users\Vutlhari_Mashimbyi\Documents\node_modules\.bin;C:\Users\Vutlhari_Mashimbyi\node_modules\.bin;C:\Users\node_modules\.bin;C:\node_modules\.bin;C:\Users\Vutlhari_Mashimbyi\AppData\Roaming\npm\node_modules\npm\node_modules\@npmcli\run-script\lib\node-gyp-bin;C:\Program Files\Git\cmd;C:\Program Files\Common Files\Oracle\Java\javapath;C:\Program Files (x86)\Common Files\Oracle\Java\javapath;C:\WINDOWS\system32;C:\WINDOWS;C:\WINDOWS\System32\Wbem;C:\WINDOWS\System32\WindowsPowerShell\v1.0\;C:\WINDOWS\System32\OpenSSH\;C:\ProgramData\chocolatey\bin;C:\Program Files\Java\jdk1.8.0_211\bin;C:\Program Files\OpenJDK\openjdk-11.0.14.1_1\bin;C:\Program Files\Git\cmd;C:\Program Files\MongoDB\Server\5.0\bin;C:\Program Files\MATLAB\R2022a\bin;C:\Program Files (x86)\gsudo\;C:\tools\gsudo\Current;C:\Program Files (x86)\Microsoft SQL Server\160\Tools\Binn\;C:\Program Files\Microsoft SQL Server\160\Tools\Binn\;C:\Program Files\Microsoft SQL Server\Client SDK\ODBC\170\Tools\Binn\;C:\Program Files\Microsoft SQL Server\160\DTS\Binn\;C:\Program Files\Azure Data Studio\bin;C:\Program Files\PuTTY\;C:\Program Files\MySQL\MySQL Server 8.0\bin;C:\Program Files\nodejs\;C:\Users\Vutlhari_Mashimbyi\AppData\Local\Android\Sdk\tools;C:\Program Files\MySQL\MySQL Shell 8.0\bin\;C:\Users\Vutlhari_Mashimbyi\AppData\Local\Programs\Python\Python310\Scripts\;C:\Users\Vutlhari_Mashimbyi\AppData\Local\Programs\Python\Python310\;C:\Users\Vutlhari_Mashimbyi\AppData\Local\Microsoft\WindowsApps;C:\Users\Vutlhari_Mashimbyi\AppData\Local\Programs\Microsoft VS Code\bin;C:\Users\Vutlhari_Mashimbyi\AppData\Local\Android\Sdk\pl
USERNAME=Vutlhari_Mashimbyi
OS=Windows_NT
PROCESSOR_IDENTIFIER=AMD64 Family 23 Model 24 Stepping 1, AuthenticAMD



---------------  S Y S T E M  ---------------

OS: Windows 11 , 64 bit Build 22000 (10.0.22000.2124)
OS uptime: 13 days 4:20 hours
Hyper-V role detected

CPU:total 8 (initial active 8) (8 cores per cpu, 2 threads per core) family 23 model 24 stepping 1 microcode 0x0, cmov, cx8, fxsr, mmx, sse, sse2, sse3, ssse3, sse4.1, sse4.2, popcnt, avx, avx2, aes, clmul, mmxext, 3dnowpref, lzcnt, sse4a, ht, tsc, tscinvbit, tscinv, bmi1, bmi2, adx, sha, fma

Memory: 4k page, system-wide physical 6090M (165M free)
TotalPageFile size 24522M (AvailPageFile size 2M)
current process WorkingSet (physical memory assigned to process): 126M, peak: 128M
current process commit charge ("private bytes"): 228M, peak: 231M

vm_info: OpenJDK 64-Bit Server VM (11.0.14.1+1) for windows-amd64 JRE (11.0.14.1+1), built on Feb  9 2022 18:53:32 by "" with unknown MS VC++:1916

END.
