#
# There is insufficient memory for the Java Runtime Environment to continue.
# Native memory allocation (malloc) failed to allocate 33136 bytes for Chunk::new
# Possible reasons:
#   The system is out of physical RAM or swap space
#   The process is running with CompressedOops enabled, and the Java Heap may be blocking the growth of the native heap
# Possible solutions:
#   Reduce memory load on the system
#   Increase physical memory or swap space
#   Check if swap backing store is full
#   Decrease Java heap size (-Xmx/-Xms)
#   Decrease number of Java threads
#   Decrease Java thread stack sizes (-Xss)
#   Set larger code cache with -XX:ReservedCodeCacheSize=
#   JVM is running with Unscaled Compressed Oops mode in which the Java heap is
#     placed in the first 4GB address space. The Java Heap base address is the
#     maximum limit for the native heap growth. Please use -XX:HeapBaseMinAddress
#     to set the Java Heap base and to place the Java Heap above 4GB virtual address.
# This output file may be truncated or incomplete.
#
#  Out of Memory Error (./src/hotspot/share/memory/arena.cpp:197), pid=25484, tid=13252
#
# JRE version: OpenJDK Runtime Environment 18.9 (11.0.14.1+1) (build 11.0.14.1+1)
# Java VM: OpenJDK 64-Bit Server VM 18.9 (11.0.14.1+1, mixed mode, tiered, compressed oops, g1 gc, windows-amd64)
# No core dump will be written. Minidumps are not enabled by default on client versions of Windows
#

---------------  S U M M A R Y ------------

Command Line: -Xmx64m -Xms64m -Dorg.gradle.appname=gradlew org.gradle.wrapper.GradleWrapperMain app:installDebug -PreactNativeDevServerPort=8081

Host: AMD Ryzen 5 3500U with Radeon Vega Mobile Gfx  , 8 cores, 5G,  Windows 11 , 64 bit Build 22000 (10.0.22000.2124)
Time: Thu Oct 19 00:17:38 2023 South Africa Standard Time elapsed time: 113.832558 seconds (0d 0h 1m 53s)

---------------  T H R E A D  ---------------

Current thread (0x00000213f4854800):  JavaThread "C2 CompilerThread0" daemon [_thread_in_native, id=13252, stack(0x000000c4f3e00000,0x000000c4f3f00000)]


Current CompileTask:
C2: 113832 1657       4       java.lang.AbstractStringBuilder::append (45 bytes)

Stack: [0x000000c4f3e00000,0x000000c4f3f00000]
Native frames: (J=compiled Java code, j=interpreted, Vv=VM code, C=native code)
V  [jvm.dll+0x619a2a]
V  [jvm.dll+0x756479]
V  [jvm.dll+0x757b68]
V  [jvm.dll+0x758243]
V  [jvm.dll+0x24d898]
V  [jvm.dll+0xc145c]
V  [jvm.dll+0xc1a1c]
V  [jvm.dll+0x356cc2]
V  [jvm.dll+0x19cd23]
V  [jvm.dll+0x206d32]
V  [jvm.dll+0x205e0d]
V  [jvm.dll+0x187dd1]
V  [jvm.dll+0x215664]
V  [jvm.dll+0x2138ab]
V  [jvm.dll+0x719160]
V  [jvm.dll+0x7120c4]
V  [jvm.dll+0x618886]
C  [ucrtbase.dll+0x26c0c]
C  [KERNEL32.DLL+0x155a0]
C  [ntdll.dll+0x485b]


---------------  P R O C E S S  ---------------

Threads class SMR info:
_java_thread_list=0x00000213f5be70c0, length=13, elements={
0x00000213e8988000, 0x00000213f47e8800, 0x00000213f47f2000, 0x00000213f484e000,
0x00000213f484f000, 0x00000213f4851800, 0x00000213f4854800, 0x00000213f4858000,
0x00000213f4879800, 0x00000213f4ad2000, 0x00000213f55e6000, 0x00000213f5763800,
0x00000213f5481000
}

Java Threads: ( => current thread )
  0x00000213e8988000 JavaThread "main" [_thread_blocked, id=29384, stack(0x000000c4f3200000,0x000000c4f3300000)]
  0x00000213f47e8800 JavaThread "Reference Handler" daemon [_thread_blocked, id=32676, stack(0x000000c4f3900000,0x000000c4f3a00000)]
  0x00000213f47f2000 JavaThread "Finalizer" daemon [_thread_blocked, id=7548, stack(0x000000c4f3a00000,0x000000c4f3b00000)]
  0x00000213f484e000 JavaThread "Signal Dispatcher" daemon [_thread_blocked, id=1844, stack(0x000000c4f3b00000,0x000000c4f3c00000)]
  0x00000213f484f000 JavaThread "Attach Listener" daemon [_thread_blocked, id=24572, stack(0x000000c4f3c00000,0x000000c4f3d00000)]
  0x00000213f4851800 JavaThread "Service Thread" daemon [_thread_blocked, id=10368, stack(0x000000c4f3d00000,0x000000c4f3e00000)]
=>0x00000213f4854800 JavaThread "C2 CompilerThread0" daemon [_thread_in_native, id=13252, stack(0x000000c4f3e00000,0x000000c4f3f00000)]
  0x00000213f4858000 JavaThread "C1 CompilerThread0" daemon [_thread_in_native, id=3744, stack(0x000000c4f3f00000,0x000000c4f4000000)]
  0x00000213f4879800 JavaThread "Sweeper thread" daemon [_thread_blocked, id=29080, stack(0x000000c4f4000000,0x000000c4f4100000)]
  0x00000213f4ad2000 JavaThread "Common-Cleaner" daemon [_thread_blocked, id=23352, stack(0x000000c4f4200000,0x000000c4f4300000)]
  0x00000213f55e6000 JavaThread "pool-1-thread-1" [_thread_in_native, id=28540, stack(0x000000c4f4400000,0x000000c4f4500000)]
  0x00000213f5763800 JavaThread "DisconnectableInputStream source reader" daemon [_thread_in_native, id=30904, stack(0x000000c4f4600000,0x000000c4f4700000)]
  0x00000213f5481000 JavaThread "Forward input" [_thread_blocked, id=424, stack(0x000000c4f4700000,0x000000c4f4800000)]

Other Threads:
  0x00000213f47c3800 VMThread "VM Thread" [stack: 0x000000c4f3800000,0x000000c4f3900000] [id=22876]
  0x00000213f4ac9800 WatcherThread [stack: 0x000000c4f4100000,0x000000c4f4200000] [id=5320]
  0x00000213e899e800 GCTaskThread "GC Thread#0" [stack: 0x000000c4f3300000,0x000000c4f3400000] [id=16868]
  0x00000213f4e8b800 GCTaskThread "GC Thread#1" [stack: 0x000000c4f4300000,0x000000c4f4400000] [id=8080]
  0x00000213e89a2000 ConcurrentGCThread "G1 Main Marker" [stack: 0x000000c4f3400000,0x000000c4f3500000] [id=27604]
  0x00000213e89a6000 ConcurrentGCThread "G1 Conc#0" [stack: 0x000000c4f3500000,0x000000c4f3600000] [id=28728]
  0x00000213e8a0f000 ConcurrentGCThread "G1 Refine#0" [stack: 0x000000c4f3600000,0x000000c4f3700000] [id=15732]
  0x00000213e8a12000 ConcurrentGCThread "G1 Young RemSet Sampling" [stack: 0x000000c4f3700000,0x000000c4f3800000] [id=17580]

Threads with active compile tasks:
C2 CompilerThread0 114172 1657       4       java.lang.AbstractStringBuilder::append (45 bytes)
C1 CompilerThread0 114172 1658       3       org.gradle.internal.logging.sink.GroupingProgressLogEventGenerator$OperationGroup::flushOutput (197 bytes)

VM state:not at safepoint (normal execution)

VM Mutex/Monitor currently owned by a thread: None

Heap address: 0x00000000fc000000, size: 64 MB, Compressed Oops mode: 32-bit
Narrow klass base: 0x0000000000000000, Narrow klass shift: 3
Compressed class space size: 1073741824 Address: 0x0000000100000000

Heap:
 garbage-first heap   total 65536K, used 33097K [0x00000000fc000000, 0x0000000100000000)
  region size 1024K, 26 young (26624K), 3 survivors (3072K)
 Metaspace       used 16391K, capacity 16684K, committed 16896K, reserved 1064960K
  class space    used 1833K, capacity 1946K, committed 2048K, reserved 1048576K
Heap Regions: E=young(eden), S=young(survivor), O=old, HS=humongous(starts), HC=humongous(continues), CS=collection set, F=free, A=archive, TAMS=top-at-mark-start (previous, next)
|   0|0x00000000fc000000, 0x00000000fc100000, 0x00000000fc100000|100%|HS|  |TAMS 0x00000000fc000000, 0x00000000fc000000| Complete 
|   1|0x00000000fc100000, 0x00000000fc200000, 0x00000000fc200000|100%|HC|  |TAMS 0x00000000fc100000, 0x00000000fc100000| Complete 
|   2|0x00000000fc200000, 0x00000000fc300000, 0x00000000fc300000|100%|HC|  |TAMS 0x00000000fc200000, 0x00000000fc200000| Complete 
|   3|0x00000000fc300000, 0x00000000fc400000, 0x00000000fc400000|100%|HC|  |TAMS 0x00000000fc300000, 0x00000000fc300000| Complete 
|   4|0x00000000fc400000, 0x00000000fc500000, 0x00000000fc500000|100%| O|  |TAMS 0x00000000fc400000, 0x00000000fc400000| Untracked 
|   5|0x00000000fc500000, 0x00000000fc600000, 0x00000000fc600000|100%| O|  |TAMS 0x00000000fc500000, 0x00000000fc500000| Untracked 
|   6|0x00000000fc600000, 0x00000000fc700000, 0x00000000fc700000|100%| O|  |TAMS 0x00000000fc600000, 0x00000000fc600000| Untracked 
|   7|0x00000000fc700000, 0x00000000fc752600, 0x00000000fc800000| 32%| O|  |TAMS 0x00000000fc700000, 0x00000000fc700000| Untracked 
|   8|0x00000000fc800000, 0x00000000fc800000, 0x00000000fc900000|  0%| F|  |TAMS 0x00000000fc800000, 0x00000000fc800000| Untracked 
|   9|0x00000000fc900000, 0x00000000fc900000, 0x00000000fca00000|  0%| F|  |TAMS 0x00000000fc900000, 0x00000000fc900000| Untracked 
|  10|0x00000000fca00000, 0x00000000fca00000, 0x00000000fcb00000|  0%| F|  |TAMS 0x00000000fca00000, 0x00000000fca00000| Untracked 
|  11|0x00000000fcb00000, 0x00000000fcb00000, 0x00000000fcc00000|  0%| F|  |TAMS 0x00000000fcb00000, 0x00000000fcb00000| Untracked 
|  12|0x00000000fcc00000, 0x00000000fcc00000, 0x00000000fcd00000|  0%| F|  |TAMS 0x00000000fcc00000, 0x00000000fcc00000| Untracked 
|  13|0x00000000fcd00000, 0x00000000fcd00000, 0x00000000fce00000|  0%| F|  |TAMS 0x00000000fcd00000, 0x00000000fcd00000| Untracked 
|  14|0x00000000fce00000, 0x00000000fce00000, 0x00000000fcf00000|  0%| F|  |TAMS 0x00000000fce00000, 0x00000000fce00000| Untracked 
|  15|0x00000000fcf00000, 0x00000000fcf00000, 0x00000000fd000000|  0%| F|  |TAMS 0x00000000fcf00000, 0x00000000fcf00000| Untracked 
|  16|0x00000000fd000000, 0x00000000fd000000, 0x00000000fd100000|  0%| F|  |TAMS 0x00000000fd000000, 0x00000000fd000000| Untracked 
|  17|0x00000000fd100000, 0x00000000fd100000, 0x00000000fd200000|  0%| F|  |TAMS 0x00000000fd100000, 0x00000000fd100000| Untracked 
|  18|0x00000000fd200000, 0x00000000fd200000, 0x00000000fd300000|  0%| F|  |TAMS 0x00000000fd200000, 0x00000000fd200000| Untracked 
|  19|0x00000000fd300000, 0x00000000fd300000, 0x00000000fd400000|  0%| F|  |TAMS 0x00000000fd300000, 0x00000000fd300000| Untracked 
|  20|0x00000000fd400000, 0x00000000fd400000, 0x00000000fd500000|  0%| F|  |TAMS 0x00000000fd400000, 0x00000000fd400000| Untracked 
|  21|0x00000000fd500000, 0x00000000fd500000, 0x00000000fd600000|  0%| F|  |TAMS 0x00000000fd500000, 0x00000000fd500000| Untracked 
|  22|0x00000000fd600000, 0x00000000fd600000, 0x00000000fd700000|  0%| F|  |TAMS 0x00000000fd600000, 0x00000000fd600000| Untracked 
|  23|0x00000000fd700000, 0x00000000fd700000, 0x00000000fd800000|  0%| F|  |TAMS 0x00000000fd700000, 0x00000000fd700000| Untracked 
|  24|0x00000000fd800000, 0x00000000fd800000, 0x00000000fd900000|  0%| F|  |TAMS 0x00000000fd800000, 0x00000000fd800000| Untracked 
|  25|0x00000000fd900000, 0x00000000fd900000, 0x00000000fda00000|  0%| F|  |TAMS 0x00000000fd900000, 0x00000000fd900000| Untracked 
|  26|0x00000000fda00000, 0x00000000fda00000, 0x00000000fdb00000|  0%| F|  |TAMS 0x00000000fda00000, 0x00000000fda00000| Untracked 
|  27|0x00000000fdb00000, 0x00000000fdb00000, 0x00000000fdc00000|  0%| F|  |TAMS 0x00000000fdb00000, 0x00000000fdb00000| Untracked 
|  28|0x00000000fdc00000, 0x00000000fdc00000, 0x00000000fdd00000|  0%| F|  |TAMS 0x00000000fdc00000, 0x00000000fdc00000| Untracked 
|  29|0x00000000fdd00000, 0x00000000fdd00000, 0x00000000fde00000|  0%| F|  |TAMS 0x00000000fdd00000, 0x00000000fdd00000| Untracked 
|  30|0x00000000fde00000, 0x00000000fde00000, 0x00000000fdf00000|  0%| F|  |TAMS 0x00000000fde00000, 0x00000000fde00000| Untracked 
|  31|0x00000000fdf00000, 0x00000000fdf00000, 0x00000000fe000000|  0%| F|  |TAMS 0x00000000fdf00000, 0x00000000fdf00000| Untracked 
|  32|0x00000000fe000000, 0x00000000fe000000, 0x00000000fe100000|  0%| F|  |TAMS 0x00000000fe000000, 0x00000000fe000000| Untracked 
|  33|0x00000000fe100000, 0x00000000fe100000, 0x00000000fe200000|  0%| F|  |TAMS 0x00000000fe100000, 0x00000000fe100000| Untracked 
|  34|0x00000000fe200000, 0x00000000fe200000, 0x00000000fe300000|  0%| F|  |TAMS 0x00000000fe200000, 0x00000000fe200000| Untracked 
|  35|0x00000000fe300000, 0x00000000fe300000, 0x00000000fe400000|  0%| F|  |TAMS 0x00000000fe300000, 0x00000000fe300000| Untracked 
|  36|0x00000000fe400000, 0x00000000fe400000, 0x00000000fe500000|  0%| F|  |TAMS 0x00000000fe400000, 0x00000000fe400000| Untracked 
|  37|0x00000000fe500000, 0x00000000fe600000, 0x00000000fe600000|100%| S|CS|TAMS 0x00000000fe500000, 0x00000000fe500000| Complete 
|  38|0x00000000fe600000, 0x00000000fe700000, 0x00000000fe700000|100%| S|CS|TAMS 0x00000000fe600000, 0x00000000fe600000| Complete 
|  39|0x00000000fe700000, 0x00000000fe800000, 0x00000000fe800000|100%| S|CS|TAMS 0x00000000fe700000, 0x00000000fe700000| Complete 
|  40|0x00000000fe800000, 0x00000000fe800000, 0x00000000fe900000|  0%| F|  |TAMS 0x00000000fe800000, 0x00000000fe800000| Untracked 
|  41|0x00000000fe900000, 0x00000000fe9f6480, 0x00000000fea00000| 96%| E|  |TAMS 0x00000000fe900000, 0x00000000fe900000| Complete 
|  42|0x00000000fea00000, 0x00000000feb00000, 0x00000000feb00000|100%| E|CS|TAMS 0x00000000fea00000, 0x00000000fea00000| Complete 
|  43|0x00000000feb00000, 0x00000000fec00000, 0x00000000fec00000|100%| E|CS|TAMS 0x00000000feb00000, 0x00000000feb00000| Complete 
|  44|0x00000000fec00000, 0x00000000fed00000, 0x00000000fed00000|100%| E|CS|TAMS 0x00000000fec00000, 0x00000000fec00000| Complete 
|  45|0x00000000fed00000, 0x00000000fee00000, 0x00000000fee00000|100%| E|CS|TAMS 0x00000000fed00000, 0x00000000fed00000| Complete 
|  46|0x00000000fee00000, 0x00000000fef00000, 0x00000000fef00000|100%| E|CS|TAMS 0x00000000fee00000, 0x00000000fee00000| Complete 
|  47|0x00000000fef00000, 0x00000000ff000000, 0x00000000ff000000|100%| E|CS|TAMS 0x00000000fef00000, 0x00000000fef00000| Complete 
|  48|0x00000000ff000000, 0x00000000ff100000, 0x00000000ff100000|100%| E|CS|TAMS 0x00000000ff000000, 0x00000000ff000000| Complete 
|  49|0x00000000ff100000, 0x00000000ff200000, 0x00000000ff200000|100%| E|CS|TAMS 0x00000000ff100000, 0x00000000ff100000| Complete 
|  50|0x00000000ff200000, 0x00000000ff300000, 0x00000000ff300000|100%| E|CS|TAMS 0x00000000ff200000, 0x00000000ff200000| Complete 
|  51|0x00000000ff300000, 0x00000000ff400000, 0x00000000ff400000|100%| E|CS|TAMS 0x00000000ff300000, 0x00000000ff300000| Complete 
|  52|0x00000000ff400000, 0x00000000ff500000, 0x00000000ff500000|100%| E|CS|TAMS 0x00000000ff400000, 0x00000000ff400000| Complete 
|  53|0x00000000ff500000, 0x00000000ff600000, 0x00000000ff600000|100%| E|CS|TAMS 0x00000000ff500000, 0x00000000ff500000| Complete 
|  54|0x00000000ff600000, 0x00000000ff700000, 0x00000000ff700000|100%| E|CS|TAMS 0x00000000ff600000, 0x00000000ff600000| Complete 
|  55|0x00000000ff700000, 0x00000000ff800000, 0x00000000ff800000|100%| E|CS|TAMS 0x00000000ff700000, 0x00000000ff700000| Complete 
|  56|0x00000000ff800000, 0x00000000ff900000, 0x00000000ff900000|100%| E|CS|TAMS 0x00000000ff800000, 0x00000000ff800000| Complete 
|  57|0x00000000ff900000, 0x00000000ffa00000, 0x00000000ffa00000|100%| E|CS|TAMS 0x00000000ff900000, 0x00000000ff900000| Complete 
|  58|0x00000000ffa00000, 0x00000000ffb00000, 0x00000000ffb00000|100%| E|CS|TAMS 0x00000000ffa00000, 0x00000000ffa00000| Complete 
|  59|0x00000000ffb00000, 0x00000000ffc00000, 0x00000000ffc00000|100%| E|CS|TAMS 0x00000000ffb00000, 0x00000000ffb00000| Complete 
|  60|0x00000000ffc00000, 0x00000000ffd00000, 0x00000000ffd00000|100%| E|CS|TAMS 0x00000000ffc00000, 0x00000000ffc00000| Complete 
|  61|0x00000000ffd00000, 0x00000000ffe00000, 0x00000000ffe00000|100%| E|CS|TAMS 0x00000000ffd00000, 0x00000000ffd00000| Complete 
|  62|0x00000000ffe00000, 0x00000000fff00000, 0x00000000fff00000|100%| E|CS|TAMS 0x00000000ffe00000, 0x00000000ffe00000| Complete 
|  63|0x00000000fff00000, 0x0000000100000000, 0x0000000100000000|100%| E|CS|TAMS 0x00000000fff00000, 0x00000000fff00000| Complete 

Card table byte_map: [0x00000213e6960000,0x00000213e6980000] _byte_map_base: 0x00000213e6180000

Marking Bits (Prev, Next): (CMBitMap*) 0x00000213e89a0fd8, (CMBitMap*) 0x00000213e89a1010
 Prev Bits: [0x00000213f1400000, 0x00000213f1500000)
 Next Bits: [0x00000213f1500000, 0x00000213f1600000)

Polling page: 0x00000213e6910000

Metaspace:

Usage:
  Non-class:     14.39 MB capacity,    14.22 MB ( 99%) used,   156.05 KB (  1%) free+waste,    23.56 KB ( <1%) overhead. 
      Class:      1.90 MB capacity,     1.79 MB ( 94%) used,   101.63 KB (  5%) free+waste,    11.31 KB ( <1%) overhead. 
       Both:     16.29 MB capacity,    16.01 MB ( 98%) used,   257.68 KB (  2%) free+waste,    34.88 KB ( <1%) overhead. 

Virtual space:
  Non-class space:       16.00 MB reserved,      14.50 MB ( 91%) committed 
      Class space:        1.00 GB reserved,       2.00 MB ( <1%) committed 
             Both:        1.02 GB reserved,      16.50 MB (  2%) committed 

Chunk freelists:
   Non-Class:  46.00 KB
       Class:  6.00 KB
        Both:  52.00 KB

MaxMetaspaceSize: 17179869184.00 GB
CompressedClassSpaceSize: 1.00 GB
Initial GC threshold: 20.80 MB
Current GC threshold: 20.80 MB
CDS: off

CodeHeap 'non-profiled nmethods': size=120000Kb used=561Kb max_used=561Kb free=119438Kb
 bounds [0x0000021387ad0000, 0x0000021387d40000, 0x000002138f000000]
CodeHeap 'profiled nmethods': size=120000Kb used=3287Kb max_used=3287Kb free=116712Kb
 bounds [0x00000213805a0000, 0x00000213808e0000, 0x0000021387ad0000]
CodeHeap 'non-nmethods': size=5760Kb used=1164Kb max_used=1183Kb free=4595Kb
 bounds [0x0000021380000000, 0x0000021380270000, 0x00000213805a0000]
 total_blobs=2083 nmethods=1656 adapters=340
 compilation: enabled
              stopped_count=0, restarted_count=0
 full_count=0

Compilation events (20 events):
Event: 91.461 Thread 0x00000213f4858000 nmethod 1647 0x00000213808d3b90 code [0x00000213808d3de0, 0x00000213808d4608]
Event: 94.342 Thread 0x00000213f4858000 1648       1       org.gradle.internal.operations.BuildOperationCategory::isShowHeader (5 bytes)
Event: 94.343 Thread 0x00000213f4858000 nmethod 1648 0x0000021387b5a590 code [0x0000021387b5a740, 0x0000021387b5a7f8]
Event: 95.242 Thread 0x00000213f4858000 1649       1       org.gradle.internal.logging.sink.GroupingProgressLogEventGenerator::access$1000 (5 bytes)
Event: 95.242 Thread 0x00000213f4858000 nmethod 1649 0x0000021387b5a890 code [0x0000021387b5aa40, 0x0000021387b5aad8]
Event: 100.136 Thread 0x00000213f4854800 1650       4       java.util.AbstractList::equals (117 bytes)
Event: 100.154 Thread 0x00000213f4854800 nmethod 1650 0x0000021387b5ab90 code [0x0000021387b5adc0, 0x0000021387b5b618]
Event: 105.833 Thread 0x00000213f4854800 1651       4       java.util.ArrayDeque$DeqIterator::hasNext (13 bytes)
Event: 105.834 Thread 0x00000213f4854800 nmethod 1651 0x0000021387b5be10 code [0x0000021387b5bfa0, 0x0000021387b5c018]
Event: 106.428 Thread 0x00000213f4858000 1652       3       org.gradle.internal.logging.sink.GroupingProgressLogEventGenerator$OperationGroup::shouldForward (42 bytes)
Event: 106.429 Thread 0x00000213f4858000 nmethod 1652 0x00000213808d4890 code [0x00000213808d4aa0, 0x00000213808d4fc8]
Event: 107.033 Thread 0x00000213f4854800 1653       4       java.lang.AbstractStringBuilder::shift (37 bytes)
Event: 107.034 Thread 0x00000213f4854800 nmethod 1653 0x0000021387b5c110 code [0x0000021387b5c2a0, 0x0000021387b5c398]
Event: 108.341 Thread 0x00000213f4858000 1654       3       com.google.common.collect.Iterators$6::transform (11 bytes)
Event: 108.341 Thread 0x00000213f4858000 nmethod 1654 0x00000213808d5190 code [0x00000213808d5340, 0x00000213808d5508]
Event: 108.341 Thread 0x00000213f4858000 1655       3       org.gradle.internal.logging.console.WorkInProgressRenderer$1::apply (9 bytes)
Event: 108.364 Thread 0x00000213f4858000 nmethod 1655 0x00000213808d5610 code [0x00000213808d57e0, 0x00000213808d5a78]
Event: 108.364 Thread 0x00000213f4858000 1656       3       org.gradle.internal.logging.console.WorkInProgressRenderer$1::apply (5 bytes)
Event: 108.364 Thread 0x00000213f4858000 nmethod 1656 0x00000213808d5b90 code [0x00000213808d5d40, 0x00000213808d5e78]
Event: 111.530 Thread 0x00000213f4854800 1657       4       java.lang.AbstractStringBuilder::append (45 bytes)

GC Heap History (2 events):
Event: 2.030 GC heap before
{Heap before GC invocations=0 (full 0):
 garbage-first heap   total 65536K, used 27648K [0x00000000fc000000, 0x0000000100000000)
  region size 1024K, 24 young (24576K), 0 survivors (0K)
 Metaspace       used 10547K, capacity 10788K, committed 11008K, reserved 1058816K
  class space    used 1061K, capacity 1167K, committed 1280K, reserved 1048576K
}
Event: 2.040 GC heap after
{Heap after GC invocations=1 (full 0):
 garbage-first heap   total 65536K, used 10569K [0x00000000fc000000, 0x0000000100000000)
  region size 1024K, 3 young (3072K), 3 survivors (3072K)
 Metaspace       used 10547K, capacity 10788K, committed 11008K, reserved 1058816K
  class space    used 1061K, capacity 1167K, committed 1280K, reserved 1048576K
}

Deoptimization events (20 events):
Event: 2.466 Thread 0x00000213e8988000 Uncommon trap: trap_request=0xffffff4d fr.pc=0x0000021387b2f0f8 relative=0x0000000000000bb8
Event: 2.466 Thread 0x00000213e8988000 Uncommon trap: reason=unstable_if action=reinterpret pc=0x0000021387b2f0f8 method=java.util.concurrent.ConcurrentHashMap.addCount(JI)V @ 7 c2
Event: 2.466 Thread 0x00000213e8988000 DEOPT PACKING pc=0x0000021387b2f0f8 sp=0x000000c4f32f8fd0
Event: 2.466 Thread 0x00000213e8988000 DEOPT UNPACKING pc=0x000002138004a1af sp=0x000000c4f32f8ea0 mode 2
Event: 2.496 Thread 0x00000213e8988000 DEOPT PACKING pc=0x000002138064b5ff sp=0x000000c4f32f82d0
Event: 2.496 Thread 0x00000213e8988000 DEOPT UNPACKING pc=0x000002138004a95e sp=0x000000c4f32f7720 mode 0
Event: 2.662 Thread 0x00000213e8988000 DEOPT PACKING pc=0x00000213806a5bb0 sp=0x000000c4f32f7f90
Event: 2.662 Thread 0x00000213e8988000 DEOPT UNPACKING pc=0x000002138004a95e sp=0x000000c4f32f74a8 mode 0
Event: 2.702 Thread 0x00000213e8988000 Uncommon trap: trap_request=0xffffff4d fr.pc=0x0000021387b2c2f0 relative=0x00000000000001b0
Event: 2.702 Thread 0x00000213e8988000 Uncommon trap: reason=unstable_if action=reinterpret pc=0x0000021387b2c2f0 method=java.util.HashMap.getNode(ILjava/lang/Object;)Ljava/util/HashMap$Node; @ 129 c2
Event: 2.702 Thread 0x00000213e8988000 DEOPT PACKING pc=0x0000021387b2c2f0 sp=0x000000c4f32fa210
Event: 2.702 Thread 0x00000213e8988000 DEOPT UNPACKING pc=0x000002138004a1af sp=0x000000c4f32fa110 mode 2
Event: 4.122 Thread 0x00000213e8988000 Uncommon trap: trap_request=0xffffff4d fr.pc=0x0000021387b04208 relative=0x00000000000005c8
Event: 4.122 Thread 0x00000213e8988000 Uncommon trap: reason=unstable_if action=reinterpret pc=0x0000021387b04208 method=java.lang.AbstractStringBuilder.append(Ljava/lang/String;)Ljava/lang/AbstractStringBuilder; @ 1 c2
Event: 4.122 Thread 0x00000213e8988000 DEOPT PACKING pc=0x0000021387b04208 sp=0x000000c4f32fc1f0
Event: 4.122 Thread 0x00000213e8988000 DEOPT UNPACKING pc=0x000002138004a1af sp=0x000000c4f32fc170 mode 2
Event: 4.122 Thread 0x00000213e8988000 Uncommon trap: trap_request=0xffffff4d fr.pc=0x0000021387b173dc relative=0x000000000000059c
Event: 4.122 Thread 0x00000213e8988000 Uncommon trap: reason=unstable_if action=reinterpret pc=0x0000021387b173dc method=java.lang.AbstractStringBuilder.append(Ljava/lang/String;)Ljava/lang/AbstractStringBuilder; @ 1 c2
Event: 4.122 Thread 0x00000213e8988000 DEOPT PACKING pc=0x0000021387b173dc sp=0x000000c4f32fc190
Event: 4.122 Thread 0x00000213e8988000 DEOPT UNPACKING pc=0x000002138004a1af sp=0x000000c4f32fc178 mode 2

Classes redefined (0 events):
No events

Internal exceptions (14 events):
Event: 0.545 Thread 0x00000213e8988000 Exception <a 'java/lang/NoSuchMethodError'{0x00000000ffc6a450}: 'int java.lang.invoke.DirectMethodHandle$Holder.invokeStaticInit(java.lang.Object, java.lang.Object)'> (0x00000000ffc6a450) thrown at [./src/hotspot/share/interpreter/linkResolver.cpp, line 773]
Event: 0.676 Thread 0x00000213e8988000 Exception <a 'java/lang/NoSuchMethodError'{0x00000000ffb45df8}: 'int java.lang.invoke.DirectMethodHandle$Holder.invokeSpecial(java.lang.Object, java.lang.Object, java.lang.Object, java.lang.Object)'> (0x00000000ffb45df8) thrown at [./src/hotspot/share/interpreter/linkResolver.cpp, line 773]
Event: 0.688 Thread 0x00000213e8988000 Exception <a 'java/lang/NoSuchMethodError'{0x00000000ffb7fb58}: 'int java.lang.invoke.DirectMethodHandle$Holder.invokeSpecialIFC(java.lang.Object, java.lang.Object, int)'> (0x00000000ffb7fb58) thrown at [./src/hotspot/share/interpreter/linkResolver.cpp, line 773]
Event: 1.913 Thread 0x00000213e8988000 Implicit null exception at 0x0000021387b14a75 to 0x0000021387b14c40
Event: 2.022 Thread 0x00000213e8988000 Exception <a 'java/lang/NoClassDefFoundError'{0x00000000fe8cb150}: org/slf4j/impl/StaticMarkerBinder> (0x00000000fe8cb150) thrown at [./src/hotspot/share/classfile/systemDictionary.cpp, line 219]
Event: 2.077 Thread 0x00000213e8988000 Exception <a 'java/lang/NoSuchMethodError'{0x00000000fffcee50}: 'java.lang.Object java.lang.invoke.DirectMethodHandle$Holder.invokeVirtual(java.lang.Object, java.lang.Object, java.lang.Object, java.lang.Object, java.lang.Object, java.lang.Object, java.lang.Object)'> (0x00000000fffcee50) thrown at [./src/hotspot/share/interpreter/linkResolver.cpp, line 773]
Event: 2.081 Thread 0x00000213e8988000 Exception <a 'java/lang/NoSuchMethodError'{0x00000000fffe2ba0}: 'java.lang.Object java.lang.invoke.Invokers$Holder.invoker(java.lang.Object, java.lang.Object, java.lang.Object)'> (0x00000000fffe2ba0) thrown at [./src/hotspot/share/interpreter/linkResolver.cpp, line 773]
Event: 2.089 Thread 0x00000213e8988000 Exception <a 'java/lang/NoSuchMethodError'{0x00000000ffff37b8}: 'void java.lang.invoke.DelegatingMethodHandle$Holder.delegate(java.lang.Object, java.lang.Object, int, java.lang.Object)'> (0x00000000ffff37b8) thrown at [./src/hotspot/share/interpreter/linkResolver.cpp, line 773]
Event: 2.581 Thread 0x00000213e8988000 Exception <a 'java/lang/NoSuchMethodError'{0x00000000ff317520}: 'java.lang.Object java.lang.invoke.DirectMethodHandle$Holder.invokeStaticInit(java.lang.Object, java.lang.Object, java.lang.Object)'> (0x00000000ff317520) thrown at [./src/hotspot/share/interpreter/linkResolver.cpp, line 773]
Event: 2.739 Thread 0x00000213e8988000 Exception <a 'java/lang/NoSuchMethodError'{0x00000000feff7008}: 'java.lang.Object java.lang.invoke.DirectMethodHandle$Holder.invokeStaticInit(java.lang.Object, int, int, int, int)'> (0x00000000feff7008) thrown at [./src/hotspot/share/interpreter/linkResolver.cpp, line 773]
Event: 3.505 Thread 0x00000213e8988000 Exception <a 'java/lang/NoSuchMethodError'{0x00000000fee47080}: 'java.lang.Object java.lang.invoke.DirectMethodHandle$Holder.invokeStaticInit(java.lang.Object, java.lang.Object, int, int, int, int)'> (0x00000000fee47080) thrown at [./src/hotspot/share/interpreter/linkResolver.cpp, line 773]
Event: 4.118 Thread 0x00000213e8988000 Exception <a 'java/lang/NoSuchMethodError'{0x00000000fed10850}: 'void java.lang.invoke.DirectMethodHandle$Holder.invokeSpecial(java.lang.Object, java.lang.Object)'> (0x00000000fed10850) thrown at [./src/hotspot/share/interpreter/linkResolver.cpp, line 773]
Event: 4.122 Thread 0x00000213e8988000 Implicit null exception at 0x0000021387b03c74 to 0x0000021387b041f0
Event: 4.122 Thread 0x00000213e8988000 Implicit null exception at 0x0000021387b16e74 to 0x0000021387b173c4

Events (20 events):
Event: 68.895 loading class java/io/ObjectInputFilter$Config
Event: 68.896 loading class java/io/ObjectInputFilter$Config done
Event: 68.897 loading class java/io/ObjectInputFilter
Event: 68.897 loading class java/io/ObjectInputFilter done
Event: 68.899 loading class jdk/internal/misc/JavaObjectInputFilterAccess
Event: 68.899 loading class jdk/internal/misc/JavaObjectInputFilterAccess done
Event: 68.899 loading class java/io/Bits
Event: 68.901 loading class java/io/Bits done
Event: 68.901 loading class org/gradle/internal/serialize/ExceptionReplacingObjectInputStream$1
Event: 68.901 loading class org/gradle/internal/serialize/ExceptionReplacingObjectInputStream$1 done
Event: 68.951 loading class com/google/common/base/Objects
Event: 68.951 loading class com/google/common/base/Objects done
Event: 68.954 loading class com/google/common/base/ExtraObjectsMethodsForWeb
Event: 68.954 loading class com/google/common/base/ExtraObjectsMethodsForWeb done
Event: 69.880 loading class org/gradle/internal/logging/text/AbstractLineChoppingStyledTextOutput$StateContext
Event: 69.880 loading class org/gradle/internal/logging/text/AbstractLineChoppingStyledTextOutput$StateContext done
Event: 70.005 loading class org/gradle/internal/logging/console/DefaultTextArea$2
Event: 70.005 loading class org/gradle/internal/logging/console/DefaultTextArea$2 done
Event: 70.011 loading class org/gradle/internal/logging/console/DefaultTextArea$2$1
Event: 70.011 loading class org/gradle/internal/logging/console/DefaultTextArea$2$1 done


Dynamic libraries:
0x00007ff605360000 - 0x00007ff60536d000 	C:\Program Files\OpenJDK\openjdk-11.0.14.1_1\bin\java.exe
0x00007ffe388e0000 - 0x00007ffe38ae9000 	C:\WINDOWS\SYSTEM32\ntdll.dll
0x00007ffe37740000 - 0x00007ffe377fe000 	C:\WINDOWS\System32\KERNEL32.DLL
0x00007ffe35e30000 - 0x00007ffe361b4000 	C:\WINDOWS\System32\KERNELBASE.dll
0x00007ffe361c0000 - 0x00007ffe362d1000 	C:\WINDOWS\System32\ucrtbase.dll
0x00007ffe18a00000 - 0x00007ffe18a15000 	C:\Program Files\OpenJDK\openjdk-11.0.14.1_1\bin\VCRUNTIME140.dll
0x00007ffe181b0000 - 0x00007ffe181c7000 	C:\Program Files\OpenJDK\openjdk-11.0.14.1_1\bin\jli.dll
0x00007ffe37a90000 - 0x00007ffe37c3d000 	C:\WINDOWS\System32\USER32.dll
0x00007ffe1a740000 - 0x00007ffe1a9e5000 	C:\WINDOWS\WinSxS\amd64_microsoft.windows.common-controls_6595b64144ccf1df_6.0.22000.120_none_9d947278b86cc467\COMCTL32.dll
0x00007ffe364f0000 - 0x00007ffe36516000 	C:\WINDOWS\System32\win32u.dll
0x00007ffe36cf0000 - 0x00007ffe36d93000 	C:\WINDOWS\System32\msvcrt.dll
0x00007ffe36cc0000 - 0x00007ffe36cea000 	C:\WINDOWS\System32\GDI32.dll
0x00007ffe36610000 - 0x00007ffe3672f000 	C:\WINDOWS\System32\gdi32full.dll
0x00007ffe36450000 - 0x00007ffe364ed000 	C:\WINDOWS\System32\msvcp_win.dll
0x00007ffe36890000 - 0x00007ffe368c1000 	C:\WINDOWS\System32\IMM32.DLL
0x00007ffdf1290000 - 0x00007ffdf132b000 	C:\Program Files\OpenJDK\openjdk-11.0.14.1_1\bin\msvcp140.dll
0x00007ffdea710000 - 0x00007ffdeb21d000 	C:\Program Files\OpenJDK\openjdk-11.0.14.1_1\bin\server\jvm.dll
0x00007ffe36730000 - 0x00007ffe367df000 	C:\WINDOWS\System32\ADVAPI32.dll
0x00007ffe37960000 - 0x00007ffe379fe000 	C:\WINDOWS\System32\sechost.dll
0x00007ffe386f0000 - 0x00007ffe38811000 	C:\WINDOWS\System32\RPCRT4.dll
0x00007ffe36c50000 - 0x00007ffe36c58000 	C:\WINDOWS\System32\PSAPI.DLL
0x00007ffe2e2c0000 - 0x00007ffe2e2c9000 	C:\WINDOWS\SYSTEM32\WSOCK32.dll
0x00007ffe378f0000 - 0x00007ffe3795f000 	C:\WINDOWS\System32\WS2_32.dll
0x00007ffe310b0000 - 0x00007ffe310ba000 	C:\WINDOWS\SYSTEM32\VERSION.dll
0x00007ffe312e0000 - 0x00007ffe31313000 	C:\WINDOWS\SYSTEM32\WINMM.dll
0x00007ffe34da0000 - 0x00007ffe34db8000 	C:\WINDOWS\SYSTEM32\kernel.appcore.dll
0x00007ffe31f00000 - 0x00007ffe31f10000 	C:\Program Files\OpenJDK\openjdk-11.0.14.1_1\bin\verify.dll
0x00007ffe20bd0000 - 0x00007ffe20df1000 	C:\WINDOWS\SYSTEM32\DBGHELP.DLL
0x00007ffe20af0000 - 0x00007ffe20b21000 	C:\WINDOWS\SYSTEM32\dbgcore.DLL
0x00007ffe36590000 - 0x00007ffe3660f000 	C:\WINDOWS\System32\bcryptPrimitives.dll
0x00007ffe0ffe0000 - 0x00007ffe10008000 	C:\Program Files\OpenJDK\openjdk-11.0.14.1_1\bin\java.dll
0x00007ffe2a800000 - 0x00007ffe2a80a000 	C:\Program Files\OpenJDK\openjdk-11.0.14.1_1\bin\jimage.dll
0x00007ffe17e10000 - 0x00007ffe17e28000 	C:\Program Files\OpenJDK\openjdk-11.0.14.1_1\bin\zip.dll
0x00007ffe37c40000 - 0x00007ffe38405000 	C:\WINDOWS\System32\SHELL32.dll
0x00007ffe33e00000 - 0x00007ffe34662000 	C:\WINDOWS\SYSTEM32\windows.storage.dll
0x00007ffe368d0000 - 0x00007ffe36c46000 	C:\WINDOWS\System32\combase.dll
0x00007ffe33c90000 - 0x00007ffe33df7000 	C:\WINDOWS\SYSTEM32\wintypes.dll
0x00007ffe36fb0000 - 0x00007ffe3709a000 	C:\WINDOWS\System32\SHCORE.dll
0x00007ffe36c60000 - 0x00007ffe36cbd000 	C:\WINDOWS\System32\shlwapi.dll
0x00007ffe35ca0000 - 0x00007ffe35cc5000 	C:\WINDOWS\SYSTEM32\profapi.dll
0x00007ffe0fe50000 - 0x00007ffe0fe69000 	C:\Program Files\OpenJDK\openjdk-11.0.14.1_1\bin\net.dll
0x00007ffe30940000 - 0x00007ffe30a54000 	C:\WINDOWS\SYSTEM32\WINHTTP.dll
0x00007ffe35250000 - 0x00007ffe352b7000 	C:\WINDOWS\system32\mswsock.dll
0x00007ffe0fe30000 - 0x00007ffe0fe43000 	C:\Program Files\OpenJDK\openjdk-11.0.14.1_1\bin\nio.dll
0x00007ffe0a390000 - 0x00007ffe0a3b7000 	C:\Users\Vutlhari_Mashimbyi\.gradle\native\68d5fa5c4cc2d200863cafc0d521ce42e7d3e7ee720ec0a83991735586a16f82\windows-amd64\native-platform.dll
0x00007ffe31f10000 - 0x00007ffe31f1a000 	C:\Users\Vutlhari_Mashimbyi\.gradle\native\jansi\1.18\windows64\jansi.dll
0x00007ffe181a0000 - 0x00007ffe181a9000 	C:\Program Files\OpenJDK\openjdk-11.0.14.1_1\bin\management.dll
0x00007ffe18160000 - 0x00007ffe1816b000 	C:\Program Files\OpenJDK\openjdk-11.0.14.1_1\bin\management_ext.dll
0x00007ffe35460000 - 0x00007ffe35478000 	C:\WINDOWS\SYSTEM32\CRYPTSP.dll
0x00007ffe34d00000 - 0x00007ffe34d35000 	C:\WINDOWS\system32\rsaenh.dll
0x00007ffe35310000 - 0x00007ffe3533c000 	C:\WINDOWS\SYSTEM32\USERENV.dll
0x00007ffe35650000 - 0x00007ffe35677000 	C:\WINDOWS\SYSTEM32\bcrypt.dll
0x00007ffe35480000 - 0x00007ffe3548c000 	C:\WINDOWS\SYSTEM32\CRYPTBASE.dll
0x00007ffe348c0000 - 0x00007ffe348ed000 	C:\WINDOWS\SYSTEM32\IPHLPAPI.DLL
0x00007ffe36e00000 - 0x00007ffe36e09000 	C:\WINDOWS\System32\NSI.dll
0x00007ffe308a0000 - 0x00007ffe308b9000 	C:\WINDOWS\SYSTEM32\dhcpcsvc6.DLL
0x00007ffe31e50000 - 0x00007ffe31e6e000 	C:\WINDOWS\SYSTEM32\dhcpcsvc.DLL
0x00007ffe348f0000 - 0x00007ffe349d7000 	C:\WINDOWS\SYSTEM32\DNSAPI.dll

dbghelp: loaded successfully - version: 4.0.5 - missing functions: none
symbol engine: initialized successfully - sym options: 0x614 - pdb path: .;C:\Program Files\OpenJDK\openjdk-11.0.14.1_1\bin;C:\WINDOWS\SYSTEM32;C:\WINDOWS\WinSxS\amd64_microsoft.windows.common-controls_6595b64144ccf1df_6.0.22000.120_none_9d947278b86cc467;C:\Program Files\OpenJDK\openjdk-11.0.14.1_1\bin\server;C:\Users\Vutlhari_Mashimbyi\.gradle\native\68d5fa5c4cc2d200863cafc0d521ce42e7d3e7ee720ec0a83991735586a16f82\windows-amd64;C:\Users\Vutlhari_Mashimbyi\.gradle\native\jansi\1.18\windows64

VM Arguments:
jvm_args: -Xmx64m -Xms64m -Dorg.gradle.appname=gradlew 
java_command: org.gradle.wrapper.GradleWrapperMain app:installDebug -PreactNativeDevServerPort=8081
java_class_path (initial): C:\Users\Vutlhari_Mashimbyi\Documents\SoftwareEngineering\final_year_project\frontend\campuzCart\android\\gradle\wrapper\gradle-wrapper.jar
Launcher Type: SUN_STANDARD

[Global flags]
     intx CICompilerCount                          = 4                                         {product} {ergonomic}
     uint ConcGCThreads                            = 2                                         {product} {ergonomic}
     uint G1ConcRefinementThreads                  = 8                                         {product} {ergonomic}
   size_t G1HeapRegionSize                         = 1048576                                   {product} {ergonomic}
    uintx GCDrainStackTargetSize                   = 64                                        {product} {ergonomic}
   size_t InitialHeapSize                          = 67108864                                  {product} {command line}
   size_t MarkStackSize                            = 4194304                                   {product} {ergonomic}
   size_t MaxHeapSize                              = 67108864                                  {product} {command line}
   size_t MaxNewSize                               = 39845888                                  {product} {ergonomic}
   size_t MinHeapDeltaBytes                        = 1048576                                   {product} {ergonomic}
    uintx NonNMethodCodeHeapSize                   = 5836300                                {pd product} {ergonomic}
    uintx NonProfiledCodeHeapSize                  = 122910970                              {pd product} {ergonomic}
    uintx ProfiledCodeHeapSize                     = 122910970                              {pd product} {ergonomic}
    uintx ReservedCodeCacheSize                    = 251658240                              {pd product} {ergonomic}
     bool SegmentedCodeCache                       = true                                      {product} {ergonomic}
     bool UseCompressedClassPointers               = true                                 {lp64_product} {ergonomic}
     bool UseCompressedOops                        = true                                 {lp64_product} {ergonomic}
     bool UseG1GC                                  = true                                      {product} {ergonomic}
     bool UseLargePagesIndividualAllocation        = false                                  {pd product} {ergonomic}

Logging:
Log output configuration:
 #0: stdout all=warning uptime,level,tags
 #1: stderr all=off uptime,level,tags

Environment Variables:
JAVA_HOME=C:\Program Files\OpenJDK\openjdk-11.0.14.1_1
CLASSPATH=C:\Users\Vutlhari_Mashimbyi\Documents\SoftwareEngineering\final_year_project\frontend\campuzCart\android\\gradle\wrapper\gradle-wrapper.jar
PATH=C:\Users\Vutlhari_Mashimbyi\Documents\SoftwareEngineering\final_year_project\frontend\campuzCart\node_modules\.bin;C:\Users\Vutlhari_Mashimbyi\Documents\SoftwareEngineering\final_year_project\frontend\node_modules\.bin;C:\Users\Vutlhari_Mashimbyi\Documents\SoftwareEngineering\final_year_project\node_modules\.bin;C:\Users\Vutlhari_Mashimbyi\Documents\SoftwareEngineering\node_modules\.bin;C:\Users\Vutlhari_Mashimbyi\Documents\node_modules\.bin;C:\Users\Vutlhari_Mashimbyi\node_modules\.bin;C:\Users\node_modules\.bin;C:\node_modules\.bin;C:\Users\Vutlhari_Mashimbyi\AppData\Roaming\npm\node_modules\npm\node_modules\@npmcli\run-script\lib\node-gyp-bin;C:\Program Files\Git\cmd;C:\Program Files\Common Files\Oracle\Java\javapath;C:\Program Files (x86)\Common Files\Oracle\Java\javapath;C:\WINDOWS\system32;C:\WINDOWS;C:\WINDOWS\System32\Wbem;C:\WINDOWS\System32\WindowsPowerShell\v1.0\;C:\WINDOWS\System32\OpenSSH\;C:\ProgramData\chocolatey\bin;C:\Program Files\Java\jdk1.8.0_211\bin;C:\Program Files\OpenJDK\openjdk-11.0.14.1_1\bin;C:\Program Files\Git\cmd;C:\Program Files\MongoDB\Server\5.0\bin;C:\Program Files\MATLAB\R2022a\bin;C:\Program Files (x86)\gsudo\;C:\tools\gsudo\Current;C:\Program Files (x86)\Microsoft SQL Server\160\Tools\Binn\;C:\Program Files\Microsoft SQL Server\160\Tools\Binn\;C:\Program Files\Microsoft SQL Server\Client SDK\ODBC\170\Tools\Binn\;C:\Program Files\Microsoft SQL Server\160\DTS\Binn\;C:\Program Files\Azure Data Studio\bin;C:\Program Files\PuTTY\;C:\Program Files\MySQL\MySQL Server 8.0\bin;C:\Program Files\nodejs\;C:\Program Files\Amazon\AWSCLIV2\;C:\Program Files\Docker\Docker\resources\bin;C:\Users\Vutlhari_Mashimbyi\AppData\Local\Android\Sdk\tools;C:\Program Files\MySQL\MySQL Shell 8.0\bin\;C:\Users\Vutlhari_Mashimbyi\AppData\Local\Programs\Python\Python310\Scripts\;C:\Users\Vutlhari_Mashimbyi\AppData\Local\Programs\Python\Python310\;C:\Users\Vutlhari_Mashimbyi\AppData\Local\Microsoft\WindowsApps;C:\Users\Vutlhari_Mashimbyi\AppData\Local\Programs
USERNAME=Vutlhari_Mashimbyi
OS=Windows_NT
PROCESSOR_IDENTIFIER=AMD64 Family 23 Model 24 Stepping 1, AuthenticAMD



---------------  S Y S T E M  ---------------

OS: Windows 11 , 64 bit Build 22000 (10.0.22000.2124)
OS uptime: 8 days 11:46 hours
Hyper-V role detected

CPU:total 8 (initial active 8) (8 cores per cpu, 2 threads per core) family 23 model 24 stepping 1 microcode 0x0, cmov, cx8, fxsr, mmx, sse, sse2, sse3, ssse3, sse4.1, sse4.2, popcnt, avx, avx2, aes, clmul, mmxext, 3dnowpref, lzcnt, sse4a, ht, tsc, tscinvbit, tscinv, bmi1, bmi2, adx, sha, fma

Memory: 4k page, system-wide physical 6090M (344M free)
TotalPageFile size 24522M (AvailPageFile size 160M)
current process WorkingSet (physical memory assigned to process): 28M, peak: 93M
current process commit charge ("private bytes"): 160M, peak: 166M

vm_info: OpenJDK 64-Bit Server VM (11.0.14.1+1) for windows-amd64 JRE (11.0.14.1+1), built on Feb  9 2022 18:53:32 by "" with unknown MS VC++:1916

END.
